{"C:\\Users\\JoshR\\Desktop\\Rent-a-Ride\\frontend\\src\\App.js": {"path":"C:\\Users\\JoshR\\Desktop\\Rent-a-Ride\\frontend\\src\\App.js","statementMap":{"0":{"start":{"line":34,"column":12},"end":{"line":44,"column":1}},"1":{"start":{"line":35,"column":4},"end":{"line":43,"column":6}},"2":{"start":{"line":46,"column":16},"end":{"line":316,"column":1}},"3":{"start":{"line":47,"column":21},"end":{"line":47,"column":34}},"4":{"start":{"line":48,"column":21},"end":{"line":48,"column":34}},"5":{"start":{"line":49,"column":35},"end":{"line":49,"column":55}},"6":{"start":{"line":50,"column":28},"end":{"line":50,"column":86}},"7":{"start":{"line":51,"column":52},"end":{"line":51,"column":67}},"8":{"start":{"line":62,"column":8},"end":{"line":62,"column":22}},"9":{"start":{"line":64,"column":71},"end":{"line":64,"column":88}},"10":{"start":{"line":67,"column":28},"end":{"line":67,"column":59}},"11":{"start":{"line":67,"column":42},"end":{"line":67,"column":49}},"12":{"start":{"line":69,"column":4},"end":{"line":86,"column":11}},"13":{"start":{"line":70,"column":30},"end":{"line":83,"column":9}},"14":{"start":{"line":71,"column":32},"end":{"line":71,"column":42}},"15":{"start":{"line":72,"column":12},"end":{"line":72,"column":37}},"16":{"start":{"line":72,"column":30},"end":{"line":72,"column":37}},"17":{"start":{"line":74,"column":12},"end":{"line":82,"column":13}},"18":{"start":{"line":75,"column":16},"end":{"line":75,"column":36}},"19":{"start":{"line":77,"column":32},"end":{"line":77,"column":45}},"20":{"start":{"line":78,"column":16},"end":{"line":81,"column":17}},"21":{"start":{"line":79,"column":20},"end":{"line":79,"column":47}},"22":{"start":{"line":80,"column":20},"end":{"line":80,"column":37}},"23":{"start":{"line":85,"column":8},"end":{"line":85,"column":24}},"24":{"start":{"line":89,"column":4},"end":{"line":98,"column":27}},"25":{"start":{"line":90,"column":35},"end":{"line":94,"column":9}},"26":{"start":{"line":91,"column":12},"end":{"line":93,"column":13}},"27":{"start":{"line":92,"column":16},"end":{"line":92,"column":43}},"28":{"start":{"line":96,"column":8},"end":{"line":96,"column":67}},"29":{"start":{"line":97,"column":8},"end":{"line":97,"column":83}},"30":{"start":{"line":97,"column":21},"end":{"line":97,"column":82}},"31":{"start":{"line":100,"column":25},"end":{"line":108,"column":5}},"32":{"start":{"line":101,"column":8},"end":{"line":101,"column":25}},"33":{"start":{"line":102,"column":8},"end":{"line":102,"column":28}},"34":{"start":{"line":103,"column":8},"end":{"line":103,"column":22}},"35":{"start":{"line":104,"column":8},"end":{"line":104,"column":35}},"36":{"start":{"line":105,"column":8},"end":{"line":107,"column":9}},"37":{"start":{"line":106,"column":12},"end":{"line":106,"column":52}},"38":{"start":{"line":110,"column":31},"end":{"line":131,"column":5}},"39":{"start":{"line":111,"column":8},"end":{"line":111,"column":27}},"40":{"start":{"line":112,"column":24},"end":{"line":112,"column":37}},"41":{"start":{"line":113,"column":8},"end":{"line":113,"column":32}},"42":{"start":{"line":114,"column":8},"end":{"line":114,"column":25}},"43":{"start":{"line":115,"column":8},"end":{"line":115,"column":35}},"44":{"start":{"line":118,"column":8},"end":{"line":118,"column":26}},"45":{"start":{"line":121,"column":8},"end":{"line":123,"column":11}},"46":{"start":{"line":126,"column":33},"end":{"line":126,"column":54}},"47":{"start":{"line":127,"column":8},"end":{"line":130,"column":9}},"48":{"start":{"line":128,"column":12},"end":{"line":128,"column":39}},"49":{"start":{"line":129,"column":12},"end":{"line":129,"column":36}},"50":{"start":{"line":133,"column":29},"end":{"line":135,"column":5}},"51":{"start":{"line":134,"column":8},"end":{"line":134,"column":29}},"52":{"start":{"line":137,"column":28},"end":{"line":139,"column":5}},"53":{"start":{"line":138,"column":8},"end":{"line":138,"column":35}},"54":{"start":{"line":141,"column":4},"end":{"line":315,"column":6}},"55":{"start":{"line":160,"column":41},"end":{"line":160,"column":60}},"56":{"start":{"line":161,"column":41},"end":{"line":161,"column":75}},"57":{"start":{"line":204,"column":39},"end":{"line":204,"column":77}},"58":{"start":{"line":223,"column":44},"end":{"line":223,"column":78}},"59":{"start":{"line":224,"column":44},"end":{"line":224,"column":62}},"60":{"start":{"line":232,"column":44},"end":{"line":232,"column":64}},"61":{"start":{"line":233,"column":44},"end":{"line":233,"column":62}},"62":{"start":{"line":260,"column":44},"end":{"line":260,"column":59}},"63":{"start":{"line":261,"column":44},"end":{"line":261,"column":62}}},"fnMap":{"0":{"name":"(anonymous_0)","decl":{"start":{"line":34,"column":12},"end":{"line":34,"column":13}},"loc":{"start":{"line":34,"column":18},"end":{"line":44,"column":1}},"line":34},"1":{"name":"(anonymous_1)","decl":{"start":{"line":46,"column":16},"end":{"line":46,"column":17}},"loc":{"start":{"line":46,"column":22},"end":{"line":316,"column":1}},"line":46},"2":{"name":"(anonymous_2)","decl":{"start":{"line":67,"column":36},"end":{"line":67,"column":37}},"loc":{"start":{"line":67,"column":42},"end":{"line":67,"column":49}},"line":67},"3":{"name":"(anonymous_3)","decl":{"start":{"line":69,"column":14},"end":{"line":69,"column":15}},"loc":{"start":{"line":69,"column":20},"end":{"line":86,"column":5}},"line":69},"4":{"name":"(anonymous_4)","decl":{"start":{"line":70,"column":30},"end":{"line":70,"column":31}},"loc":{"start":{"line":70,"column":36},"end":{"line":83,"column":9}},"line":70},"5":{"name":"(anonymous_5)","decl":{"start":{"line":89,"column":14},"end":{"line":89,"column":15}},"loc":{"start":{"line":89,"column":20},"end":{"line":98,"column":5}},"line":89},"6":{"name":"(anonymous_6)","decl":{"start":{"line":90,"column":35},"end":{"line":90,"column":36}},"loc":{"start":{"line":90,"column":46},"end":{"line":94,"column":9}},"line":90},"7":{"name":"(anonymous_7)","decl":{"start":{"line":97,"column":15},"end":{"line":97,"column":16}},"loc":{"start":{"line":97,"column":21},"end":{"line":97,"column":82}},"line":97},"8":{"name":"(anonymous_8)","decl":{"start":{"line":100,"column":25},"end":{"line":100,"column":26}},"loc":{"start":{"line":100,"column":54},"end":{"line":108,"column":5}},"line":100},"9":{"name":"(anonymous_9)","decl":{"start":{"line":110,"column":31},"end":{"line":110,"column":32}},"loc":{"start":{"line":110,"column":45},"end":{"line":131,"column":5}},"line":110},"10":{"name":"(anonymous_10)","decl":{"start":{"line":133,"column":29},"end":{"line":133,"column":30}},"loc":{"start":{"line":133,"column":46},"end":{"line":135,"column":5}},"line":133},"11":{"name":"(anonymous_11)","decl":{"start":{"line":137,"column":28},"end":{"line":137,"column":29}},"loc":{"start":{"line":137,"column":34},"end":{"line":139,"column":5}},"line":137},"12":{"name":"(anonymous_12)","decl":{"start":{"line":159,"column":46},"end":{"line":159,"column":47}},"loc":{"start":{"line":159,"column":53},"end":{"line":162,"column":38}},"line":159},"13":{"name":"(anonymous_13)","decl":{"start":{"line":204,"column":33},"end":{"line":204,"column":34}},"loc":{"start":{"line":204,"column":39},"end":{"line":204,"column":77}},"line":204},"14":{"name":"(anonymous_14)","decl":{"start":{"line":222,"column":49},"end":{"line":222,"column":50}},"loc":{"start":{"line":222,"column":55},"end":{"line":225,"column":41}},"line":222},"15":{"name":"(anonymous_15)","decl":{"start":{"line":231,"column":49},"end":{"line":231,"column":50}},"loc":{"start":{"line":231,"column":55},"end":{"line":234,"column":41}},"line":231},"16":{"name":"(anonymous_16)","decl":{"start":{"line":259,"column":49},"end":{"line":259,"column":50}},"loc":{"start":{"line":259,"column":55},"end":{"line":262,"column":41}},"line":259}},"branchMap":{"0":{"loc":{"start":{"line":50,"column":37},"end":{"line":50,"column":85}},"type":"binary-expr","locations":[{"start":{"line":50,"column":37},"end":{"line":50,"column":77}},{"start":{"line":50,"column":81},"end":{"line":50,"column":85}}],"line":50},"1":{"loc":{"start":{"line":72,"column":12},"end":{"line":72,"column":37}},"type":"if","locations":[{"start":{"line":72,"column":12},"end":{"line":72,"column":37}},{"start":{},"end":{}}],"line":72},"2":{"loc":{"start":{"line":74,"column":12},"end":{"line":82,"column":13}},"type":"if","locations":[{"start":{"line":74,"column":12},"end":{"line":82,"column":13}},{"start":{"line":76,"column":19},"end":{"line":82,"column":13}}],"line":74},"3":{"loc":{"start":{"line":78,"column":16},"end":{"line":81,"column":17}},"type":"if","locations":[{"start":{"line":78,"column":16},"end":{"line":81,"column":17}},{"start":{},"end":{}}],"line":78},"4":{"loc":{"start":{"line":91,"column":12},"end":{"line":93,"column":13}},"type":"if","locations":[{"start":{"line":91,"column":12},"end":{"line":93,"column":13}},{"start":{},"end":{}}],"line":91},"5":{"loc":{"start":{"line":91,"column":16},"end":{"line":91,"column":68}},"type":"binary-expr","locations":[{"start":{"line":91,"column":16},"end":{"line":91,"column":32}},{"start":{"line":91,"column":36},"end":{"line":91,"column":68}}],"line":91},"6":{"loc":{"start":{"line":100,"column":26},"end":{"line":100,"column":49}},"type":"default-arg","locations":[{"start":{"line":100,"column":45},"end":{"line":100,"column":49}}],"line":100},"7":{"loc":{"start":{"line":105,"column":8},"end":{"line":107,"column":9}},"type":"if","locations":[{"start":{"line":105,"column":8},"end":{"line":107,"column":9}},{"start":{},"end":{}}],"line":105},"8":{"loc":{"start":{"line":127,"column":8},"end":{"line":130,"column":9}},"type":"if","locations":[{"start":{"line":127,"column":8},"end":{"line":130,"column":9}},{"start":{},"end":{}}],"line":127},"9":{"loc":{"start":{"line":127,"column":12},"end":{"line":127,"column":56}},"type":"binary-expr","locations":[{"start":{"line":127,"column":12},"end":{"line":127,"column":28}},{"start":{"line":127,"column":32},"end":{"line":127,"column":56}}],"line":127},"10":{"loc":{"start":{"line":155,"column":26},"end":{"line":198,"column":25}},"type":"cond-expr","locations":[{"start":{"line":156,"column":29},"end":{"line":173,"column":32}},{"start":{"line":175,"column":29},"end":{"line":197,"column":31}}],"line":155},"11":{"loc":{"start":{"line":176,"column":34},"end":{"line":183,"column":34}},"type":"binary-expr","locations":[{"start":{"line":176,"column":34},"end":{"line":176,"column":56}},{"start":{"line":177,"column":37},"end":{"line":182,"column":44}}],"line":176},"12":{"loc":{"start":{"line":188,"column":38},"end":{"line":188,"column":62}},"type":"binary-expr","locations":[{"start":{"line":188,"column":38},"end":{"line":188,"column":52}},{"start":{"line":188,"column":56},"end":{"line":188,"column":62}}],"line":188},"13":{"loc":{"start":{"line":207,"column":25},"end":{"line":211,"column":25}},"type":"cond-expr","locations":[{"start":{"line":208,"column":28},"end":{"line":208,"column":72}},{"start":{"line":210,"column":28},"end":{"line":210,"column":75}}],"line":207},"14":{"loc":{"start":{"line":216,"column":17},"end":{"line":271,"column":17}},"type":"binary-expr","locations":[{"start":{"line":216,"column":17},"end":{"line":216,"column":33}},{"start":{"line":217,"column":20},"end":{"line":270,"column":26}}],"line":216},"15":{"loc":{"start":{"line":219,"column":29},"end":{"line":268,"column":29}},"type":"cond-expr","locations":[{"start":{"line":220,"column":32},"end":{"line":239,"column":35}},{"start":{"line":241,"column":32},"end":{"line":267,"column":35}}],"line":219},"16":{"loc":{"start":{"line":242,"column":37},"end":{"line":250,"column":37}},"type":"binary-expr","locations":[{"start":{"line":242,"column":37},"end":{"line":242,"column":59}},{"start":{"line":243,"column":40},"end":{"line":249,"column":47}}],"line":242},"17":{"loc":{"start":{"line":256,"column":41},"end":{"line":256,"column":65}},"type":"binary-expr","locations":[{"start":{"line":256,"column":41},"end":{"line":256,"column":55}},{"start":{"line":256,"column":59},"end":{"line":256,"column":65}}],"line":256},"18":{"loc":{"start":{"line":283,"column":21},"end":{"line":291,"column":21}},"type":"binary-expr","locations":[{"start":{"line":283,"column":21},"end":{"line":283,"column":43}},{"start":{"line":284,"column":24},"end":{"line":290,"column":27}}],"line":283}},"s":{"0":1,"1":1,"2":1,"3":1,"4":1,"5":1,"6":1,"7":1,"8":1,"9":1,"10":1,"11":1,"12":1,"13":1,"14":1,"15":1,"16":1,"17":0,"18":0,"19":0,"20":0,"21":0,"22":0,"23":1,"24":1,"25":1,"26":0,"27":0,"28":1,"29":1,"30":1,"31":1,"32":0,"33":0,"34":0,"35":0,"36":0,"37":0,"38":1,"39":0,"40":0,"41":0,"42":0,"43":0,"44":0,"45":0,"46":0,"47":0,"48":0,"49":0,"50":1,"51":0,"52":1,"53":0,"54":1,"55":0,"56":0,"57":0,"58":0,"59":0,"60":0,"61":0,"62":0,"63":0},"f":{"0":1,"1":1,"2":1,"3":1,"4":1,"5":1,"6":0,"7":1,"8":0,"9":0,"10":0,"11":0,"12":0,"13":0,"14":0,"15":0,"16":0},"b":{"0":[1,1],"1":[1,0],"2":[0,0],"3":[0,0],"4":[0,0],"5":[0,0],"6":[0],"7":[0,0],"8":[0,0],"9":[0,0],"10":[1,0],"11":[0,0],"12":[0,0],"13":[0,1],"14":[1,0],"15":[0,0],"16":[0,0],"17":[0,0],"18":[1,0]},"_coverageSchema":"1a1c01bbd47fc00a2c39e90264f33305004495a9","hash":"9e8dcd43cae6b07246e84f05651875fbd88bf141"}
,"C:\\Users\\JoshR\\Desktop\\Rent-a-Ride\\frontend\\src\\index.js": {"path":"C:\\Users\\JoshR\\Desktop\\Rent-a-Ride\\frontend\\src\\index.js","statementMap":{"0":{"start":{"line":6,"column":13},"end":{"line":6,"column":65}},"1":{"start":{"line":7,"column":0},"end":{"line":7,"column":21}}},"fnMap":{},"branchMap":{},"s":{"0":0,"1":0},"f":{},"b":{}}
,"C:\\Users\\JoshR\\Desktop\\Rent-a-Ride\\frontend\\src\\components\\AdminSidebar.js": {"path":"C:\\Users\\JoshR\\Desktop\\Rent-a-Ride\\frontend\\src\\components\\AdminSidebar.js","statementMap":{"0":{"start":{"line":5,"column":21},"end":{"line":95,"column":1}},"1":{"start":{"line":6,"column":4},"end":{"line":94,"column":6}},"2":{"start":{"line":16,"column":24},"end":{"line":20,"column":26}},"3":{"start":{"line":32,"column":24},"end":{"line":36,"column":26}},"4":{"start":{"line":48,"column":24},"end":{"line":52,"column":26}},"5":{"start":{"line":64,"column":24},"end":{"line":68,"column":26}},"6":{"start":{"line":80,"column":24},"end":{"line":84,"column":26}}},"fnMap":{"0":{"name":"(anonymous_0)","decl":{"start":{"line":5,"column":21},"end":{"line":5,"column":22}},"loc":{"start":{"line":5,"column":27},"end":{"line":95,"column":1}},"line":5},"1":{"name":"(anonymous_1)","decl":{"start":{"line":15,"column":31},"end":{"line":15,"column":32}},"loc":{"start":{"line":16,"column":24},"end":{"line":20,"column":26}},"line":16},"2":{"name":"(anonymous_2)","decl":{"start":{"line":31,"column":31},"end":{"line":31,"column":32}},"loc":{"start":{"line":32,"column":24},"end":{"line":36,"column":26}},"line":32},"3":{"name":"(anonymous_3)","decl":{"start":{"line":47,"column":31},"end":{"line":47,"column":32}},"loc":{"start":{"line":48,"column":24},"end":{"line":52,"column":26}},"line":48},"4":{"name":"(anonymous_4)","decl":{"start":{"line":63,"column":31},"end":{"line":63,"column":32}},"loc":{"start":{"line":64,"column":24},"end":{"line":68,"column":26}},"line":64},"5":{"name":"(anonymous_5)","decl":{"start":{"line":79,"column":31},"end":{"line":79,"column":32}},"loc":{"start":{"line":80,"column":24},"end":{"line":84,"column":26}},"line":80}},"branchMap":{"0":{"loc":{"start":{"line":17,"column":28},"end":{"line":19,"column":87}},"type":"cond-expr","locations":[{"start":{"line":18,"column":34},"end":{"line":18,"column":71}},{"start":{"line":19,"column":34},"end":{"line":19,"column":87}}],"line":17},"1":{"loc":{"start":{"line":33,"column":28},"end":{"line":35,"column":87}},"type":"cond-expr","locations":[{"start":{"line":34,"column":34},"end":{"line":34,"column":71}},{"start":{"line":35,"column":34},"end":{"line":35,"column":87}}],"line":33},"2":{"loc":{"start":{"line":49,"column":28},"end":{"line":51,"column":87}},"type":"cond-expr","locations":[{"start":{"line":50,"column":34},"end":{"line":50,"column":71}},{"start":{"line":51,"column":34},"end":{"line":51,"column":87}}],"line":49},"3":{"loc":{"start":{"line":65,"column":28},"end":{"line":67,"column":87}},"type":"cond-expr","locations":[{"start":{"line":66,"column":34},"end":{"line":66,"column":71}},{"start":{"line":67,"column":34},"end":{"line":67,"column":87}}],"line":65},"4":{"loc":{"start":{"line":81,"column":28},"end":{"line":83,"column":87}},"type":"cond-expr","locations":[{"start":{"line":82,"column":34},"end":{"line":82,"column":71}},{"start":{"line":83,"column":34},"end":{"line":83,"column":87}}],"line":81}},"s":{"0":1,"1":0,"2":0,"3":0,"4":0,"5":0,"6":0},"f":{"0":0,"1":0,"2":0,"3":0,"4":0,"5":0},"b":{"0":[0,0],"1":[0,0],"2":[0,0],"3":[0,0],"4":[0,0]},"_coverageSchema":"1a1c01bbd47fc00a2c39e90264f33305004495a9","hash":"00a4ad3f457bee6e58b3e19165c61c4c4b1d2e44"}
,"C:\\Users\\JoshR\\Desktop\\Rent-a-Ride\\frontend\\src\\components\\CarForm.js": {"path":"C:\\Users\\JoshR\\Desktop\\Rent-a-Ride\\frontend\\src\\components\\CarForm.js","statementMap":{"0":{"start":{"line":3,"column":16},"end":{"line":38,"column":1}},"1":{"start":{"line":4,"column":28},"end":{"line":4,"column":40}},"2":{"start":{"line":5,"column":30},"end":{"line":5,"column":42}},"3":{"start":{"line":6,"column":28},"end":{"line":6,"column":40}},"4":{"start":{"line":7,"column":30},"end":{"line":7,"column":42}},"5":{"start":{"line":8,"column":44},"end":{"line":8,"column":58}},"6":{"start":{"line":10,"column":4},"end":{"line":18,"column":20}},"7":{"start":{"line":11,"column":8},"end":{"line":17,"column":9}},"8":{"start":{"line":12,"column":12},"end":{"line":12,"column":36}},"9":{"start":{"line":13,"column":12},"end":{"line":13,"column":38}},"10":{"start":{"line":14,"column":12},"end":{"line":14,"column":36}},"11":{"start":{"line":15,"column":12},"end":{"line":15,"column":44}},"12":{"start":{"line":16,"column":12},"end":{"line":16,"column":58}},"13":{"start":{"line":20,"column":25},"end":{"line":23,"column":5}},"14":{"start":{"line":21,"column":8},"end":{"line":21,"column":27}},"15":{"start":{"line":22,"column":8},"end":{"line":22,"column":111}},"16":{"start":{"line":25,"column":4},"end":{"line":37,"column":6}},"17":{"start":{"line":27,"column":80},"end":{"line":27,"column":103}},"18":{"start":{"line":28,"column":82},"end":{"line":28,"column":106}},"19":{"start":{"line":29,"column":82},"end":{"line":29,"column":105}},"20":{"start":{"line":30,"column":92},"end":{"line":30,"column":116}},"21":{"start":{"line":31,"column":58},"end":{"line":31,"column":100}}},"fnMap":{"0":{"name":"(anonymous_0)","decl":{"start":{"line":3,"column":16},"end":{"line":3,"column":17}},"loc":{"start":{"line":3,"column":43},"end":{"line":38,"column":1}},"line":3},"1":{"name":"(anonymous_1)","decl":{"start":{"line":10,"column":14},"end":{"line":10,"column":15}},"loc":{"start":{"line":10,"column":20},"end":{"line":18,"column":5}},"line":10},"2":{"name":"(anonymous_2)","decl":{"start":{"line":20,"column":25},"end":{"line":20,"column":26}},"loc":{"start":{"line":20,"column":32},"end":{"line":23,"column":5}},"line":20},"3":{"name":"(anonymous_3)","decl":{"start":{"line":27,"column":73},"end":{"line":27,"column":74}},"loc":{"start":{"line":27,"column":80},"end":{"line":27,"column":103}},"line":27},"4":{"name":"(anonymous_4)","decl":{"start":{"line":28,"column":75},"end":{"line":28,"column":76}},"loc":{"start":{"line":28,"column":82},"end":{"line":28,"column":106}},"line":28},"5":{"name":"(anonymous_5)","decl":{"start":{"line":29,"column":75},"end":{"line":29,"column":76}},"loc":{"start":{"line":29,"column":82},"end":{"line":29,"column":105}},"line":29},"6":{"name":"(anonymous_6)","decl":{"start":{"line":30,"column":85},"end":{"line":30,"column":86}},"loc":{"start":{"line":30,"column":92},"end":{"line":30,"column":116}},"line":30},"7":{"name":"(anonymous_7)","decl":{"start":{"line":31,"column":51},"end":{"line":31,"column":52}},"loc":{"start":{"line":31,"column":58},"end":{"line":31,"column":100}},"line":31}},"branchMap":{"0":{"loc":{"start":{"line":11,"column":8},"end":{"line":17,"column":9}},"type":"if","locations":[{"start":{"line":11,"column":8},"end":{"line":17,"column":9}},{"start":{},"end":{}}],"line":11},"1":{"loc":{"start":{"line":35,"column":35},"end":{"line":35,"column":71}},"type":"cond-expr","locations":[{"start":{"line":35,"column":47},"end":{"line":35,"column":59}},{"start":{"line":35,"column":62},"end":{"line":35,"column":71}}],"line":35}},"s":{"0":0,"1":0,"2":0,"3":0,"4":0,"5":0,"6":0,"7":0,"8":0,"9":0,"10":0,"11":0,"12":0,"13":0,"14":0,"15":0,"16":0,"17":0,"18":0,"19":0,"20":0,"21":0},"f":{"0":0,"1":0,"2":0,"3":0,"4":0,"5":0,"6":0,"7":0},"b":{"0":[0,0],"1":[0,0]}}
,"C:\\Users\\JoshR\\Desktop\\Rent-a-Ride\\frontend\\src\\components\\CarListing.js": {"path":"C:\\Users\\JoshR\\Desktop\\Rent-a-Ride\\frontend\\src\\components\\CarListing.js","statementMap":{"0":{"start":{"line":5,"column":19},"end":{"line":154,"column":2}},"1":{"start":{"line":6,"column":21},"end":{"line":6,"column":34}},"2":{"start":{"line":9,"column":24},"end":{"line":11,"column":5}},"3":{"start":{"line":10,"column":8},"end":{"line":10,"column":70}},"4":{"start":{"line":14,"column":26},"end":{"line":19,"column":5}},"5":{"start":{"line":15,"column":8},"end":{"line":17,"column":9}},"6":{"start":{"line":16,"column":12},"end":{"line":16,"column":91}},"7":{"start":{"line":18,"column":8},"end":{"line":18,"column":85}},"8":{"start":{"line":21,"column":23},"end":{"line":21,"column":60}},"9":{"start":{"line":23,"column":4},"end":{"line":153,"column":6}},"10":{"start":{"line":58,"column":32},"end":{"line":58,"column":64}},"11":{"start":{"line":59,"column":32},"end":{"line":59,"column":76}},"12":{"start":{"line":114,"column":47},"end":{"line":114,"column":58}},"13":{"start":{"line":123,"column":47},"end":{"line":123,"column":66}},"14":{"start":{"line":135,"column":39},"end":{"line":135,"column":53}},"15":{"start":{"line":156,"column":0},"end":{"line":156,"column":38}}},"fnMap":{"0":{"name":"(anonymous_0)","decl":{"start":{"line":5,"column":30},"end":{"line":5,"column":31}},"loc":{"start":{"line":5,"column":123},"end":{"line":154,"column":1}},"line":5},"1":{"name":"(anonymous_1)","decl":{"start":{"line":9,"column":24},"end":{"line":9,"column":25}},"loc":{"start":{"line":9,"column":35},"end":{"line":11,"column":5}},"line":9},"2":{"name":"(anonymous_2)","decl":{"start":{"line":14,"column":26},"end":{"line":14,"column":27}},"loc":{"start":{"line":14,"column":50},"end":{"line":19,"column":5}},"line":14},"3":{"name":"(anonymous_3)","decl":{"start":{"line":57,"column":37},"end":{"line":57,"column":38}},"loc":{"start":{"line":57,"column":44},"end":{"line":60,"column":29}},"line":57},"4":{"name":"(anonymous_4)","decl":{"start":{"line":114,"column":41},"end":{"line":114,"column":42}},"loc":{"start":{"line":114,"column":47},"end":{"line":114,"column":58}},"line":114},"5":{"name":"(anonymous_5)","decl":{"start":{"line":123,"column":41},"end":{"line":123,"column":42}},"loc":{"start":{"line":123,"column":47},"end":{"line":123,"column":66}},"line":123},"6":{"name":"(anonymous_6)","decl":{"start":{"line":135,"column":33},"end":{"line":135,"column":34}},"loc":{"start":{"line":135,"column":39},"end":{"line":135,"column":53}},"line":135}},"branchMap":{"0":{"loc":{"start":{"line":5,"column":99},"end":{"line":5,"column":116}},"type":"default-arg","locations":[{"start":{"line":5,"column":111},"end":{"line":5,"column":116}}],"line":5},"1":{"loc":{"start":{"line":15,"column":8},"end":{"line":17,"column":9}},"type":"if","locations":[{"start":{"line":15,"column":8},"end":{"line":17,"column":9}},{"start":{},"end":{}}],"line":15},"2":{"loc":{"start":{"line":24,"column":146},"end":{"line":24,"column":172}},"type":"cond-expr","locations":[{"start":{"line":24,"column":158},"end":{"line":24,"column":167}},{"start":{"line":24,"column":170},"end":{"line":24,"column":172}}],"line":24},"3":{"loc":{"start":{"line":38,"column":21},"end":{"line":45,"column":21}},"type":"binary-expr","locations":[{"start":{"line":38,"column":21},"end":{"line":38,"column":42}},{"start":{"line":39,"column":24},"end":{"line":44,"column":30}}],"line":38},"4":{"loc":{"start":{"line":42,"column":58},"end":{"line":42,"column":90}},"type":"cond-expr","locations":[{"start":{"line":42,"column":82},"end":{"line":42,"column":85}},{"start":{"line":42,"column":88},"end":{"line":42,"column":90}}],"line":42},"5":{"loc":{"start":{"line":50,"column":13},"end":{"line":77,"column":13}},"type":"cond-expr","locations":[{"start":{"line":51,"column":16},"end":{"line":69,"column":22}},{"start":{"line":71,"column":16},"end":{"line":76,"column":22}}],"line":50},"6":{"loc":{"start":{"line":109,"column":17},"end":{"line":130,"column":17}},"type":"binary-expr","locations":[{"start":{"line":109,"column":17},"end":{"line":109,"column":38}},{"start":{"line":110,"column":20},"end":{"line":129,"column":26}}],"line":109},"7":{"loc":{"start":{"line":111,"column":25},"end":{"line":119,"column":25}},"type":"binary-expr","locations":[{"start":{"line":111,"column":25},"end":{"line":111,"column":31}},{"start":{"line":112,"column":28},"end":{"line":118,"column":37}}],"line":111},"8":{"loc":{"start":{"line":120,"column":25},"end":{"line":128,"column":25}},"type":"binary-expr","locations":[{"start":{"line":120,"column":25},"end":{"line":120,"column":33}},{"start":{"line":121,"column":28},"end":{"line":127,"column":37}}],"line":120},"9":{"loc":{"start":{"line":132,"column":17},"end":{"line":140,"column":17}},"type":"binary-expr","locations":[{"start":{"line":132,"column":17},"end":{"line":132,"column":26}},{"start":{"line":133,"column":20},"end":{"line":139,"column":29}}],"line":132},"10":{"loc":{"start":{"line":142,"column":17},"end":{"line":150,"column":17}},"type":"binary-expr","locations":[{"start":{"line":142,"column":17},"end":{"line":142,"column":24}},{"start":{"line":143,"column":20},"end":{"line":149,"column":29}}],"line":142}},"s":{"0":0,"1":0,"2":0,"3":0,"4":0,"5":0,"6":0,"7":0,"8":0,"9":0,"10":0,"11":0,"12":0,"13":0,"14":0,"15":0},"f":{"0":0,"1":0,"2":0,"3":0,"4":0,"5":0,"6":0},"b":{"0":[0],"1":[0,0],"2":[0,0],"3":[0,0],"4":[0,0],"5":[0,0],"6":[0,0],"7":[0,0],"8":[0,0],"9":[0,0],"10":[0,0]}}
,"C:\\Users\\JoshR\\Desktop\\Rent-a-Ride\\frontend\\src\\components\\CarSearch.js": {"path":"C:\\Users\\JoshR\\Desktop\\Rent-a-Ride\\frontend\\src\\components\\CarSearch.js","statementMap":{"0":{"start":{"line":4,"column":18},"end":{"line":106,"column":1}},"1":{"start":{"line":5,"column":36},"end":{"line":5,"column":48}},"2":{"start":{"line":6,"column":38},"end":{"line":6,"column":50}},"3":{"start":{"line":7,"column":48},"end":{"line":7,"column":60}},"4":{"start":{"line":8,"column":44},"end":{"line":8,"column":56}},"5":{"start":{"line":9,"column":46},"end":{"line":9,"column":58}},"6":{"start":{"line":10,"column":30},"end":{"line":10,"column":42}},"7":{"start":{"line":13,"column":4},"end":{"line":27,"column":11}},"8":{"start":{"line":14,"column":27},"end":{"line":24,"column":9}},"9":{"start":{"line":15,"column":12},"end":{"line":23,"column":13}},"10":{"start":{"line":16,"column":16},"end":{"line":16,"column":29}},"11":{"start":{"line":17,"column":33},"end":{"line":17,"column":97}},"12":{"start":{"line":18,"column":30},"end":{"line":18,"column":73}},"13":{"start":{"line":18,"column":63},"end":{"line":18,"column":72}},"14":{"start":{"line":19,"column":16},"end":{"line":19,"column":35}},"15":{"start":{"line":21,"column":16},"end":{"line":21,"column":98}},"16":{"start":{"line":22,"column":16},"end":{"line":22,"column":72}},"17":{"start":{"line":26,"column":8},"end":{"line":26,"column":21}},"18":{"start":{"line":30,"column":24},"end":{"line":51,"column":5}},"19":{"start":{"line":31,"column":8},"end":{"line":31,"column":25}},"20":{"start":{"line":32,"column":8},"end":{"line":32,"column":30}},"21":{"start":{"line":33,"column":8},"end":{"line":33,"column":30}},"22":{"start":{"line":34,"column":8},"end":{"line":34,"column":29}},"23":{"start":{"line":35,"column":8},"end":{"line":35,"column":26}},"24":{"start":{"line":35,"column":19},"end":{"line":35,"column":26}},"25":{"start":{"line":37,"column":8},"end":{"line":50,"column":9}},"26":{"start":{"line":38,"column":12},"end":{"line":38,"column":25}},"27":{"start":{"line":39,"column":29},"end":{"line":41,"column":14}},"28":{"start":{"line":44,"column":27},"end":{"line":44,"column":72}},"29":{"start":{"line":44,"column":61},"end":{"line":44,"column":71}},"30":{"start":{"line":45,"column":12},"end":{"line":45,"column":33}},"31":{"start":{"line":46,"column":12},"end":{"line":46,"column":38}},"32":{"start":{"line":48,"column":12},"end":{"line":48,"column":95}},"33":{"start":{"line":49,"column":12},"end":{"line":49,"column":69}},"34":{"start":{"line":53,"column":4},"end":{"line":105,"column":6}},"35":{"start":{"line":63,"column":37},"end":{"line":63,"column":64}},"36":{"start":{"line":67,"column":24},"end":{"line":69,"column":33}},"37":{"start":{"line":81,"column":41},"end":{"line":81,"column":73}},"38":{"start":{"line":85,"column":28},"end":{"line":87,"column":37}}},"fnMap":{"0":{"name":"(anonymous_0)","decl":{"start":{"line":4,"column":18},"end":{"line":4,"column":19}},"loc":{"start":{"line":4,"column":24},"end":{"line":106,"column":1}},"line":4},"1":{"name":"(anonymous_1)","decl":{"start":{"line":13,"column":14},"end":{"line":13,"column":15}},"loc":{"start":{"line":13,"column":20},"end":{"line":27,"column":5}},"line":13},"2":{"name":"(anonymous_2)","decl":{"start":{"line":14,"column":27},"end":{"line":14,"column":28}},"loc":{"start":{"line":14,"column":39},"end":{"line":24,"column":9}},"line":14},"3":{"name":"(anonymous_3)","decl":{"start":{"line":18,"column":53},"end":{"line":18,"column":54}},"loc":{"start":{"line":18,"column":63},"end":{"line":18,"column":72}},"line":18},"4":{"name":"(anonymous_4)","decl":{"start":{"line":30,"column":24},"end":{"line":30,"column":25}},"loc":{"start":{"line":30,"column":40},"end":{"line":51,"column":5}},"line":30},"5":{"name":"(anonymous_5)","decl":{"start":{"line":44,"column":50},"end":{"line":44,"column":51}},"loc":{"start":{"line":44,"column":61},"end":{"line":44,"column":71}},"line":44},"6":{"name":"(anonymous_6)","decl":{"start":{"line":63,"column":30},"end":{"line":63,"column":31}},"loc":{"start":{"line":63,"column":37},"end":{"line":63,"column":64}},"line":63},"7":{"name":"(anonymous_7)","decl":{"start":{"line":66,"column":34},"end":{"line":66,"column":35}},"loc":{"start":{"line":67,"column":24},"end":{"line":69,"column":33}},"line":67},"8":{"name":"(anonymous_8)","decl":{"start":{"line":81,"column":34},"end":{"line":81,"column":35}},"loc":{"start":{"line":81,"column":41},"end":{"line":81,"column":73}},"line":81},"9":{"name":"(anonymous_9)","decl":{"start":{"line":84,"column":39},"end":{"line":84,"column":40}},"loc":{"start":{"line":85,"column":28},"end":{"line":87,"column":37}},"line":85}},"branchMap":{"0":{"loc":{"start":{"line":21,"column":59},"end":{"line":21,"column":96}},"type":"binary-expr","locations":[{"start":{"line":21,"column":59},"end":{"line":21,"column":79}},{"start":{"line":21,"column":83},"end":{"line":21,"column":96}}],"line":21},"1":{"loc":{"start":{"line":35,"column":8},"end":{"line":35,"column":26}},"type":"if","locations":[{"start":{"line":35,"column":8},"end":{"line":35,"column":26}},{"start":{},"end":{}}],"line":35},"2":{"loc":{"start":{"line":48,"column":56},"end":{"line":48,"column":93}},"type":"binary-expr","locations":[{"start":{"line":48,"column":56},"end":{"line":48,"column":76}},{"start":{"line":48,"column":80},"end":{"line":48,"column":93}}],"line":48},"3":{"loc":{"start":{"line":56,"column":13},"end":{"line":56,"column":66}},"type":"binary-expr","locations":[{"start":{"line":56,"column":13},"end":{"line":56,"column":18}},{"start":{"line":56,"column":22},"end":{"line":56,"column":66}}],"line":56},"4":{"loc":{"start":{"line":74,"column":13},"end":{"line":91,"column":13}},"type":"binary-expr","locations":[{"start":{"line":74,"column":13},"end":{"line":74,"column":25}},{"start":{"line":74,"column":29},"end":{"line":74,"column":49}},{"start":{"line":75,"column":16},"end":{"line":90,"column":22}}],"line":74},"5":{"loc":{"start":{"line":93,"column":13},"end":{"line":103,"column":13}},"type":"binary-expr","locations":[{"start":{"line":93,"column":13},"end":{"line":93,"column":26}},{"start":{"line":94,"column":16},"end":{"line":102,"column":22}}],"line":93}},"s":{"0":0,"1":0,"2":0,"3":0,"4":0,"5":0,"6":0,"7":0,"8":0,"9":0,"10":0,"11":0,"12":0,"13":0,"14":0,"15":0,"16":0,"17":0,"18":0,"19":0,"20":0,"21":0,"22":0,"23":0,"24":0,"25":0,"26":0,"27":0,"28":0,"29":0,"30":0,"31":0,"32":0,"33":0,"34":0,"35":0,"36":0,"37":0,"38":0},"f":{"0":0,"1":0,"2":0,"3":0,"4":0,"5":0,"6":0,"7":0,"8":0,"9":0},"b":{"0":[0,0],"1":[0,0],"2":[0,0],"3":[0,0],"4":[0,0,0],"5":[0,0]}}
,"C:\\Users\\JoshR\\Desktop\\Rent-a-Ride\\frontend\\src\\components\\CarTable.js": {"path":"C:\\Users\\JoshR\\Desktop\\Rent-a-Ride\\frontend\\src\\components\\CarTable.js","statementMap":{"0":{"start":{"line":3,"column":17},"end":{"line":31,"column":1}},"1":{"start":{"line":4,"column":4},"end":{"line":30,"column":12}},"2":{"start":{"line":17,"column":16},"end":{"line":27,"column":21}},"3":{"start":{"line":24,"column":47},"end":{"line":24,"column":58}},"4":{"start":{"line":25,"column":47},"end":{"line":25,"column":63}}},"fnMap":{"0":{"name":"(anonymous_0)","decl":{"start":{"line":3,"column":17},"end":{"line":3,"column":18}},"loc":{"start":{"line":4,"column":4},"end":{"line":30,"column":12}},"line":4},"1":{"name":"(anonymous_1)","decl":{"start":{"line":16,"column":22},"end":{"line":16,"column":23}},"loc":{"start":{"line":17,"column":16},"end":{"line":27,"column":21}},"line":17},"2":{"name":"(anonymous_2)","decl":{"start":{"line":24,"column":41},"end":{"line":24,"column":42}},"loc":{"start":{"line":24,"column":47},"end":{"line":24,"column":58}},"line":24},"3":{"name":"(anonymous_3)","decl":{"start":{"line":25,"column":41},"end":{"line":25,"column":42}},"loc":{"start":{"line":25,"column":47},"end":{"line":25,"column":63}},"line":25}},"branchMap":{"0":{"loc":{"start":{"line":22,"column":25},"end":{"line":22,"column":77}},"type":"cond-expr","locations":[{"start":{"line":22,"column":50},"end":{"line":22,"column":61}},{"start":{"line":22,"column":64},"end":{"line":22,"column":77}}],"line":22}},"s":{"0":0,"1":0,"2":0,"3":0,"4":0},"f":{"0":0,"1":0,"2":0,"3":0},"b":{"0":[0,0]}}
,"C:\\Users\\JoshR\\Desktop\\Rent-a-Ride\\frontend\\src\\components\\DatePickerComponent.js": {"path":"C:\\Users\\JoshR\\Desktop\\Rent-a-Ride\\frontend\\src\\components\\DatePickerComponent.js","statementMap":{"0":{"start":{"line":7,"column":28},"end":{"line":35,"column":1}},"1":{"start":{"line":8,"column":38},"end":{"line":14,"column":6}},"2":{"start":{"line":16,"column":25},"end":{"line":21,"column":5}},"3":{"start":{"line":17,"column":8},"end":{"line":17,"column":41}},"4":{"start":{"line":18,"column":8},"end":{"line":20,"column":9}},"5":{"start":{"line":19,"column":12},"end":{"line":19,"column":39}},"6":{"start":{"line":23,"column":4},"end":{"line":34,"column":6}}},"fnMap":{"0":{"name":"(anonymous_0)","decl":{"start":{"line":7,"column":28},"end":{"line":7,"column":29}},"loc":{"start":{"line":7,"column":46},"end":{"line":35,"column":1}},"line":7},"1":{"name":"(anonymous_1)","decl":{"start":{"line":16,"column":25},"end":{"line":16,"column":26}},"loc":{"start":{"line":16,"column":37},"end":{"line":21,"column":5}},"line":16}},"branchMap":{"0":{"loc":{"start":{"line":18,"column":8},"end":{"line":20,"column":9}},"type":"if","locations":[{"start":{"line":18,"column":8},"end":{"line":20,"column":9}},{"start":{},"end":{}}],"line":18}},"s":{"0":0,"1":0,"2":0,"3":0,"4":0,"5":0,"6":0},"f":{"0":0,"1":0},"b":{"0":[0,0]}}
,"C:\\Users\\JoshR\\Desktop\\Rent-a-Ride\\frontend\\src\\components\\ImageUpload.js": {"path":"C:\\Users\\JoshR\\Desktop\\Rent-a-Ride\\frontend\\src\\components\\ImageUpload.js","statementMap":{"0":{"start":{"line":4,"column":20},"end":{"line":82,"column":1}},"1":{"start":{"line":5,"column":28},"end":{"line":5,"column":42}},"2":{"start":{"line":6,"column":36},"end":{"line":6,"column":48}},"3":{"start":{"line":7,"column":30},"end":{"line":7,"column":42}},"4":{"start":{"line":8,"column":34},"end":{"line":8,"column":49}},"5":{"start":{"line":10,"column":29},"end":{"line":12,"column":5}},"6":{"start":{"line":11,"column":8},"end":{"line":11,"column":35}},"7":{"start":{"line":14,"column":25},"end":{"line":42,"column":5}},"8":{"start":{"line":15,"column":8},"end":{"line":18,"column":9}},"9":{"start":{"line":16,"column":12},"end":{"line":16,"column":56}},"10":{"start":{"line":17,"column":12},"end":{"line":17,"column":19}},"11":{"start":{"line":20,"column":8},"end":{"line":20,"column":21}},"12":{"start":{"line":21,"column":8},"end":{"line":21,"column":25}},"13":{"start":{"line":23,"column":25},"end":{"line":23,"column":39}},"14":{"start":{"line":24,"column":8},"end":{"line":24,"column":39}},"15":{"start":{"line":26,"column":8},"end":{"line":41,"column":9}},"16":{"start":{"line":27,"column":29},"end":{"line":31,"column":13}},"17":{"start":{"line":32,"column":12},"end":{"line":32,"column":48}},"18":{"start":{"line":33,"column":12},"end":{"line":33,"column":26}},"19":{"start":{"line":35,"column":12},"end":{"line":35,"column":59}},"20":{"start":{"line":37,"column":16},"end":{"line":37,"column":90}},"21":{"start":{"line":38,"column":12},"end":{"line":38,"column":35}},"22":{"start":{"line":40,"column":12},"end":{"line":40,"column":30}},"23":{"start":{"line":44,"column":4},"end":{"line":81,"column":6}}},"fnMap":{"0":{"name":"(anonymous_0)","decl":{"start":{"line":4,"column":20},"end":{"line":4,"column":21}},"loc":{"start":{"line":4,"column":26},"end":{"line":82,"column":1}},"line":4},"1":{"name":"(anonymous_1)","decl":{"start":{"line":10,"column":29},"end":{"line":10,"column":30}},"loc":{"start":{"line":10,"column":36},"end":{"line":12,"column":5}},"line":10},"2":{"name":"(anonymous_2)","decl":{"start":{"line":14,"column":25},"end":{"line":14,"column":26}},"loc":{"start":{"line":14,"column":37},"end":{"line":42,"column":5}},"line":14}},"branchMap":{"0":{"loc":{"start":{"line":15,"column":8},"end":{"line":18,"column":9}},"type":"if","locations":[{"start":{"line":15,"column":8},"end":{"line":18,"column":9}},{"start":{},"end":{}}],"line":15},"1":{"loc":{"start":{"line":37,"column":16},"end":{"line":37,"column":90}},"type":"binary-expr","locations":[{"start":{"line":37,"column":16},"end":{"line":37,"column":43}},{"start":{"line":37,"column":47},"end":{"line":37,"column":90}}],"line":37},"2":{"loc":{"start":{"line":47,"column":13},"end":{"line":47,"column":66}},"type":"binary-expr","locations":[{"start":{"line":47,"column":13},"end":{"line":47,"column":18}},{"start":{"line":47,"column":22},"end":{"line":47,"column":66}}],"line":47},"3":{"loc":{"start":{"line":48,"column":13},"end":{"line":60,"column":13}},"type":"binary-expr","locations":[{"start":{"line":48,"column":13},"end":{"line":48,"column":21}},{"start":{"line":49,"column":16},"end":{"line":59,"column":22}}],"line":48},"4":{"loc":{"start":{"line":73,"column":20},"end":{"line":75,"column":57}},"type":"cond-expr","locations":[{"start":{"line":74,"column":26},"end":{"line":74,"column":58}},{"start":{"line":75,"column":26},"end":{"line":75,"column":57}}],"line":73},"5":{"loc":{"start":{"line":78,"column":17},"end":{"line":78,"column":52}},"type":"cond-expr","locations":[{"start":{"line":78,"column":27},"end":{"line":78,"column":41}},{"start":{"line":78,"column":44},"end":{"line":78,"column":52}}],"line":78}},"s":{"0":0,"1":0,"2":0,"3":0,"4":0,"5":0,"6":0,"7":0,"8":0,"9":0,"10":0,"11":0,"12":0,"13":0,"14":0,"15":0,"16":0,"17":0,"18":0,"19":0,"20":0,"21":0,"22":0,"23":0},"f":{"0":0,"1":0,"2":0},"b":{"0":[0,0],"1":[0,0],"2":[0,0],"3":[0,0],"4":[0,0],"5":[0,0]}}
,"C:\\Users\\JoshR\\Desktop\\Rent-a-Ride\\frontend\\src\\components\\LoginModal.js": {"path":"C:\\Users\\JoshR\\Desktop\\Rent-a-Ride\\frontend\\src\\components\\LoginModal.js","statementMap":{"0":{"start":{"line":7,"column":19},"end":{"line":195,"column":1}},"1":{"start":{"line":8,"column":30},"end":{"line":8,"column":42}},"2":{"start":{"line":9,"column":36},"end":{"line":9,"column":48}},"3":{"start":{"line":10,"column":30},"end":{"line":10,"column":42}},"4":{"start":{"line":11,"column":34},"end":{"line":11,"column":49}},"5":{"start":{"line":12,"column":44},"end":{"line":12,"column":59}},"6":{"start":{"line":14,"column":22},"end":{"line":14,"column":32}},"7":{"start":{"line":17,"column":26},"end":{"line":20,"column":5}},"8":{"start":{"line":18,"column":27},"end":{"line":18,"column":55}},"9":{"start":{"line":19,"column":8},"end":{"line":19,"column":38}},"10":{"start":{"line":23,"column":25},"end":{"line":66,"column":5}},"11":{"start":{"line":24,"column":8},"end":{"line":24,"column":27}},"12":{"start":{"line":27,"column":8},"end":{"line":30,"column":9}},"13":{"start":{"line":28,"column":12},"end":{"line":28,"column":60}},"14":{"start":{"line":29,"column":12},"end":{"line":29,"column":19}},"15":{"start":{"line":32,"column":8},"end":{"line":32,"column":25}},"16":{"start":{"line":33,"column":8},"end":{"line":33,"column":21}},"17":{"start":{"line":35,"column":8},"end":{"line":65,"column":9}},"18":{"start":{"line":36,"column":29},"end":{"line":39,"column":13}},"19":{"start":{"line":42,"column":36},"end":{"line":42,"column":49}},"20":{"start":{"line":43,"column":12},"end":{"line":43,"column":49}},"21":{"start":{"line":44,"column":12},"end":{"line":44,"column":63}},"22":{"start":{"line":47,"column":12},"end":{"line":47,"column":34}},"23":{"start":{"line":53,"column":12},"end":{"line":53,"column":22}},"24":{"start":{"line":54,"column":12},"end":{"line":54,"column":25}},"25":{"start":{"line":55,"column":12},"end":{"line":55,"column":28}},"26":{"start":{"line":56,"column":12},"end":{"line":56,"column":25}},"27":{"start":{"line":58,"column":12},"end":{"line":58,"column":89}},"28":{"start":{"line":59,"column":12},"end":{"line":59,"column":81}},"29":{"start":{"line":60,"column":12},"end":{"line":62,"column":15}},"30":{"start":{"line":64,"column":12},"end":{"line":64,"column":30}},"31":{"start":{"line":69,"column":24},"end":{"line":74,"column":5}},"32":{"start":{"line":70,"column":8},"end":{"line":70,"column":21}},"33":{"start":{"line":71,"column":8},"end":{"line":71,"column":24}},"34":{"start":{"line":72,"column":8},"end":{"line":72,"column":21}},"35":{"start":{"line":73,"column":8},"end":{"line":73,"column":18}},"36":{"start":{"line":77,"column":4},"end":{"line":93,"column":17}},"37":{"start":{"line":78,"column":29},"end":{"line":82,"column":9}},"38":{"start":{"line":79,"column":12},"end":{"line":81,"column":13}},"39":{"start":{"line":80,"column":16},"end":{"line":80,"column":30}},"40":{"start":{"line":84,"column":8},"end":{"line":87,"column":9}},"41":{"start":{"line":85,"column":12},"end":{"line":85,"column":63}},"42":{"start":{"line":86,"column":12},"end":{"line":86,"column":52}},"43":{"start":{"line":89,"column":8},"end":{"line":92,"column":10}},"44":{"start":{"line":90,"column":12},"end":{"line":90,"column":66}},"45":{"start":{"line":91,"column":12},"end":{"line":91,"column":51}},"46":{"start":{"line":95,"column":4},"end":{"line":95,"column":29}},"47":{"start":{"line":95,"column":17},"end":{"line":95,"column":29}},"48":{"start":{"line":97,"column":4},"end":{"line":194,"column":6}},"49":{"start":{"line":107,"column":32},"end":{"line":107,"column":51}},"50":{"start":{"line":137,"column":49},"end":{"line":137,"column":73}},"51":{"start":{"line":152,"column":53},"end":{"line":152,"column":80}},"52":{"start":{"line":160,"column":51},"end":{"line":160,"column":81}},"53":{"start":{"line":182,"column":36},"end":{"line":182,"column":46}},"54":{"start":{"line":183,"column":36},"end":{"line":183,"column":53}}},"fnMap":{"0":{"name":"(anonymous_0)","decl":{"start":{"line":7,"column":19},"end":{"line":7,"column":20}},"loc":{"start":{"line":7,"column":76},"end":{"line":195,"column":1}},"line":7},"1":{"name":"(anonymous_1)","decl":{"start":{"line":17,"column":26},"end":{"line":17,"column":27}},"loc":{"start":{"line":17,"column":37},"end":{"line":20,"column":5}},"line":17},"2":{"name":"(anonymous_2)","decl":{"start":{"line":23,"column":25},"end":{"line":23,"column":26}},"loc":{"start":{"line":23,"column":38},"end":{"line":66,"column":5}},"line":23},"3":{"name":"(anonymous_3)","decl":{"start":{"line":69,"column":24},"end":{"line":69,"column":25}},"loc":{"start":{"line":69,"column":30},"end":{"line":74,"column":5}},"line":69},"4":{"name":"(anonymous_4)","decl":{"start":{"line":77,"column":20},"end":{"line":77,"column":21}},"loc":{"start":{"line":77,"column":26},"end":{"line":93,"column":5}},"line":77},"5":{"name":"(anonymous_5)","decl":{"start":{"line":78,"column":29},"end":{"line":78,"column":30}},"loc":{"start":{"line":78,"column":36},"end":{"line":82,"column":9}},"line":78},"6":{"name":"(anonymous_6)","decl":{"start":{"line":89,"column":15},"end":{"line":89,"column":16}},"loc":{"start":{"line":89,"column":21},"end":{"line":92,"column":9}},"line":89},"7":{"name":"(anonymous_7)","decl":{"start":{"line":107,"column":25},"end":{"line":107,"column":26}},"loc":{"start":{"line":107,"column":32},"end":{"line":107,"column":51}},"line":107},"8":{"name":"(anonymous_8)","decl":{"start":{"line":137,"column":42},"end":{"line":137,"column":43}},"loc":{"start":{"line":137,"column":49},"end":{"line":137,"column":73}},"line":137},"9":{"name":"(anonymous_9)","decl":{"start":{"line":152,"column":46},"end":{"line":152,"column":47}},"loc":{"start":{"line":152,"column":53},"end":{"line":152,"column":80}},"line":152},"10":{"name":"(anonymous_10)","decl":{"start":{"line":160,"column":45},"end":{"line":160,"column":46}},"loc":{"start":{"line":160,"column":51},"end":{"line":160,"column":81}},"line":160},"11":{"name":"(anonymous_11)","decl":{"start":{"line":181,"column":41},"end":{"line":181,"column":42}},"loc":{"start":{"line":181,"column":47},"end":{"line":184,"column":33}},"line":181}},"branchMap":{"0":{"loc":{"start":{"line":27,"column":8},"end":{"line":30,"column":9}},"type":"if","locations":[{"start":{"line":27,"column":8},"end":{"line":30,"column":9}},{"start":{},"end":{}}],"line":27},"1":{"loc":{"start":{"line":58,"column":42},"end":{"line":58,"column":87}},"type":"binary-expr","locations":[{"start":{"line":58,"column":42},"end":{"line":58,"column":69}},{"start":{"line":58,"column":73},"end":{"line":58,"column":87}}],"line":58},"2":{"loc":{"start":{"line":59,"column":21},"end":{"line":59,"column":79}},"type":"binary-expr","locations":[{"start":{"line":59,"column":21},"end":{"line":59,"column":48}},{"start":{"line":59,"column":52},"end":{"line":59,"column":79}}],"line":59},"3":{"loc":{"start":{"line":60,"column":24},"end":{"line":60,"column":69}},"type":"binary-expr","locations":[{"start":{"line":60,"column":24},"end":{"line":60,"column":51}},{"start":{"line":60,"column":55},"end":{"line":60,"column":69}}],"line":60},"4":{"loc":{"start":{"line":79,"column":12},"end":{"line":81,"column":13}},"type":"if","locations":[{"start":{"line":79,"column":12},"end":{"line":81,"column":13}},{"start":{},"end":{}}],"line":79},"5":{"loc":{"start":{"line":84,"column":8},"end":{"line":87,"column":9}},"type":"if","locations":[{"start":{"line":84,"column":8},"end":{"line":87,"column":9}},{"start":{},"end":{}}],"line":84},"6":{"loc":{"start":{"line":95,"column":4},"end":{"line":95,"column":29}},"type":"if","locations":[{"start":{"line":95,"column":4},"end":{"line":95,"column":29}},{"start":{},"end":{}}],"line":95},"7":{"loc":{"start":{"line":123,"column":21},"end":{"line":127,"column":21}},"type":"binary-expr","locations":[{"start":{"line":123,"column":21},"end":{"line":123,"column":26}},{"start":{"line":124,"column":24},"end":{"line":126,"column":30}}],"line":123},"8":{"loc":{"start":{"line":150,"column":42},"end":{"line":150,"column":76}},"type":"cond-expr","locations":[{"start":{"line":150,"column":57},"end":{"line":150,"column":63}},{"start":{"line":150,"column":66},"end":{"line":150,"column":76}}],"line":150},"9":{"loc":{"start":{"line":162,"column":37},"end":{"line":162,"column":98}},"type":"cond-expr","locations":[{"start":{"line":162,"column":52},"end":{"line":162,"column":71}},{"start":{"line":162,"column":74},"end":{"line":162,"column":98}}],"line":162},"10":{"loc":{"start":{"line":172,"column":29},"end":{"line":172,"column":66}},"type":"cond-expr","locations":[{"start":{"line":172,"column":39},"end":{"line":172,"column":54}},{"start":{"line":172,"column":57},"end":{"line":172,"column":66}}],"line":172}},"s":{"0":0,"1":0,"2":0,"3":0,"4":0,"5":0,"6":0,"7":0,"8":0,"9":0,"10":0,"11":0,"12":0,"13":0,"14":0,"15":0,"16":0,"17":0,"18":0,"19":0,"20":0,"21":0,"22":0,"23":0,"24":0,"25":0,"26":0,"27":0,"28":0,"29":0,"30":0,"31":0,"32":0,"33":0,"34":0,"35":0,"36":0,"37":0,"38":0,"39":0,"40":0,"41":0,"42":0,"43":0,"44":0,"45":0,"46":0,"47":0,"48":0,"49":0,"50":0,"51":0,"52":0,"53":0,"54":0},"f":{"0":0,"1":0,"2":0,"3":0,"4":0,"5":0,"6":0,"7":0,"8":0,"9":0,"10":0,"11":0},"b":{"0":[0,0],"1":[0,0],"2":[0,0],"3":[0,0],"4":[0,0],"5":[0,0],"6":[0,0],"7":[0,0],"8":[0,0],"9":[0,0],"10":[0,0]}}
,"C:\\Users\\JoshR\\Desktop\\Rent-a-Ride\\frontend\\src\\components\\ProfileAvatar.js": {"path":"C:\\Users\\JoshR\\Desktop\\Rent-a-Ride\\frontend\\src\\components\\ProfileAvatar.js","statementMap":{"0":{"start":{"line":4,"column":22},"end":{"line":63,"column":1}},"1":{"start":{"line":11,"column":24},"end":{"line":19,"column":5}},"2":{"start":{"line":21,"column":22},"end":{"line":29,"column":5}},"3":{"start":{"line":31,"column":24},"end":{"line":31,"column":113}},"4":{"start":{"line":32,"column":29},"end":{"line":32,"column":124}},"5":{"start":{"line":34,"column":4},"end":{"line":62,"column":6}},"6":{"start":{"line":43,"column":24},"end":{"line":43,"column":56}},"7":{"start":{"line":44,"column":24},"end":{"line":46,"column":25}},"8":{"start":{"line":45,"column":28},"end":{"line":45,"column":72}}},"fnMap":{"0":{"name":"(anonymous_0)","decl":{"start":{"line":4,"column":22},"end":{"line":4,"column":23}},"loc":{"start":{"line":10,"column":6},"end":{"line":63,"column":1}},"line":10},"1":{"name":"(anonymous_1)","decl":{"start":{"line":41,"column":29},"end":{"line":41,"column":30}},"loc":{"start":{"line":41,"column":36},"end":{"line":47,"column":21}},"line":41}},"branchMap":{"0":{"loc":{"start":{"line":6,"column":4},"end":{"line":6,"column":15}},"type":"default-arg","locations":[{"start":{"line":6,"column":11},"end":{"line":6,"column":15}}],"line":6},"1":{"loc":{"start":{"line":7,"column":4},"end":{"line":7,"column":18}},"type":"default-arg","locations":[{"start":{"line":7,"column":16},"end":{"line":7,"column":18}}],"line":7},"2":{"loc":{"start":{"line":8,"column":4},"end":{"line":8,"column":23}},"type":"default-arg","locations":[{"start":{"line":8,"column":19},"end":{"line":8,"column":23}}],"line":8},"3":{"loc":{"start":{"line":9,"column":4},"end":{"line":9,"column":18}},"type":"default-arg","locations":[{"start":{"line":9,"column":14},"end":{"line":9,"column":18}}],"line":9},"4":{"loc":{"start":{"line":32,"column":29},"end":{"line":32,"column":124}},"type":"cond-expr","locations":[{"start":{"line":32,"column":39},"end":{"line":32,"column":110}},{"start":{"line":32,"column":113},"end":{"line":32,"column":124}}],"line":32},"5":{"loc":{"start":{"line":36,"column":13},"end":{"line":49,"column":20}},"type":"cond-expr","locations":[{"start":{"line":37,"column":16},"end":{"line":48,"column":18}},{"start":{"line":49,"column":16},"end":{"line":49,"column":20}}],"line":36},"6":{"loc":{"start":{"line":39,"column":28},"end":{"line":39,"column":51}},"type":"binary-expr","locations":[{"start":{"line":39,"column":28},"end":{"line":39,"column":41}},{"start":{"line":39,"column":45},"end":{"line":39,"column":51}}],"line":39},"7":{"loc":{"start":{"line":44,"column":24},"end":{"line":46,"column":25}},"type":"if","locations":[{"start":{"line":44,"column":24},"end":{"line":46,"column":25}},{"start":{},"end":{}}],"line":44},"8":{"loc":{"start":{"line":52,"column":13},"end":{"line":60,"column":13}},"type":"binary-expr","locations":[{"start":{"line":52,"column":13},"end":{"line":52,"column":25}},{"start":{"line":53,"column":16},"end":{"line":59,"column":22}}],"line":52},"9":{"loc":{"start":{"line":53,"column":149},"end":{"line":53,"column":189}},"type":"cond-expr","locations":[{"start":{"line":53,"column":172},"end":{"line":53,"column":180}},{"start":{"line":53,"column":183},"end":{"line":53,"column":189}}],"line":53},"10":{"loc":{"start":{"line":54,"column":21},"end":{"line":58,"column":21}},"type":"cond-expr","locations":[{"start":{"line":55,"column":24},"end":{"line":55,"column":61}},{"start":{"line":57,"column":24},"end":{"line":57,"column":60}}],"line":54}},"s":{"0":1,"1":0,"2":0,"3":0,"4":0,"5":0,"6":0,"7":0,"8":0},"f":{"0":0,"1":0},"b":{"0":[0],"1":[0],"2":[0],"3":[0],"4":[0,0],"5":[0,0],"6":[0,0],"7":[0,0],"8":[0,0],"9":[0,0],"10":[0,0]},"_coverageSchema":"1a1c01bbd47fc00a2c39e90264f33305004495a9","hash":"4ff85c7c410fcff3d18ad906ec5e6b4c2c65330c"}
,"C:\\Users\\JoshR\\Desktop\\Rent-a-Ride\\frontend\\src\\components\\ProfilePictureUpload.js": {"path":"C:\\Users\\JoshR\\Desktop\\Rent-a-Ride\\frontend\\src\\components\\ProfilePictureUpload.js","statementMap":{"0":{"start":{"line":6,"column":29},"end":{"line":203,"column":1}},"1":{"start":{"line":7,"column":38},"end":{"line":7,"column":53}},"2":{"start":{"line":8,"column":36},"end":{"line":8,"column":51}},"3":{"start":{"line":9,"column":25},"end":{"line":9,"column":37}},"4":{"start":{"line":11,"column":22},"end":{"line":11,"column":32}},"5":{"start":{"line":13,"column":29},"end":{"line":18,"column":5}},"6":{"start":{"line":14,"column":21},"end":{"line":14,"column":42}},"7":{"start":{"line":15,"column":8},"end":{"line":17,"column":9}},"8":{"start":{"line":16,"column":12},"end":{"line":16,"column":31}},"9":{"start":{"line":20,"column":25},"end":{"line":77,"column":5}},"10":{"start":{"line":22,"column":29},"end":{"line":22,"column":83}},"11":{"start":{"line":23,"column":8},"end":{"line":28,"column":9}},"12":{"start":{"line":24,"column":12},"end":{"line":26,"column":15}},"13":{"start":{"line":27,"column":12},"end":{"line":27,"column":19}},"14":{"start":{"line":31,"column":24},"end":{"line":31,"column":39}},"15":{"start":{"line":32,"column":8},"end":{"line":37,"column":9}},"16":{"start":{"line":33,"column":12},"end":{"line":35,"column":15}},"17":{"start":{"line":36,"column":12},"end":{"line":36,"column":19}},"18":{"start":{"line":39,"column":8},"end":{"line":39,"column":27}},"19":{"start":{"line":41,"column":8},"end":{"line":76,"column":9}},"20":{"start":{"line":42,"column":29},"end":{"line":42,"column":43}},"21":{"start":{"line":43,"column":12},"end":{"line":43,"column":52}},"22":{"start":{"line":45,"column":29},"end":{"line":54,"column":13}},"23":{"start":{"line":56,"column":12},"end":{"line":58,"column":15}},"24":{"start":{"line":61,"column":12},"end":{"line":63,"column":13}},"25":{"start":{"line":62,"column":16},"end":{"line":62,"column":52}},"26":{"start":{"line":66,"column":12},"end":{"line":66,"column":69}},"27":{"start":{"line":67,"column":12},"end":{"line":69,"column":15}},"28":{"start":{"line":71,"column":12},"end":{"line":71,"column":32}},"29":{"start":{"line":73,"column":12},"end":{"line":75,"column":13}},"30":{"start":{"line":74,"column":16},"end":{"line":74,"column":48}},"31":{"start":{"line":79,"column":25},"end":{"line":116,"column":5}},"32":{"start":{"line":80,"column":8},"end":{"line":85,"column":9}},"33":{"start":{"line":81,"column":12},"end":{"line":83,"column":15}},"34":{"start":{"line":84,"column":12},"end":{"line":84,"column":19}},"35":{"start":{"line":87,"column":8},"end":{"line":87,"column":26}},"36":{"start":{"line":89,"column":8},"end":{"line":115,"column":9}},"37":{"start":{"line":90,"column":29},"end":{"line":97,"column":13}},"38":{"start":{"line":99,"column":12},"end":{"line":101,"column":15}},"39":{"start":{"line":104,"column":12},"end":{"line":106,"column":13}},"40":{"start":{"line":105,"column":16},"end":{"line":105,"column":52}},"41":{"start":{"line":109,"column":12},"end":{"line":109,"column":68}},"42":{"start":{"line":110,"column":12},"end":{"line":112,"column":15}},"43":{"start":{"line":114,"column":12},"end":{"line":114,"column":31}},"44":{"start":{"line":118,"column":29},"end":{"line":120,"column":5}},"45":{"start":{"line":119,"column":8},"end":{"line":119,"column":38}},"46":{"start":{"line":122,"column":4},"end":{"line":202,"column":6}},"47":{"start":{"line":134,"column":32},"end":{"line":134,"column":64}},"48":{"start":{"line":135,"column":32},"end":{"line":135,"column":76}}},"fnMap":{"0":{"name":"(anonymous_0)","decl":{"start":{"line":6,"column":29},"end":{"line":6,"column":30}},"loc":{"start":{"line":6,"column":60},"end":{"line":203,"column":1}},"line":6},"1":{"name":"(anonymous_1)","decl":{"start":{"line":13,"column":29},"end":{"line":13,"column":30}},"loc":{"start":{"line":13,"column":40},"end":{"line":18,"column":5}},"line":13},"2":{"name":"(anonymous_2)","decl":{"start":{"line":20,"column":25},"end":{"line":20,"column":26}},"loc":{"start":{"line":20,"column":41},"end":{"line":77,"column":5}},"line":20},"3":{"name":"(anonymous_3)","decl":{"start":{"line":79,"column":25},"end":{"line":79,"column":26}},"loc":{"start":{"line":79,"column":37},"end":{"line":116,"column":5}},"line":79},"4":{"name":"(anonymous_4)","decl":{"start":{"line":118,"column":29},"end":{"line":118,"column":30}},"loc":{"start":{"line":118,"column":35},"end":{"line":120,"column":5}},"line":118},"5":{"name":"(anonymous_5)","decl":{"start":{"line":132,"column":37},"end":{"line":132,"column":38}},"loc":{"start":{"line":132,"column":44},"end":{"line":136,"column":29}},"line":132}},"branchMap":{"0":{"loc":{"start":{"line":15,"column":8},"end":{"line":17,"column":9}},"type":"if","locations":[{"start":{"line":15,"column":8},"end":{"line":17,"column":9}},{"start":{},"end":{}}],"line":15},"1":{"loc":{"start":{"line":23,"column":8},"end":{"line":28,"column":9}},"type":"if","locations":[{"start":{"line":23,"column":8},"end":{"line":28,"column":9}},{"start":{},"end":{}}],"line":23},"2":{"loc":{"start":{"line":32,"column":8},"end":{"line":37,"column":9}},"type":"if","locations":[{"start":{"line":32,"column":8},"end":{"line":37,"column":9}},{"start":{},"end":{}}],"line":32},"3":{"loc":{"start":{"line":61,"column":12},"end":{"line":63,"column":13}},"type":"if","locations":[{"start":{"line":61,"column":12},"end":{"line":63,"column":13}},{"start":{},"end":{}}],"line":61},"4":{"loc":{"start":{"line":61,"column":16},"end":{"line":61,"column":53}},"type":"binary-expr","locations":[{"start":{"line":61,"column":16},"end":{"line":61,"column":31}},{"start":{"line":61,"column":35},"end":{"line":61,"column":53}}],"line":61},"5":{"loc":{"start":{"line":67,"column":24},"end":{"line":67,"column":89}},"type":"binary-expr","locations":[{"start":{"line":67,"column":24},"end":{"line":67,"column":51}},{"start":{"line":67,"column":55},"end":{"line":67,"column":89}}],"line":67},"6":{"loc":{"start":{"line":73,"column":12},"end":{"line":75,"column":13}},"type":"if","locations":[{"start":{"line":73,"column":12},"end":{"line":75,"column":13}},{"start":{},"end":{}}],"line":73},"7":{"loc":{"start":{"line":80,"column":8},"end":{"line":85,"column":9}},"type":"if","locations":[{"start":{"line":80,"column":8},"end":{"line":85,"column":9}},{"start":{},"end":{}}],"line":80},"8":{"loc":{"start":{"line":104,"column":12},"end":{"line":106,"column":13}},"type":"if","locations":[{"start":{"line":104,"column":12},"end":{"line":106,"column":13}},{"start":{},"end":{}}],"line":104},"9":{"loc":{"start":{"line":104,"column":16},"end":{"line":104,"column":53}},"type":"binary-expr","locations":[{"start":{"line":104,"column":16},"end":{"line":104,"column":31}},{"start":{"line":104,"column":35},"end":{"line":104,"column":53}}],"line":104},"10":{"loc":{"start":{"line":110,"column":24},"end":{"line":110,"column":89}},"type":"binary-expr","locations":[{"start":{"line":110,"column":24},"end":{"line":110,"column":51}},{"start":{"line":110,"column":55},"end":{"line":110,"column":89}}],"line":110},"11":{"loc":{"start":{"line":127,"column":21},"end":{"line":138,"column":28}},"type":"cond-expr","locations":[{"start":{"line":128,"column":24},"end":{"line":137,"column":26}},{"start":{"line":138,"column":24},"end":{"line":138,"column":28}}],"line":127},"12":{"loc":{"start":{"line":143,"column":28},"end":{"line":143,"column":68}},"type":"cond-expr","locations":[{"start":{"line":143,"column":51},"end":{"line":143,"column":59}},{"start":{"line":143,"column":62},"end":{"line":143,"column":68}}],"line":143},"13":{"loc":{"start":{"line":146,"column":25},"end":{"line":146,"column":112}},"type":"cond-expr","locations":[{"start":{"line":146,"column":42},"end":{"line":146,"column":79}},{"start":{"line":146,"column":82},"end":{"line":146,"column":112}}],"line":146},"14":{"loc":{"start":{"line":160,"column":30},"end":{"line":160,"column":51}},"type":"binary-expr","locations":[{"start":{"line":160,"column":30},"end":{"line":160,"column":39}},{"start":{"line":160,"column":43},"end":{"line":160,"column":51}}],"line":160},"15":{"loc":{"start":{"line":163,"column":21},"end":{"line":167,"column":21}},"type":"cond-expr","locations":[{"start":{"line":164,"column":24},"end":{"line":164,"column":72}},{"start":{"line":166,"column":24},"end":{"line":166,"column":59}}],"line":163},"16":{"loc":{"start":{"line":168,"column":21},"end":{"line":168,"column":104}},"type":"cond-expr","locations":[{"start":{"line":168,"column":33},"end":{"line":168,"column":47}},{"start":{"line":168,"column":50},"end":{"line":168,"column":104}}],"line":168},"17":{"loc":{"start":{"line":168,"column":50},"end":{"line":168,"column":104}},"type":"cond-expr","locations":[{"start":{"line":168,"column":73},"end":{"line":168,"column":87}},{"start":{"line":168,"column":90},"end":{"line":168,"column":104}}],"line":168},"18":{"loc":{"start":{"line":171,"column":17},"end":{"line":184,"column":17}},"type":"binary-expr","locations":[{"start":{"line":171,"column":17},"end":{"line":171,"column":37}},{"start":{"line":172,"column":20},"end":{"line":183,"column":29}}],"line":171},"19":{"loc":{"start":{"line":174,"column":34},"end":{"line":174,"column":55}},"type":"binary-expr","locations":[{"start":{"line":174,"column":34},"end":{"line":174,"column":43}},{"start":{"line":174,"column":47},"end":{"line":174,"column":55}}],"line":174},"20":{"loc":{"start":{"line":177,"column":25},"end":{"line":181,"column":25}},"type":"cond-expr","locations":[{"start":{"line":178,"column":28},"end":{"line":178,"column":76}},{"start":{"line":180,"column":28},"end":{"line":180,"column":63}}],"line":177},"21":{"loc":{"start":{"line":182,"column":25},"end":{"line":182,"column":60}},"type":"cond-expr","locations":[{"start":{"line":182,"column":36},"end":{"line":182,"column":49}},{"start":{"line":182,"column":52},"end":{"line":182,"column":60}}],"line":182}},"s":{"0":0,"1":0,"2":0,"3":0,"4":0,"5":0,"6":0,"7":0,"8":0,"9":0,"10":0,"11":0,"12":0,"13":0,"14":0,"15":0,"16":0,"17":0,"18":0,"19":0,"20":0,"21":0,"22":0,"23":0,"24":0,"25":0,"26":0,"27":0,"28":0,"29":0,"30":0,"31":0,"32":0,"33":0,"34":0,"35":0,"36":0,"37":0,"38":0,"39":0,"40":0,"41":0,"42":0,"43":0,"44":0,"45":0,"46":0,"47":0,"48":0},"f":{"0":0,"1":0,"2":0,"3":0,"4":0,"5":0},"b":{"0":[0,0],"1":[0,0],"2":[0,0],"3":[0,0],"4":[0,0],"5":[0,0],"6":[0,0],"7":[0,0],"8":[0,0],"9":[0,0],"10":[0,0],"11":[0,0],"12":[0,0],"13":[0,0],"14":[0,0],"15":[0,0],"16":[0,0],"17":[0,0],"18":[0,0],"19":[0,0],"20":[0,0],"21":[0,0]}}
,"C:\\Users\\JoshR\\Desktop\\Rent-a-Ride\\frontend\\src\\components\\ProtectedRoute.js": {"path":"C:\\Users\\JoshR\\Desktop\\Rent-a-Ride\\frontend\\src\\components\\ProtectedRoute.js","statementMap":{"0":{"start":{"line":5,"column":23},"end":{"line":14,"column":1}},"1":{"start":{"line":6,"column":18},"end":{"line":6,"column":28}},"2":{"start":{"line":9,"column":4},"end":{"line":11,"column":5}},"3":{"start":{"line":10,"column":8},"end":{"line":10,"column":48}},"4":{"start":{"line":13,"column":4},"end":{"line":13,"column":22}}},"fnMap":{"0":{"name":"(anonymous_0)","decl":{"start":{"line":5,"column":23},"end":{"line":5,"column":24}},"loc":{"start":{"line":5,"column":29},"end":{"line":14,"column":1}},"line":5}},"branchMap":{"0":{"loc":{"start":{"line":9,"column":4},"end":{"line":11,"column":5}},"type":"if","locations":[{"start":{"line":9,"column":4},"end":{"line":11,"column":5}},{"start":{},"end":{}}],"line":9},"1":{"loc":{"start":{"line":9,"column":8},"end":{"line":9,"column":34}},"type":"binary-expr","locations":[{"start":{"line":9,"column":8},"end":{"line":9,"column":14}},{"start":{"line":9,"column":18},"end":{"line":9,"column":34}}],"line":9}},"s":{"0":1,"1":2,"2":2,"3":1,"4":1},"f":{"0":2},"b":{"0":[1,1],"1":[2,1]},"_coverageSchema":"1a1c01bbd47fc00a2c39e90264f33305004495a9","hash":"2b92c59f78b309c3cf3d28c11365484b8828fe54"}
,"C:\\Users\\JoshR\\Desktop\\Rent-a-Ride\\frontend\\src\\components\\RegisterModal.js": {"path":"C:\\Users\\JoshR\\Desktop\\Rent-a-Ride\\frontend\\src\\components\\RegisterModal.js","statementMap":{"0":{"start":{"line":7,"column":22},"end":{"line":218,"column":1}},"1":{"start":{"line":8,"column":36},"end":{"line":8,"column":87}},"2":{"start":{"line":9,"column":30},"end":{"line":9,"column":42}},"3":{"start":{"line":10,"column":34},"end":{"line":10,"column":49}},"4":{"start":{"line":11,"column":44},"end":{"line":11,"column":59}},"5":{"start":{"line":13,"column":22},"end":{"line":13,"column":32}},"6":{"start":{"line":15,"column":25},"end":{"line":16,"column":69}},"7":{"start":{"line":16,"column":8},"end":{"line":16,"column":69}},"8":{"start":{"line":18,"column":25},"end":{"line":66,"column":5}},"9":{"start":{"line":19,"column":8},"end":{"line":19,"column":27}},"10":{"start":{"line":20,"column":8},"end":{"line":20,"column":25}},"11":{"start":{"line":21,"column":8},"end":{"line":21,"column":21}},"12":{"start":{"line":23,"column":8},"end":{"line":65,"column":9}},"13":{"start":{"line":24,"column":29},"end":{"line":30,"column":13}},"14":{"start":{"line":33,"column":12},"end":{"line":39,"column":15}},"15":{"start":{"line":42,"column":12},"end":{"line":42,"column":22}},"16":{"start":{"line":43,"column":12},"end":{"line":43,"column":67}},"17":{"start":{"line":44,"column":12},"end":{"line":44,"column":25}},"18":{"start":{"line":47,"column":12},"end":{"line":49,"column":21}},"19":{"start":{"line":48,"column":16},"end":{"line":48,"column":30}},"20":{"start":{"line":51,"column":12},"end":{"line":51,"column":101}},"21":{"start":{"line":52,"column":12},"end":{"line":62,"column":13}},"22":{"start":{"line":53,"column":16},"end":{"line":53,"column":73}},"23":{"start":{"line":54,"column":16},"end":{"line":56,"column":19}},"24":{"start":{"line":58,"column":16},"end":{"line":58,"column":94}},"25":{"start":{"line":59,"column":16},"end":{"line":61,"column":19}},"26":{"start":{"line":64,"column":12},"end":{"line":64,"column":30}},"27":{"start":{"line":69,"column":24},"end":{"line":73,"column":5}},"28":{"start":{"line":70,"column":8},"end":{"line":70,"column":63}},"29":{"start":{"line":71,"column":8},"end":{"line":71,"column":21}},"30":{"start":{"line":72,"column":8},"end":{"line":72,"column":18}},"31":{"start":{"line":76,"column":4},"end":{"line":92,"column":17}},"32":{"start":{"line":77,"column":29},"end":{"line":81,"column":9}},"33":{"start":{"line":78,"column":12},"end":{"line":80,"column":13}},"34":{"start":{"line":79,"column":16},"end":{"line":79,"column":30}},"35":{"start":{"line":83,"column":8},"end":{"line":86,"column":9}},"36":{"start":{"line":84,"column":12},"end":{"line":84,"column":63}},"37":{"start":{"line":85,"column":12},"end":{"line":85,"column":52}},"38":{"start":{"line":88,"column":8},"end":{"line":91,"column":10}},"39":{"start":{"line":89,"column":12},"end":{"line":89,"column":66}},"40":{"start":{"line":90,"column":12},"end":{"line":90,"column":51}},"41":{"start":{"line":94,"column":4},"end":{"line":94,"column":29}},"42":{"start":{"line":94,"column":17},"end":{"line":94,"column":29}},"43":{"start":{"line":96,"column":4},"end":{"line":217,"column":6}},"44":{"start":{"line":106,"column":32},"end":{"line":106,"column":51}},"45":{"start":{"line":183,"column":51},"end":{"line":183,"column":81}},"46":{"start":{"line":205,"column":36},"end":{"line":205,"column":46}},"47":{"start":{"line":206,"column":36},"end":{"line":206,"column":50}}},"fnMap":{"0":{"name":"(anonymous_0)","decl":{"start":{"line":7,"column":22},"end":{"line":7,"column":23}},"loc":{"start":{"line":7,"column":60},"end":{"line":218,"column":1}},"line":7},"1":{"name":"(anonymous_1)","decl":{"start":{"line":15,"column":25},"end":{"line":15,"column":26}},"loc":{"start":{"line":16,"column":8},"end":{"line":16,"column":69}},"line":16},"2":{"name":"(anonymous_2)","decl":{"start":{"line":18,"column":25},"end":{"line":18,"column":26}},"loc":{"start":{"line":18,"column":38},"end":{"line":66,"column":5}},"line":18},"3":{"name":"(anonymous_3)","decl":{"start":{"line":47,"column":23},"end":{"line":47,"column":24}},"loc":{"start":{"line":47,"column":29},"end":{"line":49,"column":13}},"line":47},"4":{"name":"(anonymous_4)","decl":{"start":{"line":69,"column":24},"end":{"line":69,"column":25}},"loc":{"start":{"line":69,"column":30},"end":{"line":73,"column":5}},"line":69},"5":{"name":"(anonymous_5)","decl":{"start":{"line":76,"column":20},"end":{"line":76,"column":21}},"loc":{"start":{"line":76,"column":26},"end":{"line":92,"column":5}},"line":76},"6":{"name":"(anonymous_6)","decl":{"start":{"line":77,"column":29},"end":{"line":77,"column":30}},"loc":{"start":{"line":77,"column":36},"end":{"line":81,"column":9}},"line":77},"7":{"name":"(anonymous_7)","decl":{"start":{"line":88,"column":15},"end":{"line":88,"column":16}},"loc":{"start":{"line":88,"column":21},"end":{"line":91,"column":9}},"line":88},"8":{"name":"(anonymous_8)","decl":{"start":{"line":106,"column":25},"end":{"line":106,"column":26}},"loc":{"start":{"line":106,"column":32},"end":{"line":106,"column":51}},"line":106},"9":{"name":"(anonymous_9)","decl":{"start":{"line":183,"column":45},"end":{"line":183,"column":46}},"loc":{"start":{"line":183,"column":51},"end":{"line":183,"column":81}},"line":183},"10":{"name":"(anonymous_10)","decl":{"start":{"line":204,"column":41},"end":{"line":204,"column":42}},"loc":{"start":{"line":204,"column":47},"end":{"line":207,"column":33}},"line":204}},"branchMap":{"0":{"loc":{"start":{"line":33,"column":26},"end":{"line":33,"column":77}},"type":"binary-expr","locations":[{"start":{"line":33,"column":26},"end":{"line":33,"column":47}},{"start":{"line":33,"column":51},"end":{"line":33,"column":77}}],"line":33},"1":{"loc":{"start":{"line":51,"column":49},"end":{"line":51,"column":99}},"type":"binary-expr","locations":[{"start":{"line":51,"column":49},"end":{"line":51,"column":74}},{"start":{"line":51,"column":78},"end":{"line":51,"column":99}}],"line":51},"2":{"loc":{"start":{"line":52,"column":12},"end":{"line":62,"column":13}},"type":"if","locations":[{"start":{"line":52,"column":12},"end":{"line":62,"column":13}},{"start":{"line":57,"column":19},"end":{"line":62,"column":13}}],"line":52},"3":{"loc":{"start":{"line":58,"column":25},"end":{"line":58,"column":92}},"type":"binary-expr","locations":[{"start":{"line":58,"column":25},"end":{"line":58,"column":48}},{"start":{"line":58,"column":52},"end":{"line":58,"column":92}}],"line":58},"4":{"loc":{"start":{"line":59,"column":28},"end":{"line":59,"column":77}},"type":"binary-expr","locations":[{"start":{"line":59,"column":28},"end":{"line":59,"column":51}},{"start":{"line":59,"column":55},"end":{"line":59,"column":77}}],"line":59},"5":{"loc":{"start":{"line":78,"column":12},"end":{"line":80,"column":13}},"type":"if","locations":[{"start":{"line":78,"column":12},"end":{"line":80,"column":13}},{"start":{},"end":{}}],"line":78},"6":{"loc":{"start":{"line":83,"column":8},"end":{"line":86,"column":9}},"type":"if","locations":[{"start":{"line":83,"column":8},"end":{"line":86,"column":9}},{"start":{},"end":{}}],"line":83},"7":{"loc":{"start":{"line":94,"column":4},"end":{"line":94,"column":29}},"type":"if","locations":[{"start":{"line":94,"column":4},"end":{"line":94,"column":29}},{"start":{},"end":{}}],"line":94},"8":{"loc":{"start":{"line":122,"column":21},"end":{"line":126,"column":21}},"type":"binary-expr","locations":[{"start":{"line":122,"column":21},"end":{"line":122,"column":26}},{"start":{"line":123,"column":24},"end":{"line":125,"column":30}}],"line":122},"9":{"loc":{"start":{"line":129,"column":21},"end":{"line":133,"column":21}},"type":"binary-expr","locations":[{"start":{"line":129,"column":21},"end":{"line":129,"column":28}},{"start":{"line":130,"column":24},"end":{"line":132,"column":30}}],"line":129},"10":{"loc":{"start":{"line":172,"column":42},"end":{"line":172,"column":76}},"type":"cond-expr","locations":[{"start":{"line":172,"column":57},"end":{"line":172,"column":63}},{"start":{"line":172,"column":66},"end":{"line":172,"column":76}}],"line":172},"11":{"loc":{"start":{"line":185,"column":37},"end":{"line":185,"column":98}},"type":"cond-expr","locations":[{"start":{"line":185,"column":52},"end":{"line":185,"column":71}},{"start":{"line":185,"column":74},"end":{"line":185,"column":98}}],"line":185},"12":{"loc":{"start":{"line":195,"column":29},"end":{"line":195,"column":79}},"type":"cond-expr","locations":[{"start":{"line":195,"column":39},"end":{"line":195,"column":60}},{"start":{"line":195,"column":63},"end":{"line":195,"column":79}}],"line":195}},"s":{"0":0,"1":0,"2":0,"3":0,"4":0,"5":0,"6":0,"7":0,"8":0,"9":0,"10":0,"11":0,"12":0,"13":0,"14":0,"15":0,"16":0,"17":0,"18":0,"19":0,"20":0,"21":0,"22":0,"23":0,"24":0,"25":0,"26":0,"27":0,"28":0,"29":0,"30":0,"31":0,"32":0,"33":0,"34":0,"35":0,"36":0,"37":0,"38":0,"39":0,"40":0,"41":0,"42":0,"43":0,"44":0,"45":0,"46":0,"47":0},"f":{"0":0,"1":0,"2":0,"3":0,"4":0,"5":0,"6":0,"7":0,"8":0,"9":0,"10":0},"b":{"0":[0,0],"1":[0,0],"2":[0,0],"3":[0,0],"4":[0,0],"5":[0,0],"6":[0,0],"7":[0,0],"8":[0,0],"9":[0,0],"10":[0,0],"11":[0,0],"12":[0,0]}}
,"C:\\Users\\JoshR\\Desktop\\Rent-a-Ride\\frontend\\src\\components\\ReviewDisplay.js": {"path":"C:\\Users\\JoshR\\Desktop\\Rent-a-Ride\\frontend\\src\\components\\ReviewDisplay.js","statementMap":{"0":{"start":{"line":8,"column":22},"end":{"line":281,"column":1}},"1":{"start":{"line":9,"column":34},"end":{"line":9,"column":46}},"2":{"start":{"line":10,"column":38},"end":{"line":10,"column":52}},"3":{"start":{"line":11,"column":34},"end":{"line":11,"column":48}},"4":{"start":{"line":12,"column":48},"end":{"line":12,"column":63}},"5":{"start":{"line":13,"column":32},"end":{"line":13,"column":50}},"6":{"start":{"line":14,"column":42},"end":{"line":14,"column":53}},"7":{"start":{"line":15,"column":34},"end":{"line":15,"column":49}},"8":{"start":{"line":16,"column":42},"end":{"line":16,"column":57}},"9":{"start":{"line":18,"column":22},"end":{"line":18,"column":32}},"10":{"start":{"line":20,"column":4},"end":{"line":24,"column":24}},"11":{"start":{"line":21,"column":8},"end":{"line":23,"column":9}},"12":{"start":{"line":22,"column":12},"end":{"line":22,"column":27}},"13":{"start":{"line":26,"column":25},"end":{"line":68,"column":5}},"14":{"start":{"line":27,"column":8},"end":{"line":67,"column":9}},"15":{"start":{"line":28,"column":12},"end":{"line":32,"column":13}},"16":{"start":{"line":29,"column":16},"end":{"line":29,"column":33}},"17":{"start":{"line":31,"column":16},"end":{"line":31,"column":37}},"18":{"start":{"line":34,"column":29},"end":{"line":43,"column":13}},"19":{"start":{"line":45,"column":75},"end":{"line":45,"column":88}},"20":{"start":{"line":47,"column":12},"end":{"line":52,"column":13}},"21":{"start":{"line":48,"column":16},"end":{"line":48,"column":61}},"22":{"start":{"line":48,"column":35},"end":{"line":48,"column":59}},"23":{"start":{"line":50,"column":16},"end":{"line":50,"column":39}},"24":{"start":{"line":51,"column":16},"end":{"line":51,"column":37}},"25":{"start":{"line":54,"column":12},"end":{"line":54,"column":51}},"26":{"start":{"line":55,"column":12},"end":{"line":55,"column":43}},"27":{"start":{"line":58,"column":12},"end":{"line":58,"column":60}},"28":{"start":{"line":59,"column":12},"end":{"line":63,"column":13}},"29":{"start":{"line":60,"column":16},"end":{"line":62,"column":19}},"30":{"start":{"line":65,"column":12},"end":{"line":65,"column":30}},"31":{"start":{"line":66,"column":12},"end":{"line":66,"column":34}},"32":{"start":{"line":70,"column":28},"end":{"line":72,"column":5}},"33":{"start":{"line":71,"column":8},"end":{"line":71,"column":44}},"34":{"start":{"line":74,"column":29},"end":{"line":78,"column":5}},"35":{"start":{"line":75,"column":8},"end":{"line":75,"column":27}},"36":{"start":{"line":76,"column":8},"end":{"line":76,"column":26}},"37":{"start":{"line":77,"column":8},"end":{"line":77,"column":33}},"38":{"start":{"line":80,"column":23},"end":{"line":86,"column":5}},"39":{"start":{"line":81,"column":8},"end":{"line":85,"column":11}},"40":{"start":{"line":88,"column":44},"end":{"line":92,"column":5}},"41":{"start":{"line":89,"column":8},"end":{"line":89,"column":84}},"42":{"start":{"line":89,"column":75},"end":{"line":89,"column":84}},"43":{"start":{"line":90,"column":22},"end":{"line":90,"column":96}},"44":{"start":{"line":90,"column":64},"end":{"line":90,"column":83}},"45":{"start":{"line":91,"column":8},"end":{"line":91,"column":53}},"46":{"start":{"line":94,"column":29},"end":{"line":94,"column":91}},"47":{"start":{"line":96,"column":4},"end":{"line":119,"column":5}},"48":{"start":{"line":97,"column":8},"end":{"line":118,"column":10}},"49":{"start":{"line":103,"column":28},"end":{"line":113,"column":34}},"50":{"start":{"line":121,"column":4},"end":{"line":140,"column":5}},"51":{"start":{"line":122,"column":8},"end":{"line":139,"column":10}},"52":{"start":{"line":142,"column":4},"end":{"line":280,"column":6}},"53":{"start":{"line":167,"column":28},"end":{"line":179,"column":34}},"54":{"start":{"line":177,"column":79},"end":{"line":177,"column":98}},"55":{"start":{"line":192,"column":37},"end":{"line":192,"column":69}},"56":{"start":{"line":205,"column":20},"end":{"line":242,"column":26}},"57":{"start":{"line":251,"column":43},"end":{"line":251,"column":66}},"58":{"start":{"line":269,"column":47},"end":{"line":269,"column":71}}},"fnMap":{"0":{"name":"(anonymous_0)","decl":{"start":{"line":8,"column":22},"end":{"line":8,"column":23}},"loc":{"start":{"line":8,"column":78},"end":{"line":281,"column":1}},"line":8},"1":{"name":"(anonymous_1)","decl":{"start":{"line":20,"column":14},"end":{"line":20,"column":15}},"loc":{"start":{"line":20,"column":20},"end":{"line":24,"column":5}},"line":20},"2":{"name":"(anonymous_2)","decl":{"start":{"line":26,"column":25},"end":{"line":26,"column":26}},"loc":{"start":{"line":26,"column":61},"end":{"line":68,"column":5}},"line":26},"3":{"name":"(anonymous_3)","decl":{"start":{"line":48,"column":27},"end":{"line":48,"column":28}},"loc":{"start":{"line":48,"column":35},"end":{"line":48,"column":59}},"line":48},"4":{"name":"(anonymous_4)","decl":{"start":{"line":70,"column":28},"end":{"line":70,"column":29}},"loc":{"start":{"line":70,"column":34},"end":{"line":72,"column":5}},"line":70},"5":{"name":"(anonymous_5)","decl":{"start":{"line":74,"column":29},"end":{"line":74,"column":30}},"loc":{"start":{"line":74,"column":42},"end":{"line":78,"column":5}},"line":74},"6":{"name":"(anonymous_6)","decl":{"start":{"line":80,"column":23},"end":{"line":80,"column":24}},"loc":{"start":{"line":80,"column":39},"end":{"line":86,"column":5}},"line":80},"7":{"name":"(anonymous_7)","decl":{"start":{"line":88,"column":44},"end":{"line":88,"column":45}},"loc":{"start":{"line":88,"column":56},"end":{"line":92,"column":5}},"line":88},"8":{"name":"(anonymous_8)","decl":{"start":{"line":90,"column":56},"end":{"line":90,"column":57}},"loc":{"start":{"line":90,"column":64},"end":{"line":90,"column":83}},"line":90},"9":{"name":"(anonymous_9)","decl":{"start":{"line":102,"column":39},"end":{"line":102,"column":40}},"loc":{"start":{"line":103,"column":28},"end":{"line":113,"column":34}},"line":103},"10":{"name":"(anonymous_10)","decl":{"start":{"line":166,"column":45},"end":{"line":166,"column":46}},"loc":{"start":{"line":167,"column":28},"end":{"line":179,"column":34}}
[...]
"line":28,"column":26}},"loc":{"start":{"line":28,"column":37},"end":{"line":62,"column":5}},"line":28},"3":{"name":"(anonymous_3)","decl":{"start":{"line":64,"column":31},"end":{"line":64,"column":32}},"loc":{"start":{"line":64,"column":51},"end":{"line":94,"column":5}},"line":64},"4":{"name":"(anonymous_4)","decl":{"start":{"line":96,"column":31},"end":{"line":96,"column":32}},"loc":{"start":{"line":96,"column":47},"end":{"line":99,"column":5}},"line":96},"5":{"name":"(anonymous_5)","decl":{"start":{"line":97,"column":19},"end":{"line":97,"column":20}},"loc":{"start":{"line":97,"column":28},"end":{"line":97,"column":53}},"line":97},"6":{"name":"(anonymous_6)","decl":{"start":{"line":101,"column":25},"end":{"line":101,"column":26}},"loc":{"start":{"line":101,"column":32},"end":{"line":104,"column":5}},"line":101},"7":{"name":"(anonymous_7)","decl":{"start":{"line":106,"column":23},"end":{"line":106,"column":24}},"loc":{"start":{"line":106,"column":39},"end":{"line":114,"column":5}},"line":106},"8":{"name":"(anonymous_8)","decl":{"start":{"line":116,"column":27},"end":{"line":116,"column":28}},"loc":{"start":{"line":116,"column":39},"end":{"line":120,"column":5}},"line":116},"9":{"name":"(anonymous_9)","decl":{"start":{"line":141,"column":37},"end":{"line":141,"column":38}},"loc":{"start":{"line":141,"column":43},"end":{"line":141,"column":71}},"line":141},"10":{"name":"(anonymous_10)","decl":{"start":{"line":222,"column":46},"end":{"line":222,"column":47}},"loc":{"start":{"line":222,"column":53},"end":{"line":222,"column":97}},"line":222},"11":{"name":"(anonymous_11)","decl":{"start":{"line":240,"column":46},"end":{"line":240,"column":47}},"loc":{"start":{"line":240,"column":53},"end":{"line":240,"column":95}},"line":240},"12":{"name":"(anonymous_12)","decl":{"start":{"line":258,"column":53},"end":{"line":258,"column":54}},"loc":{"start":{"line":259,"column":36},"end":{"line":268,"column":42}},"line":259},"13":{"name":"(anonymous_13)","decl":{"start":{"line":290,"column":49},"end":{"line":290,"column":50}},"loc":{"start":{"line":291,"column":40},"end":{"line":343,"column":46}},"line":291},"14":{"name":"(anonymous_14)","decl":{"start":{"line":336,"column":61},"end":{"line":336,"column":62}},"loc":{"start":{"line":336,"column":67},"end":{"line":336,"column":97}},"line":336},"15":{"name":"(anonymous_15)","decl":{"start":{"line":356,"column":53},"end":{"line":356,"column":54}},"loc":{"start":{"line":356,"column":59},"end":{"line":356,"column":104}},"line":356},"16":{"name":"(anonymous_16)","decl":{"start":{"line":356,"column":74},"end":{"line":356,"column":75}},"loc":{"start":{"line":356,"column":82},"end":{"line":356,"column":103}},"line":356},"17":{"name":"(anonymous_17)","decl":{"start":{"line":363,"column":53},"end":{"line":363,"column":54}},"loc":{"start":{"line":363,"column":59},"end":{"line":363,"column":113}},"line":363},"18":{"name":"(anonymous_18)","decl":{"start":{"line":363,"column":74},"end":{"line":363,"column":75}},"loc":{"start":{"line":363,"column":82},"end":{"line":363,"column":112}},"line":363}},"branchMap":{"0":{"loc":{"start":{"line":39,"column":12},"end":{"line":39,"column":63}},"type":"if","locations":[{"start":{"line":39,"column":12},"end":{"line":39,"column":63}},{"start":{},"end":{}}],"line":39},"1":{"loc":{"start":{"line":40,"column":12},"end":{"line":40,"column":55}},"type":"if","locations":[{"start":{"line":40,"column":12},"end":{"line":40,"column":55}},{"start":{},"end":{}}],"line":40},"2":{"loc":{"start":{"line":71,"column":8},"end":{"line":73,"column":9}},"type":"if","locations":[{"start":{"line":71,"column":8},"end":{"line":73,"column":9}},{"start":{},"end":{}}],"line":71},"3":{"loc":{"start":{"line":117,"column":8},"end":{"line":117,"column":49}},"type":"if","locations":[{"start":{"line":117,"column":8},"end":{"line":117,"column":49}},{"start":{},"end":{}}],"line":117},"4":{"loc":{"start":{"line":118,"column":8},"end":{"line":118,"column":50}},"type":"if","locations":[{"start":{"line":118,"column":8},"end":{"line":118,"column":50}},{"start":{},"end":{}}],"line":118},"5":{"loc":{"start":{"line":146,"column":29},"end":{"line":146,"column":114}},"type":"cond-expr","locations":[{"start":{"line":146,"column":43},"end":{"line":146,"column":76}},{"start":{"line":146,"column":79},"end":{"line":146,"column":114}}],"line":146},"6":{"loc":{"start":{"line":157,"column":81},"end":{"line":157,"column":104}},"type":"binary-expr","locations":[{"start":{"line":157,"column":81},"end":{"line":157,"column":99}},{"start":{"line":157,"column":103},"end":{"line":157,"column":104}}],"line":157},"7":{"loc":{"start":{"line":168,"column":37},"end":{"line":168,"column":97}},"type":"cond-expr","locations":[{"start":{"line":168,"column":59},"end":{"line":168,"column":89}},{"start":{"line":168,"column":92},"end":{"line":168,"column":97}}],"line":168},"8":{"loc":{"start":{"line":179,"column":81},"end":{"line":179,"column":115}},"type":"binary-expr","locations":[{"start":{"line":179,"column":81},"end":{"line":179,"column":110}},{"start":{"line":179,"column":114},"end":{"line":179,"column":115}}],"line":179},"9":{"loc":{"start":{"line":189,"column":81},"end":{"line":189,"column":115}},"type":"binary-expr","locations":[{"start":{"line":189,"column":81},"end":{"line":189,"column":110}},{"start":{"line":189,"column":114},"end":{"line":189,"column":115}}],"line":189},"10":{"loc":{"start":{"line":197,"column":17},"end":{"line":251,"column":17}},"type":"binary-expr","locations":[{"start":{"line":197,"column":17},"end":{"line":197,"column":28}},{"start":{"line":198,"column":20},"end":{"line":250,"column":26}}],"line":197},"11":{"loc":{"start":{"line":255,"column":21},"end":{"line":373,"column":21}},"type":"cond-expr","locations":[{"start":{"line":256,"column":24},"end":{"line":271,"column":30}},{"start":{"line":272,"column":24},"end":{"line":373,"column":21}}],"line":255},"12":{"loc":{"start":{"line":272,"column":24},"end":{"line":373,"column":21}},"type":"cond-expr","locations":[{"start":{"line":273,"column":24},"end":{"line":282,"column":30}},{"start":{"line":284,"column":24},"end":{"line":372,"column":27}}],"line":272},"13":{"loc":{"start":{"line":277,"column":33},"end":{"line":279,"column":84}},"type":"cond-expr","locations":[{"start":{"line":278,"column":38},"end":{"line":278,"column":87}},{"start":{"line":279,"column":38},"end":{"line":279,"column":84}}],"line":277},"14":{"loc":{"start":{"line":277,"column":33},"end":{"line":277,"column":61}},"type":"binary-expr","locations":[{"start":{"line":277,"column":33},"end":{"line":277,"column":43}},{"start":{"line":277,"column":47},"end":{"line":277,"column":61}}],"line":277},"15":{"loc":{"start":{"line":287,"column":50},"end":{"line":287,"column":73}},"type":"binary-expr","locations":[{"start":{"line":287,"column":50},"end":{"line":287,"column":68}},{"start":{"line":287,"column":72},"end":{"line":287,"column":73}}],"line":287},"16":{"loc":{"start":{"line":299,"column":65},"end":{"line":299,"column":101}},"type":"binary-expr","locations":[{"start":{"line":299,"column":65},"end":{"line":299,"column":86}},{"start":{"line":299,"column":90},"end":{"line":299,"column":101}}],"line":299},"17":{"loc":{"start":{"line":318,"column":57},"end":{"line":322,"column":57}},"type":"binary-expr","locations":[{"start":{"line":318,"column":57},"end":{"line":318,"column":71}},{"start":{"line":318,"column":75},"end":{"line":318,"column":96}},{"start":{"line":319,"column":60},"end":{"line":321,"column":64}}],"line":318},"18":{"loc":{"start":{"line":349,"column":29},"end":{"line":371,"column":29}},"type":"binary-expr","locations":[{"start":{"line":349,"column":29},"end":{"line":349,"column":43}},{"start":{"line":350,"column":32},"end":{"line":370,"column":38}}],"line":349}},"s":{"0":1,"1":0,"2":0,"3":0,"4":0,"5":0,"6":0,"7":0,"8":0,"9":0,"10":0,"11":0,"12":0,"13":0,"14":0,"15":0,"16":0,"17":0,"18":0,"19":0,"20":0,"21":0,"22":0,"23":0,"24":0,"25":0,"26":0,"27":0,"28":0,"29":0,"30":0,"31":0,"32":0,"33":0,"34":0,"35":0,"36":0,"37":0,"38":0,"39":0,"40":0,"41":0,"42":0,"43":0,"44":0,"45":0,"46":0,"47":0,"48":0,"49":0,"50":0,"51":0,"52":0,"53":0,"54":0,"55":0,"56":0,"57":0,"58":0,"59":0,"60":0,"61":0,"62":0,"63":0,"64":0},"f":{"0":0,"1":0,"2":0,"3":0,"4":0,"5":0,"6":0,"7":0,"8":0,"9":0,"10":0,"11":0,"12":0,"13":0,"14":0,"15":0,"16":0,"17":0,"18":0},"b":{"0":[0,0],"1":[0,0],"2":[0,0],"3":[0,0],"4":[0,0],"5":[0,0],"6":[0,0],"7":[0,0],"8":[0,0],"9":[0,0],"10":[0,0],"11":[0,0],"12":[0,0],"13":[0,0],"14":[0,0],"15":[0,0],"16":[0,0],"17":[0,0,0],"18":[0,0]},"_coverageSchema":"1a1c01bbd47fc00a2c39e90264f33305004495a9","hash":"ee5b4bc83cfa9ff169e0e31755dd73e3a52da4f5"}
,"C:\\Users\\JoshR\\Desktop\\Rent-a-Ride\\frontend\\src\\pages\\UserManagement.js": {"path":"C:\\Users\\JoshR\\Desktop\\Rent-a-Ride\\frontend\\src\\pages\\UserManagement.js","statementMap":{"0":{"start":{"line":8,"column":23},"end":{"line":194,"column":1}},"1":{"start":{"line":9,"column":30},"end":{"line":9,"column":42}},"2":{"start":{"line":10,"column":32},"end":{"line":10,"column":44}},"3":{"start":{"line":11,"column":30},"end":{"line":11,"column":42}},"4":{"start":{"line":13,"column":31},"end":{"line":13,"column":41}},"5":{"start":{"line":15,"column":4},"end":{"line":17,"column":11}},"6":{"start":{"line":16,"column":8},"end":{"line":16,"column":21}},"7":{"start":{"line":19,"column":23},"end":{"line":31,"column":5}},"8":{"start":{"line":20,"column":8},"end":{"line":30,"column":9}},"9":{"start":{"line":21,"column":29},"end":{"line":25,"column":14}},"10":{"start":{"line":26,"column":12},"end":{"line":26,"column":36}},"11":{"start":{"line":28,"column":12},"end":{"line":28,"column":99}},"12":{"start":{"line":29,"column":12},"end":{"line":29,"column":46}},"13":{"start":{"line":33,"column":26},"end":{"line":53,"column":5}},"14":{"start":{"line":34,"column":8},"end":{"line":52,"column":9}},"15":{"start":{"line":35,"column":29},"end":{"line":43,"column":13}},"16":{"start":{"line":44,"column":12},"end":{"line":46,"column":15}},"17":{"start":{"line":48,"column":12},"end":{"line":48,"column":60}},"18":{"start":{"line":49,"column":12},"end":{"line":51,"column":15}},"19":{"start":{"line":55,"column":23},"end":{"line":65,"column":5}},"20":{"start":{"line":56,"column":26},"end":{"line":61,"column":10}},"21":{"start":{"line":62,"column":8},"end":{"line":64,"column":9}},"22":{"start":{"line":63,"column":12},"end":{"line":63,"column":40}},"23":{"start":{"line":67,"column":32},"end":{"line":84,"column":5}},"24":{"start":{"line":68,"column":8},"end":{"line":83,"column":9}},"25":{"start":{"line":69,"column":12},"end":{"line":73,"column":15}},"26":{"start":{"line":74,"column":12},"end":{"line":74,"column":25}},"27":{"start":{"line":75,"column":12},"end":{"line":77,"column":15}},"28":{"start":{"line":79,"column":12},"end":{"line":79,"column":55}},"29":{"start":{"line":80,"column":12},"end":{"line":82,"column":15}},"30":{"start":{"line":86,"column":26},"end":{"line":89,"column":5}},"31":{"start":{"line":87,"column":8},"end":{"line":88,"column":63}},"32":{"start":{"line":91,"column":4},"end":{"line":193,"column":6}},"33":{"start":{"line":120,"column":49},"end":{"line":120,"column":74}},"34":{"start":{"line":130,"column":65},"end":{"line":130,"column":83}},"35":{"start":{"line":140,"column":28},"end":{"line":181,"column":34}},"36":{"start":{"line":167,"column":55},"end":{"line":167,"column":78}},"37":{"start":{"line":175,"column":59},"end":{"line":175,"column":79}}},"fnMap":{"0":{"name":"(anonymous_0)","decl":{"start":{"line":8,"column":23},"end":{"line":8,"column":24}},"loc":{"start":{"line":8,"column":29},"end":{"line":194,"column":1}},"line":8},"1":{"name":"(anonymous_1)","decl":{"start":{"line":15,"column":14},"end":{"line":15,"column":15}},"loc":{"start":{"line":15,"column":20},"end":{"line":17,"column":5}},"line":15},"2":{"name":"(anonymous_2)","decl":{"start":{"line":19,"column":23},"end":{"line":19,"column":24}},"loc":{"start":{"line":19,"column":35},"end":{"line":31,"column":5}},"line":19},"3":{"name":"(anonymous_3)","decl":{"start":{"line":33,"column":26},"end":{"line":33,"column":27}},"loc":{"start":{"line":33,"column":44},"end":{"line":53,"column":5}},"line":33},"4":{"name":"(anonymous_4)","decl":{"start":{"line":55,"column":23},"end":{"line":55,"column":24}},"loc":{"start":{"line":55,"column":41},"end":{"line":65,"column":5}},"line":55},"5":{"name":"(anonymous_5)","decl":{"start":{"line":67,"column":32},"end":{"line":67,"column":33}},"loc":{"start":{"line":67,"column":50},"end":{"line":84,"column":5}},"line":67},"6":{"name":"(anonymous_6)","decl":{"start":{"line":86,"column":39},"end":{"line":86,"column":40}},"loc":{"start":{"line":87,"column":8},"end":{"line":88,"column":63}},"line":87},"7":{"name":"(anonymous_7)","decl":{"start":{"line":120,"column":42},"end":{"line":120,"column":43}},"loc":{"start":{"line":120,"column":49},"end":{"line":120,"column":74}},"line":120},"8":{"name":"(anonymous_8)","decl":{"start":{"line":130,"column":60},"end":{"line":130,"column":61}},"loc":{"start":{"line":130,"column":65},"end":{"line":130,"column":83}},"line":130},"9":{"name":"(anonymous_9)","decl":{"start":{"line":139,"column":42},"end":{"line":139,"column":43}},"loc":{"start":{"line":140,"column":28},"end":{"line":181,"column":34}},"line":140},"10":{"name":"(anonymous_10)","decl":{"start":{"line":167,"column":49},"end":{"line":167,"column":50}},"loc":{"start":{"line":167,"column":55},"end":{"line":167,"column":78}},"line":167},"11":{"name":"(anonymous_11)","decl":{"start":{"line":175,"column":53},"end":{"line":175,"column":54}},"loc":{"start":{"line":175,"column":59},"end":{"line":175,"column":79}},"line":175}},"branchMap":{"0":{"loc":{"start":{"line":28,"column":51},"end":{"line":28,"column":97}},"type":"binary-expr","locations":[{"start":{"line":28,"column":51},"end":{"line":28,"column":80}},{"start":{"line":28,"column":84},"end":{"line":28,"column":97}}],"line":28},"1":{"loc":{"start":{"line":49,"column":24},"end":{"line":49,"column":81}},"type":"binary-expr","locations":[{"start":{"line":49,"column":24},"end":{"line":49,"column":51}},{"start":{"line":49,"column":55},"end":{"line":49,"column":81}}],"line":49},"2":{"loc":{"start":{"line":62,"column":8},"end":{"line":64,"column":9}},"type":"if","locations":[{"start":{"line":62,"column":8},"end":{"line":64,"column":9}},{"start":{},"end":{}}],"line":62},"3":{"loc":{"start":{"line":87,"column":8},"end":{"line":88,"column":63}},"type":"binary-expr","locations":[{"start":{"line":87,"column":8},"end":{"line":87,"column":66}},{"start":{"line":88,"column":8},"end":{"line":88,"column":63}}],"line":87},"4":{"loc":{"start":{"line":104,"column":17},"end":{"line":108,"column":17}},"type":"binary-expr","locations":[{"start":{"line":104,"column":17},"end":{"line":104,"column":22}},{"start":{"line":105,"column":20},"end":{"line":107,"column":26}}],"line":104},"5":{"loc":{"start":{"line":138,"column":21},"end":{"line":189,"column":21}},"type":"cond-expr","locations":[{"start":{"line":139,"column":24},"end":{"line":182,"column":26}},{"start":{"line":184,"column":24},"end":{"line":188,"column":30}}],"line":138},"6":{"loc":{"start":{"line":153,"column":40},"end":{"line":155,"column":75}},"type":"cond-expr","locations":[{"start":{"line":154,"column":46},"end":{"line":154,"column":77}},{"start":{"line":155,"column":46},"end":{"line":155,"column":75}}],"line":153},"7":{"loc":{"start":{"line":172,"column":37},"end":{"line":179,"column":37}},"type":"binary-expr","locations":[{"start":{"line":172,"column":37},"end":{"line":172,"column":58}},{"start":{"line":173,"column":40},"end":{"line":178,"column":49}}],"line":172}},"s":{"0":0,"1":0,"2":0,"3":0,"4":0,"5":0,"6":0,"7":0,"8":0,"9":0,"10":0,"11":0,"12":0,"13":0,"14":0,"15":0,"16":0,"17":0,"18":0,"19":0,"20":0,"21":0,"22":0,"23":0,"24":0,"25":0,"26":0,"27":0,"28":0,"29":0,"30":0,"31":0,"32":0,"33":0,"34":0,"35":0,"36":0,"37":0},"f":{"0":0,"1":0,"2":0,"3":0,"4":0,"5":0,"6":0,"7":0,"8":0,"9":0,"10":0,"11":0},"b":{"0":[0,0],"1":[0,0],"2":[0,0],"3":[0,0],"4":[0,0],"5":[0,0],"6":[0,0],"7":[0,0]}}
,"C:\\Users\\JoshR\\Desktop\\Rent-a-Ride\\frontend\\src\\utils\\auth.js": {"path":"C:\\Users\\JoshR\\Desktop\\Rent-a-Ride\\frontend\\src\\utils\\auth.js","statementMap":{"0":{"start":{"line":4,"column":24},"end":{"line":4,"column":59}},"1":{"start":{"line":4,"column":30},"end":{"line":4,"column":59}},"2":{"start":{"line":7,"column":24},"end":{"line":7,"column":71}},"3":{"start":{"line":7,"column":35},"end":{"line":7,"column":71}},"4":{"start":{"line":10,"column":27},"end":{"line":10,"column":65}},"5":{"start":{"line":10,"column":33},"end":{"line":10,"column":65}},"6":{"start":{"line":13,"column":27},"end":{"line":24,"column":1}},"7":{"start":{"line":14,"column":18},"end":{"line":14,"column":28}},"8":{"start":{"line":15,"column":4},"end":{"line":15,"column":28}},"9":{"start":{"line":15,"column":16},"end":{"line":15,"column":28}},"10":{"start":{"line":17,"column":4},"end":{"line":23,"column":5}},"11":{"start":{"line":18,"column":8},"end":{"line":18,"column":32}},"12":{"start":{"line":20,"column":8},"end":{"line":20,"column":64}},"13":{"start":{"line":21,"column":8},"end":{"line":21,"column":22}},"14":{"start":{"line":22,"column":8},"end":{"line":22,"column":20}},"15":{"start":{"line":27,"column":30},"end":{"line":33,"column":1}},"16":{"start":{"line":28,"column":20},"end":{"line":28,"column":33}},"17":{"start":{"line":29,"column":4},"end":{"line":29,"column":30}},"18":{"start":{"line":29,"column":18},"end":{"line":29,"column":30}},"19":{"start":{"line":31,"column":24},"end":{"line":31,"column":53}},"20":{"start":{"line":32,"column":4},"end":{"line":32,"column":37}},"21":{"start":{"line":36,"column":22},"end":{"line":40,"column":1}},"22":{"start":{"line":37,"column":4},"end":{"line":37,"column":18}},"23":{"start":{"line":38,"column":4},"end":{"line":38,"column":36}},"24":{"start":{"line":39,"column":4},"end":{"line":39,"column":32}},"25":{"start":{"line":39,"column":18},"end":{"line":39,"column":32}}},"fnMap":{"0":{"name":"(anonymous_0)","decl":{"start":{"line":4,"column":24},"end":{"line":4,"column":25}},"loc":{"start":{"line":4,"column":30},"end":{"line":4,"column":59}},"line":4},"1":{"name":"(anonymous_1)","decl":{"start":{"line":7,"column":24},"end":{"line":7,"column":25}},"loc":{"start":{"line":7,"column":35},"end":{"line":7,"column":71}},"line":7},"2":{"name":"(anonymous_2)","decl":{"start":{"line":10,"column":27},"end":{"line":10,"column":28}},"loc":{"start":{"line":10,"column":33},"end":{"line":10,"column":65}},"line":10},"3":{"name":"(anonymous_3)","decl":{"start":{"line":13,"column":27},"end":{"line":13,"column":28}},"loc":{"start":{"line":13,"column":33},"end":{"line":24,"column":1}},"line":13},"4":{"name":"(anonymous_4)","decl":{"start":{"line":27,"column":30},"end":{"line":27,"column":31}},"loc":{"start":{"line":27,"column":36},"end":{"line":33,"column":1}},"line":27},"5":{"name":"(anonymous_5)","decl":{"start":{"line":36,"column":22},"end":{"line":36,"column":23}},"loc":{"start":{"line":36,"column":36},"end":{"line":40,"column":1}},"line":36}},"branchMap":{"0":{"loc":{"start":{"line":15,"column":4},"end":{"line":15,"column":28}},"type":"if","locations":[{"start":{"line":15,"column":4},"end":{"line":15,"column":28}},{"start":{},"end":{}}],"line":15},"1":{"loc":{"start":{"line":29,"column":4},"end":{"line":29,"column":30}},"type":"if","locations":[{"start":{"line":29,"column":4},"end":{"line":29,"column":30}},{"start":{},"end":{}}],"line":29},"2":{"loc":{"start":{"line":39,"column":4},"end":{"line":39,"column":32}},"type":"if","locations":[{"start":{"line":39,"column":4},"end":{"line":39,"column":32}},{"start":{},"end":{}}],"line":39}},"s":{"0":4,"1":7,"2":4,"3":3,"4":4,"5":1,"6":4,"7":2,"8":2,"9":0,"10":2,"11":2,"12":0,"13":0,"14":0,"15":4,"16":1,"17":1,"18":0,"19":1,"20":1,"21":4,"22":0,"23":0,"24":0,"25":0},"f":{"0":7,"1":3,"2":1,"3":2,"4":1,"5":0},"b":{"0":[0,2],"1":[0,1],"2":[0,0]},"_coverageSchema":"1a1c01bbd47fc00a2c39e90264f33305004495a9","hash":"f1b9039faea3e5f8ff7c73ac3b07b54d714b7ee7"}
}
