TN:
SF:src\App.js
FN:34,(anonymous_0)
FN:46,(anonymous_1)
FN:67,(anonymous_2)
FN:69,(anonymous_3)
FN:70,(anonymous_4)
FN:89,(anonymous_5)
FN:90,(anonymous_6)
FN:97,(anonymous_7)
FN:100,(anonymous_8)
FN:110,(anonymous_9)
FN:133,(anonymous_10)
FN:137,(anonymous_11)
FN:159,(anonymous_12)
FN:204,(anonymous_13)
FN:222,(anonymous_14)
FN:231,(anonymous_15)
FN:259,(anonymous_16)
FNF:17
FNH:7
FNDA:1,(anonymous_0)
FNDA:1,(anonymous_1)
FNDA:1,(anonymous_2)
FNDA:1,(anonymous_3)
FNDA:1,(anonymous_4)
FNDA:1,(anonymous_5)
FNDA:0,(anonymous_6)
FNDA:1,(anonymous_7)
FNDA:0,(anonymous_8)
FNDA:0,(anonymous_9)
FNDA:0,(anonymous_10)
FNDA:0,(anonymous_11)
FNDA:0,(anonymous_12)
FNDA:0,(anonymous_13)
FNDA:0,(anonymous_14)
FNDA:0,(anonymous_15)
FNDA:0,(anonymous_16)
DA:34,1
DA:35,1
DA:46,1
DA:47,1
DA:48,1
DA:49,1
DA:50,1
DA:51,1
DA:62,1
DA:64,1
DA:67,1
DA:69,1
DA:70,1
DA:71,1
DA:72,1
DA:74,0
DA:75,0
DA:77,0
DA:78,0
DA:79,0
DA:80,0
DA:85,1
DA:89,1
DA:90,1
DA:91,0
DA:92,0
DA:96,1
DA:97,1
DA:100,1
DA:101,0
DA:102,0
DA:103,0
DA:104,0
DA:105,0
DA:106,0
DA:110,1
DA:111,0
DA:112,0
DA:113,0
DA:114,0
DA:115,0
DA:118,0
DA:121,0
DA:126,0
DA:127,0
DA:128,0
DA:129,0
DA:133,1
DA:134,0
DA:137,1
DA:138,0
DA:141,1
DA:160,0
DA:161,0
DA:204,0
DA:223,0
DA:224,0
DA:232,0
DA:233,0
DA:260,0
DA:261,0
LF:61
LH:25
BRDA:50,0,0,1
BRDA:50,0,1,1
BRDA:72,1,0,1
BRDA:72,1,1,0
BRDA:74,2,0,0
BRDA:74,2,1,0
BRDA:78,3,0,0
BRDA:78,3,1,0
BRDA:91,4,0,0
BRDA:91,4,1,0
BRDA:91,5,0,0
BRDA:91,5,1,0
BRDA:100,6,0,0
BRDA:105,7,0,0
BRDA:105,7,1,0
BRDA:127,8,0,0
BRDA:127,8,1,0
BRDA:127,9,0,0
BRDA:127,9,1,0
BRDA:155,10,0,1
BRDA:155,10,1,0
BRDA:176,11,0,0
BRDA:176,11,1,0
BRDA:188,12,0,0
BRDA:188,12,1,0
BRDA:207,13,0,0
BRDA:207,13,1,1
BRDA:216,14,0,1
BRDA:216,14,1,0
BRDA:219,15,0,0
BRDA:219,15,1,0
BRDA:242,16,0,0
BRDA:242,16,1,0
BRDA:256,17,0,0
BRDA:256,17,1,0
BRDA:283,18,0,1
BRDA:283,18,1,0
BRF:37
BRH:7
end_of_record
TN:
SF:src\index.js
FNF:0
FNH:0
DA:6,0
DA:7,0
LF:2
LH:0
BRF:0
BRH:0
end_of_record
TN:
SF:src\components\AdminSidebar.js
FN:5,(anonymous_0)
FN:15,(anonymous_1)
FN:31,(anonymous_2)
FN:47,(anonymous_3)
FN:63,(anonymous_4)
FN:79,(anonymous_5)
FNF:6
FNH:0
FNDA:0,(anonymous_0)
FNDA:0,(anonymous_1)
FNDA:0,(anonymous_2)
FNDA:0,(anonymous_3)
FNDA:0,(anonymous_4)
FNDA:0,(anonymous_5)
DA:5,1
DA:6,0
DA:16,0
DA:32,0
DA:48,0
DA:64,0
DA:80,0
LF:7
LH:1
BRDA:17,0,0,0
BRDA:17,0,1,0
BRDA:33,1,0,0
BRDA:33,1,1,0
BRDA:49,2,0,0
BRDA:49,2,1,0
BRDA:65,3,0,0
BRDA:65,3,1,0
BRDA:81,4,0,0
BRDA:81,4,1,0
BRF:10
BRH:0
end_of_record
TN:
SF:src\components\CarForm.js
FN:3,(anonymous_0)
FN:10,(anonymous_1)
FN:20,(anonymous_2)
FN:27,(anonymous_3)
FN:28,(anonymous_4)
FN:29,(anonymous_5)
FN:30,(anonymous_6)
FN:31,(anonymous_7)
FNF:8
FNH:0
FNDA:0,(anonymous_0)
FNDA:0,(anonymous_1)
FNDA:0,(anonymous_2)
FNDA:0,(anonymous_3)
FNDA:0,(anonymous_4)
FNDA:0,(anonymous_5)
FNDA:0,(anonymous_6)
FNDA:0,(anonymous_7)
DA:3,0
DA:4,0
DA:5,0
DA:6,0
DA:7,0
DA:8,0
DA:10,0
DA:11,0
DA:12,0
DA:13,0
DA:14,0
DA:15,0
DA:16,0
DA:20,0
DA:21,0
DA:22,0
DA:25,0
DA:27,0
DA:28,0
DA:29,0
DA:30,0
DA:31,0
LF:22
LH:0
BRDA:11,0,0,0
BRDA:11,0,1,0
BRDA:35,1,0,0
BRDA:35,1,1,0
BRF:4
BRH:0
end_of_record
TN:
SF:src\components\CarListing.js
FN:5,(anonymous_0)
FN:9,(anonymous_1)
FN:14,(anonymous_2)
FN:57,(anonymous_3)
FN:114,(anonymous_4)
FN:123,(anonymous_5)
FN:135,(anonymous_6)
FNF:7
FNH:0
FNDA:0,(anonymous_0)
FNDA:0,(anonymous_1)
FNDA:0,(anonymous_2)
FNDA:0,(anonymous_3)
FNDA:0,(anonymous_4)
FNDA:0,(anonymous_5)
FNDA:0,(anonymous_6)
DA:5,0
DA:6,0
DA:9,0
DA:10,0
DA:14,0
DA:15,0
DA:16,0
DA:18,0
DA:21,0
DA:23,0
DA:58,0
DA:59,0
DA:114,0
DA:123,0
DA:135,0
DA:156,0
LF:16
LH:0
BRDA:5,0,0,0
BRDA:15,1,0,0
BRDA:15,1,1,0
BRDA:24,2,0,0
BRDA:24,2,1,0
BRDA:38,3,0,0
BRDA:38,3,1,0
BRDA:42,4,0,0
BRDA:42,4,1,0
BRDA:50,5,0,0
BRDA:50,5,1,0
BRDA:109,6,0,0
BRDA:109,6,1,0
BRDA:111,7,0,0
BRDA:111,7,1,0
BRDA:120,8,0,0
BRDA:120,8,1,0
BRDA:132,9,0,0
BRDA:132,9,1,0
BRDA:142,10,0,0
BRDA:142,10,1,0
BRF:21
BRH:0
end_of_record
TN:
SF:src\components\CarSearch.js
FN:4,(anonymous_0)
FN:13,(anonymous_1)
FN:14,(anonymous_2)
FN:18,(anonymous_3)
FN:30,(anonymous_4)
FN:44,(anonymous_5)
FN:63,(anonymous_6)
FN:66,(anonymous_7)
FN:81,(anonymous_8)
FN:84,(anonymous_9)
FNF:10
FNH:0
FNDA:0,(anonymous_0)
FNDA:0,(anonymous_1)
FNDA:0,(anonymous_2)
FNDA:0,(anonymous_3)
FNDA:0,(anonymous_4)
FNDA:0,(anonymous_5)
FNDA:0,(anonymous_6)
FNDA:0,(anonymous_7)
FNDA:0,(anonymous_8)
FNDA:0,(anonymous_9)
DA:4,0
DA:5,0
DA:6,0
DA:7,0
DA:8,0
DA:9,0
DA:10,0
DA:13,0
DA:14,0
DA:15,0
DA:16,0
DA:17,0
DA:18,0
DA:19,0
DA:21,0
DA:22,0
DA:26,0
DA:30,0
DA:31,0
DA:32,0
DA:33,0
DA:34,0
DA:35,0
DA:37,0
DA:38,0
DA:39,0
DA:44,0
DA:45,0
DA:46,0
DA:48,0
DA:49,0
DA:53,0
DA:63,0
DA:67,0
DA:81,0
DA:85,0
LF:36
LH:0
BRDA:21,0,0,0
BRDA:21,0,1,0
BRDA:35,1,0,0
BRDA:35,1,1,0
BRDA:48,2,0,0
BRDA:48,2,1,0
BRDA:56,3,0,0
BRDA:56,3,1,0
BRDA:74,4,0,0
BRDA:74,4,1,0
BRDA:74,4,2,0
BRDA:93,5,0,0
BRDA:93,5,1,0
BRF:13
BRH:0
end_of_record
TN:
SF:src\components\CarTable.js
FN:3,(anonymous_0)
FN:16,(anonymous_1)
FN:24,(anonymous_2)
FN:25,(anonymous_3)
FNF:4
FNH:0
FNDA:0,(anonymous_0)
FNDA:0,(anonymous_1)
FNDA:0,(anonymous_2)
FNDA:0,(anonymous_3)
DA:3,0
DA:4,0
DA:17,0
DA:24,0
DA:25,0
LF:5
LH:0
BRDA:22,0,0,0
BRDA:22,0,1,0
BRF:2
BRH:0
end_of_record
TN:
SF:src\components\DatePickerComponent.js
FN:7,(anonymous_0)
FN:16,(anonymous_1)
FNF:2
FNH:0
FNDA:0,(anonymous_0)
FNDA:0,(anonymous_1)
DA:7,0
DA:8,0
DA:16,0
DA:17,0
DA:18,0
DA:19,0
DA:23,0
LF:7
LH:0
BRDA:18,0,0,0
BRDA:18,0,1,0
BRF:2
BRH:0
end_of_record
TN:
SF:src\components\ImageUpload.js
FN:4,(anonymous_0)
FN:10,(anonymous_1)
FN:14,(anonymous_2)
FNF:3
FNH:0
FNDA:0,(anonymous_0)
FNDA:0,(anonymous_1)
FNDA:0,(anonymous_2)
DA:4,0
DA:5,0
DA:6,0
DA:7,0
DA:8,0
DA:10,0
DA:11,0
DA:14,0
DA:15,0
DA:16,0
DA:17,0
DA:20,0
DA:21,0
DA:23,0
DA:24,0
DA:26,0
DA:27,0
DA:32,0
DA:33,0
DA:35,0
DA:37,0
DA:38,0
DA:40,0
DA:44,0
LF:24
LH:0
BRDA:15,0,0,0
BRDA:15,0,1,0
BRDA:37,1,0,0
BRDA:37,1,1,0
BRDA:47,2,0,0
BRDA:47,2,1,0
BRDA:48,3,0,0
BRDA:48,3,1,0
BRDA:73,4,0,0
BRDA:73,4,1,0
BRDA:78,5,0,0
BRDA:78,5,1,0
BRF:12
BRH:0
end_of_record
TN:
SF:src\components\LoginModal.js
FN:7,(anonymous_0)
FN:17,(anonymous_1)
FN:23,(anonymous_2)
FN:69,(anonymous_3)
FN:77,(anonymous_4)
FN:78,(anonymous_5)
FN:89,(anonymous_6)
FN:107,(anonymous_7)
FN:137,(anonymous_8)
FN:152,(anonymous_9)
FN:160,(anonymous_10)
FN:181,(anonymous_11)
FNF:12
FNH:0
FNDA:0,(anonymous_0)
FNDA:0,(anonymous_1)
FNDA:0,(anonymous_2)
FNDA:0,(anonymous_3)
FNDA:0,(anonymous_4)
FNDA:0,(anonymous_5)
FNDA:0,(anonymous_6)
FNDA:0,(anonymous_7)
FNDA:0,(anonymous_8)
FNDA:0,(anonymous_9)
FNDA:0,(anonymous_10)
FNDA:0,(anonymous_11)
DA:7,0
DA:8,0
DA:9,0
DA:10,0
DA:11,0
DA:12,0
DA:14,0
DA:17,0
DA:18,0
DA:19,0
DA:23,0
DA:24,0
DA:27,0
DA:28,0
DA:29,0
DA:32,0
DA:33,0
DA:35,0
DA:36,0
DA:42,0
DA:43,0
DA:44,0
DA:47,0
DA:53,0
DA:54,0
DA:55,0
DA:56,0
DA:58,0
DA:59,0
DA:60,0
DA:64,0
DA:69,0
DA:70,0
DA:71,0
DA:72,0
DA:73,0
DA:77,0
DA:78,0
DA:79,0
DA:80,0
DA:84,0
DA:85,0
DA:86,0
DA:89,0
DA:90,0
DA:91,0
DA:95,0
DA:97,0
DA:107,0
DA:137,0
DA:152,0
DA:160,0
DA:182,0
DA:183,0
LF:54
LH:0
BRDA:27,0,0,0
BRDA:27,0,1,0
BRDA:58,1,0,0
BRDA:58,1,1,0
BRDA:59,2,0,0
BRDA:59,2,1,0
BRDA:60,3,0,0
BRDA:60,3,1,0
BRDA:79,4,0,0
BRDA:79,4,1,0
BRDA:84,5,0,0
BRDA:84,5,1,0
BRDA:95,6,0,0
BRDA:95,6,1,0
BRDA:123,7,0,0
BRDA:123,7,1,0
BRDA:150,8,0,0
BRDA:150,8,1,0
BRDA:162,9,0,0
BRDA:162,9,1,0
BRDA:172,10,0,0
BRDA:172,10,1,0
BRF:22
BRH:0
end_of_record
TN:
SF:src\components\ProfileAvatar.js
FN:4,(anonymous_0)
FN:41,(anonymous_1)
FNF:2
FNH:0
FNDA:0,(anonymous_0)
FNDA:0,(anonymous_1)
DA:4,1
DA:11,0
DA:21,0
DA:31,0
DA:32,0
DA:34,0
DA:43,0
DA:44,0
DA:45,0
LF:9
LH:1
BRDA:6,0,0,0
BRDA:7,1,0,0
BRDA:8,2,0,0
BRDA:9,3,0,0
BRDA:32,4,0,0
BRDA:32,4,1,0
BRDA:36,5,0,0
BRDA:36,5,1,0
BRDA:39,6,0,0
BRDA:39,6,1,0
BRDA:44,7,0,0
BRDA:44,7,1,0
BRDA:52,8,0,0
BRDA:52,8,1,0
BRDA:53,9,0,0
BRDA:53,9,1,0
BRDA:54,10,0,0
BRDA:54,10,1,0
BRF:18
BRH:0
end_of_record
TN:
SF:src\components\ProfilePictureUpload.js
FN:6,(anonymous_0)
FN:13,(anonymous_1)
FN:20,(anonymous_2)
FN:79,(anonymous_3)
FN:118,(anonymous_4)
FN:132,(anonymous_5)
FNF:6
FNH:0
FNDA:0,(anonymous_0)
FNDA:0,(anonymous_1)
FNDA:0,(anonymous_2)
FNDA:0,(anonymous_3)
FNDA:0,(anonymous_4)
FNDA:0,(anonymous_5)
DA:6,0
DA:7,0
DA:8,0
DA:9,0
DA:11,0
DA:13,0
DA:14,0
DA:15,0
DA:16,0
DA:20,0
DA:22,0
DA:23,0
DA:24,0
DA:27,0
DA:31,0
DA:32,0
DA:33,0
DA:36,0
DA:39,0
DA:41,0
DA:42,0
DA:43,0
DA:45,0
DA:56,0
DA:61,0
DA:62,0
DA:66,0
DA:67,0
DA:71,0
DA:73,0
DA:74,0
DA:79,0
DA:80,0
DA:81,0
DA:84,0
DA:87,0
DA:89,0
DA:90,0
DA:99,0
DA:104,0
DA:105,0
DA:109,0
DA:110,0
DA:114,0
DA:118,0
DA:119,0
DA:122,0
DA:134,0
DA:135,0
LF:49
LH:0
BRDA:15,0,0,0
BRDA:15,0,1,0
BRDA:23,1,0,0
BRDA:23,1,1,0
BRDA:32,2,0,0
BRDA:32,2,1,0
BRDA:61,3,0,0
BRDA:61,3,1,0
BRDA:61,4,0,0
BRDA:61,4,1,0
BRDA:67,5,0,0
BRDA:67,5,1,0
BRDA:73,6,0,0
BRDA:73,6,1,0
BRDA:80,7,0,0
BRDA:80,7,1,0
BRDA:104,8,0,0
BRDA:104,8,1,0
BRDA:104,9,0,0
BRDA:104,9,1,0
BRDA:110,10,0,0
BRDA:110,10,1,0
BRDA:127,11,0,0
BRDA:127,11,1,0
BRDA:143,12,0,0
BRDA:143,12,1,0
BRDA:146,13,0,0
BRDA:146,13,1,0
BRDA:160,14,0,0
BRDA:160,14,1,0
BRDA:163,15,0,0
BRDA:163,15,1,0
BRDA:168,16,0,0
BRDA:168,16,1,0
BRDA:168,17,0,0
BRDA:168,17,1,0
BRDA:171,18,0,0
BRDA:171,18,1,0
BRDA:174,19,0,0
BRDA:174,19,1,0
BRDA:177,20,0,0
BRDA:177,20,1,0
BRDA:182,21,0,0
BRDA:182,21,1,0
BRF:44
BRH:0
end_of_record
TN:
SF:src\components\ProtectedRoute.js
FN:5,(anonymous_0)
FNF:1
FNH:1
FNDA:2,(anonymous_0)
DA:5,1
DA:6,2
DA:9,2
DA:10,1
DA:13,1
LF:5
LH:5
BRDA:9,0,0,1
BRDA:9,0,1,1
BRDA:9,1,0,2
BRDA:9,1,1,1
BRF:4
BRH:4
end_of_record
TN:
SF:src\components\RegisterModal.js
FN:7,(anonymous_0)
FN:15,(anonymous_1)
FN:18,(anonymous_2)
FN:47,(anonymous_3)
FN:69,(anonymous_4)
FN:76,(anonymous_5)
FN:77,(anonymous_6)
FN:88,(anonymous_7)
FN:106,(anonymous_8)
FN:183,(anonymous_9)
FN:204,(anonymous_10)
FNF:11
FNH:0
FNDA:0,(anonymous_0)
FNDA:0,(anonymous_1)
FNDA:0,(anonymous_2)
FNDA:0,(anonymous_3)
FNDA:0,(anonymous_4)
FNDA:0,(anonymous_5)
FNDA:0,(anonymous_6)
FNDA:0,(anonymous_7)
FNDA:0,(anonymous_8)
FNDA:0,(anonymous_9)
FNDA:0,(anonymous_10)
DA:7,0
DA:8,0
DA:9,0
DA:10,0
DA:11,0
DA:13,0
DA:15,0
DA:16,0
DA:18,0
DA:19,0
DA:20,0
DA:21,0
DA:23,0
DA:24,0
DA:33,0
DA:42,0
DA:43,0
DA:44,0
DA:47,0
DA:48,0
DA:51,0
DA:52,0
DA:53,0
DA:54,0
DA:58,0
DA:59,0
DA:64,0
DA:69,0
DA:70,0
DA:71,0
DA:72,0
DA:76,0
DA:77,0
DA:78,0
DA:79,0
DA:83,0
DA:84,0
DA:85,0
DA:88,0
DA:89,0
DA:90,0
DA:94,0
DA:96,0
DA:106,0
DA:183,0
DA:205,0
DA:206,0
LF:47
LH:0
BRDA:33,0,0,0
BRDA:33,0,1,0
BRDA:51,1,0,0
BRDA:51,1,1,0
BRDA:52,2,0,0
BRDA:52,2,1,0
BRDA:58,3,0,0
BRDA:58,3,1,0
BRDA:59,4,0,0
BRDA:59,4,1,0
BRDA:78,5,0,0
BRDA:78,5,1,0
BRDA:83,6,0,0
BRDA:83,6,1,0
BRDA:94,7,0,0
BRDA:94,7,1,0
BRDA:122,8,0,0
BRDA:122,8,1,0
BRDA:129,9,0,0
BRDA:129,9,1,0
BRDA:172,10,0,0
BRDA:172,10,1,0
BRDA:185,11,0,0
BRDA:185,11,1,0
BRDA:195,12,0,0
BRDA:195,12,1,0
BRF:26
BRH:0
end_of_record
TN:
SF:src\components\ReviewDisplay.js
FN:8,(anonymous_0)
FN:20,(anonymous_1)
FN:26,(anonymous_2)
FN:48,(anonymous_3)
FN:70,(anonymous_4)
FN:74,(anonymous_5)
FN:80,(anonymous_6)
FN:88,(anonymous_7)
FN:90,(anonymous_8)
FN:102,(anonymous_9)
FN:166,(anonymous_10)
FN:177,(anonymous_11)
FN:192,(anonymous_12)
FN:204,(anonymous_13)
FN:251,(anonymous_14)
FN:269,(anonymous_15)
FNF:16
FNH:0
FNDA:0,(anonymous_0)
FNDA:0,(anonymous_1)
FNDA:0,(anonymous_2)
FNDA:0,(anonymous_3)
FNDA:0,(anonymous_4)
FNDA:0,(anonymous_5)
FNDA:0,(anonymous_6)
FNDA:0,(anonymous_7)
FNDA:0,(anonymous_8)
FNDA:0,(anonymous_9)
FNDA:0,(anonymous_10)
FNDA:0,(anonymous_11)
FNDA:0,(anonymous_12)
FNDA:0,(anonymous_13)
FNDA:0,(anonymous_14)
FNDA:0,(anonymous_15)
DA:8,0
DA:9,0
DA:10,0
DA:11,0
DA:12,0
DA:13,0
DA:14,0
DA:15,0
DA:16,0
DA:18,0
DA:20,0
DA:21,0
DA:22,0
DA:26,0
DA:27,0
DA:28,0
DA:29,0
DA:31,0
DA:34,0
DA:45,0
DA:47,0
DA:48,0
DA:50,0
DA:51,0
DA:54,0
DA:55,0
DA:58,0
DA:59,0
DA:60,0
DA:65,0
DA:66,0
DA:70,0
DA:71,0
DA:74,0
DA:75,0
DA:76,0
DA:77,0
DA:80,0
DA:81,0
DA:88,0
DA:89,0
DA:90,0
DA:91,0
DA:94,0
DA:96,0
DA:97,0
DA:103,0
DA:121,0
DA:122,0
DA:142,0
DA:167,0
DA:177,0
DA:192,0
DA:205,0
DA:251,0
DA:269,0
LF:56
LH:0
BRDA:8,0,0,0
BRDA:8,1,0,0
BRDA:21,2,0,0
BRDA:21,2,1,0
BRDA:26,3,0,0
BRDA:26,4,0,0
BRDA:28,5,0,0
BRDA:28,5,1,0
BRDA:47,6,0,0
BRDA:47,6,1,0
BRDA:59,7,0,0
BRDA:59,7,1,0
BRDA:89,8,0,0
BRDA:89,8,1,0
BRDA:89,9,0,0
BRDA:89,9,1,0
BRDA:90,10,0,0
BRDA:90,10,1,0
BRDA:94,11,0,0
BRDA:94,11,1,0
BRDA:96,12,0,0
BRDA:96,12,1,0
BRDA:121,13,0,0
BRDA:121,13,1,0
BRDA:121,14,0,0
BRDA:121,14,1,0
BRDA:124,15,0,0
BRDA:124,15,1,0
BRDA:144,16,0,0
BRDA:144,16,1,0
BRDA:160,17,0,0
BRDA:160,17,1,0
BRDA:177,18,0,0
BRDA:177,18,1,0
BRDA:217,19,0,0
BRDA:217,19,1,0
BRDA:235,20,0,0
BRDA:235,20,1,0
BRDA:235,20,2,0
BRDA:247,21,0,0
BRDA:247,21,1,0
BRDA:249,22,0,0
BRDA:249,22,1,0
BRDA:259,23,0,0
BRDA:259,23,1,0
BRDA:265,24,0,0
BRDA:265,24,1,0
BRF:47
BRH:0
end_of_record
TN:
SF:src\components\ReviewForm.js
FN:7,(anonymous_0)
FN:13,(anonymous_1)
FN:73,(anonymous_2)
FN:146,(anonymous_3)
FNF:4
FNH:0
FNDA:0,(anonymous_0)
FNDA:0,(anonymous_1)
FNDA:0,(anonymous_2)
FNDA:0,(anonymous_3)
DA:7,0
DA:8,0
DA:9,0
DA:10,0
DA:11,0
DA:13,0
DA:14,0
DA:16,0
DA:17,0
DA:20,0
DA:25,0
DA:26,0
DA:29,0
DA:32,0
DA:34,0
DA:35,0
DA:36,0
DA:50,0
DA:54,0
DA:55,0
DA:59,0
DA:60,0
DA:63,0
DA:64,0
DA:65,0
DA:69,0
DA:73,0
DA:74,0
DA:77,0
DA:146,0
LF:30
LH:0
BRDA:16,0,0,0
BRDA:16,0,1,0
BRDA:25,1,0,0
BRDA:25,1,1,0
BRDA:54,2,0,0
BRDA:54,2,1,0
BRDA:64,3,0,0
BRDA:64,3,1,0
BRDA:83,4,0,0
BRDA:83,4,1,0
BRDA:97,5,0,0
BRDA:97,5,1,0
BRDA:129,6,0,0
BRDA:129,6,1,0
BRDA:130,7,0,0
BRDA:130,7,1,0
BRDA:131,8,0,0
BRDA:131,8,1,0
BRDA:132,9,0,0
BRDA:132,9,1,0
BRDA:133,10,0,0
BRDA:133,10,1,0
BRDA:134,11,0,0
BRDA:134,11,1,0
BRDA:155,12,0,0
BRDA:155,12,1,0
BRDA:163,13,0,0
BRDA:163,13,1,0
BRDA:175,14,0,0
BRDA:175,14,1,0
BRDA:179,15,0,0
BRDA:179,15,1,0
BRF:32
BRH:0
end_of_record
TN:
SF:src\components\StarRating.js
FN:4,(anonymous_0)
FN:21,(anonymous_1)
FN:27,(anonymous_2)
FN:45,(anonymous_3)
FNF:4
FNH:0
FNDA:0,(anonymous_0)
FNDA:0,(anonymous_1)
FNDA:0,(anonymous_2)
FNDA:0,(anonymous_3)
DA:4,1
DA:12,0
DA:19,0
DA:21,0
DA:22,0
DA:23,0
DA:27,0
DA:28,0
DA:29,0
DA:30,0
DA:32,0
DA:33,0
DA:35,0
DA:36,0
DA:37,0
DA:38,0
DA:41,0
DA:45,0
DA:65,0
DA:68,0
LF:20
LH:1
BRDA:6,0,0,0
BRDA:7,1,0,0
BRDA:8,2,0,0
BRDA:9,3,0,0
BRDA:10,4,0,0
BRDA:19,5,0,0
BRDA:19,5,1,0
BRDA:22,6,0,0
BRDA:22,6,1,0
BRDA:22,7,0,0
BRDA:22,7,1,0
BRDA:35,8,0,0
BRDA:35,8,1,0
BRDA:37,9,0,0
BRDA:37,9,1,0
BRDA:37,10,0,0
BRDA:37,10,1,0
BRDA:44,11,0,0
BRDA:44,11,1,0
BRDA:47,12,0,0
BRDA:47,12,1,0
BRDA:50,13,0,0
BRDA:50,13,1,0
BRDA:58,14,0,0
BRDA:58,14,1,0
BRDA:73,15,0,0
BRDA:73,15,1,0
BRDA:74,16,0,0
BRDA:74,16,1,0
BRDA:74,17,0,0
BRDA:74,17,1,0
BRDA:75,18,0,0
BRDA:75,18,1,0
BRF:33
BRH:0
end_of_record
TN:
SF:src\components\UserProfile.js
FN:7,(anonymous_0)
FN:17,(anonymous_1)
FN:21,(anonymous_2)
FN:46,(anonymous_3)
FN:50,(anonymous_4)
FN:57,(anonymous_5)
FN:81,(anonymous_6)
FN:128,(anonymous_7)
FNF:8
FNH:0
FNDA:0,(anonymous_0)
FNDA:0,(anonymous_1)
FNDA:0,(anonymous_2)
FNDA:0,(anonymous_3)
FNDA:0,(anonymous_4)
FNDA:0,(anonymous_5)
FNDA:0,(anonymous_6)
FNDA:0,(anonymous_7)
DA:7,0
DA:8,0
DA:9,0
DA:10,0
DA:11,0
DA:12,0
DA:17,0
DA:18,0
DA:21,0
DA:22,0
DA:23,0
DA:31,0
DA:32,0
DA:37,0
DA:38,0
DA:42,0
DA:46,0
DA:47,0
DA:50,0
DA:51,0
DA:57,0
DA:58,0
DA:59,0
DA:68,0
DA:69,0
DA:70,0
DA:74,0
DA:75,0
DA:81,0
DA:82,0
DA:86,0
DA:89,0
DA:90,0
DA:98,0
DA:99,0
DA:106,0
DA:128,0
LF:37
LH:0
BRDA:89,0,0,0
BRDA:89,0,1,0
BRDA:98,1,0,0
BRDA:98,1,1,0
BRDA:126,2,0,0
BRDA:126,2,1,0
BRDA:161,3,0,0
BRDA:161,3,1,0
BRDA:182,4,0,0
BRDA:182,4,1,0
BRDA:205,5,0,0
BRDA:205,5,1,0
BRF:12
BRH:0
end_of_record
TN:
SF:src\components\UserReviewsSection.js
FN:8,(anonymous_0)
FN:18,(anonymous_1)
FN:23,(anonymous_2)
FN:41,(anonymous_3)
FN:52,(anonymous_4)
FN:56,(anonymous_5)
FN:86,(anonymous_6)
FN:91,(anonymous_7)
FN:92,(anonymous_8)
FN:97,(anonymous_9)
FN:98,(anonymous_10)
FN:106,(anonymous_11)
FN:114,(anonymous_12)
FN:122,(anonymous_13)
FN:143,(anonymous_14)
FN:153,(anonymous_15)
FN:171,(anonymous_16)
FN:185,(anonymous_17)
FN:242,(anonymous_18)
FN:266,(anonymous_19)
FNF:20
FNH:0
FNDA:0,(anonymous_0)
FNDA:0,(anonymous_1)
FNDA:0,(anonymous_2)
FNDA:0,(anonymous_3)
FNDA:0,(anonymous_4)
FNDA:0,(anonymous_5)
FNDA:0,(anonymous_6)
FNDA:0,(anonymous_7)
FNDA:0,(anonymous_8)
FNDA:0,(anonymous_9)
FNDA:0,(anonymous_10)
FNDA:0,(anonymous_11)
FNDA:0,(anonymous_12)
FNDA:0,(anonymous_13)
FNDA:0,(anonymous_14)
FNDA:0,(anonymous_15)
FNDA:0,(anonymous_16)
FNDA:0,(anonymous_17)
FNDA:0,(anonymous_18)
FNDA:0,(anonymous_19)
DA:8,0
DA:9,0
DA:10,0
DA:11,0
DA:12,0
DA:13,0
DA:14,0
DA:16,0
DA:18,0
DA:19,0
DA:20,0
DA:23,0
DA:24,0
DA:25,0
DA:26,0
DA:32,0
DA:34,0
DA:35,0
DA:41,0
DA:42,0
DA:43,0
DA:44,0
DA:52,0
DA:55,0
DA:57,0
DA:58,0
DA:64,0
DA:70,0
DA:75,0
DA:77,0
DA:78,0
DA:82,0
DA:86,0
DA:87,0
DA:88,0
DA:91,0
DA:92,0
DA:93,0
DA:94,0
DA:97,0
DA:98,0
DA:99,0
DA:106,0
DA:107,0
DA:114,0
DA:116,0
DA:117,0
DA:123,0
DA:131,0
DA:143,0
DA:153,0
DA:172,0
DA:173,0
DA:186,0
DA:243,0
DA:266,0
LF:56
LH:0
BRDA:66,0,0,0
BRDA:66,0,1,0
BRDA:99,1,0,0
BRDA:99,1,1,0
BRDA:114,2,0,0
BRDA:114,2,1,0
BRDA:116,3,0,0
BRDA:116,3,1,0
BRDA:145,4,0,0
BRDA:145,4,1,0
BRDA:155,5,0,0
BRDA:155,5,1,0
BRDA:165,6,0,0
BRDA:165,6,1,0
BRDA:165,6,2,0
BRDA:181,7,0,0
BRDA:181,7,1,0
BRDA:183,8,0,0
BRDA:183,8,1,0
BRDA:188,9,0,0
BRDA:188,9,1,0
BRDA:207,10,0,0
BRDA:207,10,1,0
BRDA:207,10,2,0
BRDA:237,11,0,0
BRDA:237,11,1,0
BRDA:240,12,0,0
BRDA:240,12,1,0
BRDA:246,13,0,0
BRDA:246,13,1,0
BRF:30
BRH:0
end_of_record
TN:
SF:src\components\Notification\NotificationContainer.js
FN:5,(anonymous_0)
FN:6,(anonymous_1)
FN:26,(anonymous_2)
FNF:3
FNH:1
FNDA:1,(anonymous_0)
FNDA:0,(anonymous_1)
FNDA:0,(anonymous_2)
DA:5,1
DA:6,1
DA:7,0
DA:15,0
DA:18,1
DA:21,0
DA:27,0
DA:44,0
LF:8
LH:3
BRDA:5,0,0,0
BRDA:15,1,0,0
BRDA:15,1,1,0
BRDA:18,2,0,1
BRDA:18,2,1,0
BRF:5
BRH:1
end_of_record
TN:
SF:src\components\Notification\Toast.js
FN:4,(anonymous_0)
FN:18,(anonymous_1)
FN:20,(anonymous_2)
FN:21,(anonymous_3)
FN:24,(anonymous_4)
FN:26,(anonymous_5)
FN:29,(anonymous_6)
FN:33,(anonymous_7)
FN:35,(anonymous_8)
FN:40,(anonymous_9)
FN:147,(anonymous_10)
FNF:11
FNH:0
FNDA:0,(anonymous_0)
FNDA:0,(anonymous_1)
FNDA:0,(anonymous_2)
FNDA:0,(anonymous_3)
FNDA:0,(anonymous_4)
FNDA:0,(anonymous_5)
FNDA:0,(anonymous_6)
FNDA:0,(anonymous_7)
FNDA:0,(anonymous_8)
FNDA:0,(anonymous_9)
FNDA:0,(anonymous_10)
DA:4,1
DA:15,0
DA:16,0
DA:18,0
DA:20,0
DA:21,0
DA:24,0
DA:25,0
DA:26,0
DA:27,0
DA:29,0
DA:33,0
DA:34,0
DA:35,0
DA:36,0
DA:40,0
DA:41,0
DA:79,0
DA:82,0
DA:83,0
DA:85,0
DA:148,0
DA:180,1
DA:188,1
DA:189,1
DA:190,1
DA:191,1
DA:192,1
LF:28
LH:7
BRDA:6,0,0,0
BRDA:9,1,0,0
BRDA:11,2,0,0
BRDA:12,3,0,0
BRDA:13,4,0,0
BRDA:25,5,0,0
BRDA:25,5,1,0
BRDA:25,6,0,0
BRDA:25,6,1,0
BRDA:79,7,0,0
BRDA:79,7,1,0
BRDA:91,8,0,0
BRDA:91,8,1,0
BRDA:91,9,0,0
BRDA:91,9,1,0
BRDA:93,10,0,0
BRDA:93,10,1,0
BRDA:102,11,0,0
BRDA:102,11,1,0
BRDA:102,11,2,0
BRDA:118,12,0,0
BRDA:118,12,1,0
BRDA:123,13,0,0
BRDA:123,13,1,0
BRDA:133,14,0,0
BRDA:133,14,1,0
BRDA:145,15,0,0
BRDA:145,15,1,0
BRDA:145,15,2,0
BRDA:151,16,0,0
BRDA:151,16,1,0
BRDA:161,17,0,0
BRDA:161,17,1,0
BRDA:188,18,0,1
BRDA:188,18,1,0
BRDA:188,19,0,1
BRDA:188,19,1,1
BRF:37
BRH:3
end_of_record
TN:
SF:src\contexts\AuthModalContext.js
FN:5,(anonymous_0)
FN:13,(anonymous_1)
FN:22,(anonymous_2)
FN:31,(anonymous_3)
FN:36,(anonymous_4)
FN:37,(anonymous_5)
FN:39,(anonymous_6)
FN:40,(anonymous_7)
FN:46,(anonymous_8)
FN:47,(anonymous_9)
FNF:10
FNH:0
FNDA:0,(anonymous_0)
FNDA:0,(anonymous_1)
FNDA:0,(anonymous_2)
FNDA:0,(anonymous_3)
FNDA:0,(anonymous_4)
FNDA:0,(anonymous_5)
FNDA:0,(anonymous_6)
FNDA:0,(anonymous_7)
FNDA:0,(anonymous_8)
FNDA:0,(anonymous_9)
DA:3,0
DA:5,0
DA:6,0
DA:7,0
DA:8,0
DA:10,0
DA:13,0
DA:14,0
DA:15,0
DA:16,0
DA:17,0
DA:20,0
DA:22,0
DA:23,0
DA:24,0
DA:25,0
DA:26,0
DA:27,0
DA:31,0
DA:32,0
DA:33,0
DA:36,0
DA:37,0
DA:39,0
DA:40,0
DA:41,0
DA:42,0
DA:46,0
DA:47,0
DA:49,0
DA:63,0
LF:31
LH:0
BRDA:7,0,0,0
BRDA:7,0,1,0
BRDA:22,1,0,0
BRDA:25,2,0,0
BRDA:25,2,1,0
BRF:5
BRH:0
end_of_record
TN:
SF:src\contexts\NotificationContext.js
FN:6,(anonymous_0)
FN:14,(anonymous_1)
FN:17,(anonymous_2)
FN:25,(anonymous_3)
FN:34,(anonymous_4)
FN:35,(anonymous_5)
FN:35,(anonymous_6)
FN:38,(anonymous_7)
FN:43,(anonymous_8)
FN:52,(anonymous_9)
FN:61,(anonymous_10)
FN:70,(anonymous_11)
FN:79,(anonymous_12)
FN:89,(anonymous_13)
FN:90,(anonymous_14)
FN:99,(anonymous_15)
FN:104,(anonymous_16)
FN:132,(anonymous_17)
FNF:18
FNH:2
FNDA:2,(anonymous_0)
FNDA:1,(anonymous_1)
FNDA:0,(anonymous_2)
FNDA:0,(anonymous_3)
FNDA:0,(anonymous_4)
FNDA:0,(anonymous_5)
FNDA:0,(anonymous_6)
FNDA:0,(anonymous_7)
FNDA:0,(anonymous_8)
FNDA:0,(anonymous_9)
FNDA:0,(anonymous_10)
FNDA:0,(anonymous_11)
FNDA:0,(anonymous_12)
FNDA:0,(anonymous_13)
FNDA:0,(anonymous_14)
FNDA:0,(anonymous_15)
FNDA:0,(anonymous_16)
FNDA:0,(anonymous_17)
DA:4,1
DA:6,1
DA:7,2
DA:8,2
DA:9,0
DA:11,2
DA:14,1
DA:15,1
DA:17,1
DA:18,0
DA:19,0
DA:25,0
DA:26,0
DA:28,0
DA:31,0
DA:34,1
DA:35,0
DA:38,1
DA:39,0
DA:43,1
DA:44,0
DA:52,1
DA:53,0
DA:61,1
DA:62,0
DA:70,1
DA:71,0
DA:79,1
DA:80,0
DA:89,1
DA:90,0
DA:97,0
DA:99,0
DA:100,0
DA:101,0
DA:104,0
DA:105,0
DA:106,0
DA:109,0
DA:132,1
DA:137,0
DA:139,0
DA:141,0
DA:142,0
DA:146,0
DA:147,0
DA:148,0
DA:150,0
DA:151,0
DA:152,0
DA:156,1
DA:170,1
LF:52
LH:19
BRDA:8,0,0,0
BRDA:8,0,1,2
BRDA:14,1,0,0
BRDA:14,2,0,1
BRDA:43,3,0,0
BRDA:52,4,0,0
BRDA:61,5,0,0
BRDA:70,6,0,0
BRDA:79,7,0,0
BRDA:89,8,0,0
BRDA:92,9,0,0
BRDA:93,10,0,0
BRDA:94,11,0,0
BRDA:95,12,0,0
BRDA:132,13,0,0
BRDA:134,14,0,0
BRDA:135,15,0,0
BRDA:136,16,0,0
BRDA:142,17,0,0
BRDA:142,17,1,0
BRDA:147,18,0,0
BRDA:147,18,1,0
BRDA:151,19,0,0
BRDA:151,19,1,0
BRF:24
BRH:2
end_of_record
TN:
SF:src\hooks\useToast.js
FN:4,(anonymous_0)
FN:9,(anonymous_1)
FN:12,(anonymous_2)
FN:15,(anonymous_3)
FN:18,(anonymous_4)
FN:21,(anonymous_5)
FN:24,(anonymous_6)
FN:27,(anonymous_7)
FN:30,(anonymous_8)
FNF:9
FNH:1
FNDA:1,(anonymous_0)
FNDA:0,(anonymous_1)
FNDA:0,(anonymous_2)
FNDA:0,(anonymous_3)
FNDA:0,(anonymous_4)
FNDA:0,(anonymous_5)
FNDA:0,(anonymous_6)
FNDA:0,(anonymous_7)
FNDA:0,(anonymous_8)
DA:4,1
DA:5,1
DA:8,1
DA:10,0
DA:13,0
DA:16,0
DA:19,0
DA:22,0
DA:25,0
DA:28,0
DA:31,0
DA:35,1
LF:12
LH:4
BRDA:9,0,0,0
BRDA:12,1,0,0
BRDA:15,2,0,0
BRDA:18,3,0,0
BRDA:21,4,0,0
BRDA:24,5,0,0
BRDA:30,6,0,0
BRF:7
BRH:0
end_of_record
TN:
SF:src\pages\AdminDashboard.js
FN:11,(anonymous_0)
FN:18,(anonymous_1)
FN:19,(anonymous_2)
FNF:3
FNH:0
FNDA:0,(anonymous_0)
FNDA:0,(anonymous_1)
FNDA:0,(anonymous_2)
DA:11,0
DA:12,0
DA:13,0
DA:14,0
DA:15,0
DA:16,0
DA:18,0
DA:19,0
DA:20,0
DA:21,0
DA:22,0
DA:23,0
DA:24,0
DA:25,0
DA:28,0
DA:30,0
DA:36,0
DA:37,0
DA:38,0
DA:40,0
DA:41,0
DA:43,0
DA:47,0
DA:50,0
LF:24
LH:0
BRDA:22,0,0,0
BRDA:22,0,1,0
BRDA:40,1,0,0
BRDA:40,1,1,0
BRDA:41,2,0,0
BRDA:41,2,1,0
BRDA:66,3,0,0
BRDA:66,3,1,0
BRDA:75,4,0,0
BRDA:75,4,1,0
BRDA:93,5,0,0
BRDA:93,5,1,0
BRDA:115,6,0,0
BRDA:115,6,1,0
BRDA:137,7,0,0
BRDA:137,7,1,0
BRF:16
BRH:0
end_of_record
TN:
SF:src\pages\AvailableCars.js
FN:11,(anonymous_0)
FN:25,(anonymous_1)
FN:26,(anonymous_2)
FN:27,(anonymous_3)
FN:28,(anonymous_4)
FN:29,(anonymous_5)
FN:31,(anonymous_6)
FN:71,(anonymous_7)
FN:84,(anonymous_8)
FN:105,(anonymous_9)
FN:115,(anonymous_10)
FN:123,(anonymous_11)
FN:133,(anonymous_12)
FN:156,(anonymous_13)
FN:171,(anonymous_14)
FN:194,(anonymous_15)
FN:203,(anonymous_16)
FN:212,(anonymous_17)
FN:226,(anonymous_18)
FN:229,(anonymous_19)
FN:236,(anonymous_20)
FN:238,(anonymous_21)
FN:246,(anonymous_22)
FN:247,(anonymous_23)
FN:256,(anonymous_24)
FN:268,(anonymous_25)
FN:269,(anonymous_26)
FN:271,(anonymous_27)
FN:281,(anonymous_28)
FN:300,(anonymous_29)
FN:310,(anonymous_30)
FN:322,(anonymous_31)
FN:367,(anonymous_32)
FN:367,(anonymous_33)
FN:389,(anonymous_34)
FN:390,(anonymous_35)
FN:404,(anonymous_36)
FN:413,(anonymous_37)
FN:426,(anonymous_38)
FN:438,(anonymous_39)
FN:469,(anonymous_40)
FN:478,(anonymous_41)
FN:495,(anonymous_42)
FN:502,(anonymous_43)
FN:524,(anonymous_44)
FN:542,(anonymous_45)
FN:561,(anonymous_46)
FN:567,(anonymous_47)
FN:575,(anonymous_48)
FN:576,(anonymous_49)
FN:594,(anonymous_50)
FN:597,(anonymous_51)
FN:610,(anonymous_52)
FN:615,(anonymous_53)
FN:621,(anonymous_54)
FN:624,(anonymous_55)
FN:637,(anonymous_56)
FN:649,(anonymous_57)
FN:650,(anonymous_58)
FN:657,(anonymous_59)
FN:680,(anonymous_60)
FN:681,(anonymous_61)
FN:688,(anonymous_62)
FN:726,(anonymous_63)
FN:746,(anonymous_64)
FN:755,(anonymous_65)
FN:802,(anonymous_66)
FN:812,(anonymous_67)
FN:814,(anonymous_68)
FN:826,(anonymous_69)
FN:836,(anonymous_70)
FN:838,(anonymous_71)
FN:859,(anonymous_72)
FN:860,(anonymous_73)
FN:879,(anonymous_74)
FN:908,(anonymous_75)
FN:909,(anonymous_76)
FN:928,(anonymous_77)
FN:952,(anonymous_78)
FN:954,(anonymous_79)
FN:955,(anonymous_80)
FN:961,(anonymous_81)
FN:969,(anonymous_82)
FN:980,(anonymous_83)
FN:983,(anonymous_84)
FN:984,(anonymous_85)
FN:998,(anonymous_86)
FNF:87
FNH:0
FNDA:0,(anonymous_0)
FNDA:0,(anonymous_1)
FNDA:0,(anonymous_2)
FNDA:0,(anonymous_3)
FNDA:0,(anonymous_4)
FNDA:0,(anonymous_5)
FNDA:0,(anonymous_6)
FNDA:0,(anonymous_7)
FNDA:0,(anonymous_8)
FNDA:0,(anonymous_9)
FNDA:0,(anonymous_10)
FNDA:0,(anonymous_11)
FNDA:0,(anonymous_12)
FNDA:0,(anonymous_13)
FNDA:0,(anonymous_14)
FNDA:0,(anonymous_15)
FNDA:0,(anonymous_16)
FNDA:0,(anonymous_17)
FNDA:0,(anonymous_18)
FNDA:0,(anonymous_19)
FNDA:0,(anonymous_20)
FNDA:0,(anonymous_21)
FNDA:0,(anonymous_22)
FNDA:0,(anonymous_23)
FNDA:0,(anonymous_24)
FNDA:0,(anonymous_25)
FNDA:0,(anonymous_26)
FNDA:0,(anonymous_27)
FNDA:0,(anonymous_28)
FNDA:0,(anonymous_29)
FNDA:0,(anonymous_30)
FNDA:0,(anonymous_31)
FNDA:0,(anonymous_32)
FNDA:0,(anonymous_33)
FNDA:0,(anonymous_34)
FNDA:0,(anonymous_35)
FNDA:0,(anonymous_36)
FNDA:0,(anonymous_37)
FNDA:0,(anonymous_38)
FNDA:0,(anonymous_39)
FNDA:0,(anonymous_40)
FNDA:0,(anonymous_41)
FNDA:0,(anonymous_42)
FNDA:0,(anonymous_43)
FNDA:0,(anonymous_44)
FNDA:0,(anonymous_45)
FNDA:0,(anonymous_46)
FNDA:0,(anonymous_47)
FNDA:0,(anonymous_48)
FNDA:0,(anonymous_49)
FNDA:0,(anonymous_50)
FNDA:0,(anonymous_51)
FNDA:0,(anonymous_52)
FNDA:0,(anonymous_53)
FNDA:0,(anonymous_54)
FNDA:0,(anonymous_55)
FNDA:0,(anonymous_56)
FNDA:0,(anonymous_57)
FNDA:0,(anonymous_58)
FNDA:0,(anonymous_59)
FNDA:0,(anonymous_60)
FNDA:0,(anonymous_61)
FNDA:0,(anonymous_62)
FNDA:0,(anonymous_63)
FNDA:0,(anonymous_64)
FNDA:0,(anonymous_65)
FNDA:0,(anonymous_66)
FNDA:0,(anonymous_67)
FNDA:0,(anonymous_68)
FNDA:0,(anonymous_69)
FNDA:0,(anonymous_70)
FNDA:0,(anonymous_71)
FNDA:0,(anonymous_72)
FNDA:0,(anonymous_73)
FNDA:0,(anonymous_74)
FNDA:0,(anonymous_75)
FNDA:0,(anonymous_76)
FNDA:0,(anonymous_77)
FNDA:0,(anonymous_78)
FNDA:0,(anonymous_79)
FNDA:0,(anonymous_80)
FNDA:0,(anonymous_81)
FNDA:0,(anonymous_82)
FNDA:0,(anonymous_83)
FNDA:0,(anonymous_84)
FNDA:0,(anonymous_85)
FNDA:0,(anonymous_86)
DA:11,0
DA:12,0
DA:13,0
DA:14,0
DA:15,0
DA:18,0
DA:19,0
DA:20,0
DA:21,0
DA:22,0
DA:25,0
DA:26,0
DA:27,0
DA:28,0
DA:29,0
DA:31,0
DA:32,0
DA:33,0
DA:34,0
DA:35,0
DA:37,0
DA:38,0
DA:39,0
DA:41,0
DA:47,0
DA:48,0
DA:49,0
DA:50,0
DA:51,0
DA:52,0
DA:55,0
DA:56,0
DA:57,0
DA:58,0
DA:61,0
DA:62,0
DA:65,0
DA:66,0
DA:68,0
DA:72,0
DA:73,0
DA:74,0
DA:84,0
DA:85,0
DA:86,0
DA:87,0
DA:89,0
DA:90,0
DA:91,0
DA:92,0
DA:94,0
DA:95,0
DA:99,0
DA:101,0
DA:105,0
DA:106,0
DA:107,0
DA:108,0
DA:110,0
DA:115,0
DA:116,0
DA:117,0
DA:119,0
DA:123,0
DA:124,0
DA:125,0
DA:126,0
DA:128,0
DA:133,0
DA:134,0
DA:135,0
DA:136,0
DA:138,0
DA:139,0
DA:141,0
DA:142,0
DA:143,0
DA:146,0
DA:154,0
DA:155,0
DA:156,0
DA:160,0
DA:161,0
DA:163,0
DA:166,0
DA:171,0
DA:172,0
DA:173,0
DA:174,0
DA:176,0
DA:179,0
DA:180,0
DA:182,0
DA:183,0
DA:184,0
DA:187,0
DA:189,0
DA:190,0
DA:194,0
DA:195,0
DA:196,0
DA:197,0
DA:199,0
DA:203,0
DA:204,0
DA:205,0
DA:206,0
DA:208,0
DA:212,0
DA:213,0
DA:214,0
DA:215,0
DA:216,0
DA:217,0
DA:218,0
DA:220,0
DA:221,0
DA:226,0
DA:227,0
DA:228,0
DA:229,0
DA:230,0
DA:231,0
DA:236,0
DA:237,0
DA:238,0
DA:246,0
DA:247,0
DA:248,0
DA:249,0
DA:250,0
DA:252,0
DA:253,0
DA:257,0
DA:258,0
DA:259,0
DA:267,0
DA:268,0
DA:269,0
DA:271,0
DA:273,0
DA:274,0
DA:277,0
DA:281,0
DA:282,0
DA:283,0
DA:284,0
DA:285,0
DA:286,0
DA:288,0
DA:291,0
DA:292,0
DA:293,0
DA:294,0
DA:296,0
DA:297,0
DA:298,0
DA:300,0
DA:306,0
DA:307,0
DA:308,0
DA:310,0
DA:319,0
DA:322,0
DA:323,0
DA:324,0
DA:325,0
DA:329,0
DA:330,0
DA:334,0
DA:338,0
DA:340,0
DA:342,0
DA:343,0
DA:356,0
DA:361,0
DA:362,0
DA:365,0
DA:367,0
DA:369,0
DA:370,0
DA:371,0
DA:374,0
DA:376,0
DA:377,0
DA:379,0
DA:383,0
DA:389,0
DA:390,0
DA:391,0
DA:392,0
DA:394,0
DA:395,0
DA:398,0
DA:399,0
DA:401,0
DA:402,0
DA:403,0
DA:404,0
DA:408,0
DA:411,0
DA:412,0
DA:413,0
DA:420,0
DA:427,0
DA:428,0
DA:429,0
DA:439,0
DA:440,0
DA:441,0
DA:450,0
DA:451,0
DA:452,0
DA:454,0
DA:455,0
DA:456,0
DA:459,0
DA:468,0
DA:469,0
DA:472,0
DA:476,0
DA:477,0
DA:478,0
DA:482,0
DA:483,0
DA:485,0
DA:489,0
DA:490,0
DA:494,0
DA:495,0
DA:499,0
DA:502,0
DA:503,0
DA:504,0
DA:507,0
DA:510,0
DA:511,0
DA:513,0
DA:514,0
DA:518,0
DA:519,0
DA:524,0
DA:526,0
DA:527,0
DA:531,0
DA:533,0
DA:541,0
DA:542,0
DA:544,0
DA:545,0
DA:548,0
DA:555,0
DA:556,0
DA:557,0
DA:561,0
DA:567,0
DA:568,0
DA:569,0
DA:570,0
DA:575,0
DA:576,0
DA:577,0
DA:578,0
DA:582,0
DA:583,0
DA:584,0
DA:585,0
DA:587,0
DA:588,0
DA:593,0
DA:594,0
DA:597,0
DA:598,0
DA:610,0
DA:611,0
DA:615,0
DA:616,0
DA:617,0
DA:621,0
DA:622,0
DA:624,0
DA:626,0
DA:632,0
DA:633,0
DA:634,0
DA:636,0
DA:637,0
DA:640,0
DA:649,0
DA:650,0
DA:657,0
DA:658,0
DA:659,0
DA:661,0
DA:662,0
DA:663,0
DA:664,0
DA:665,0
DA:667,0
DA:668,0
DA:670,0
DA:673,0
DA:677,0
DA:680,0
DA:681,0
DA:688,0
DA:689,0
DA:690,0
DA:691,0
DA:694,0
DA:696,0
DA:697,0
DA:710,0
DA:714,0
DA:715,0
DA:716,0
DA:719,0
DA:720,0
DA:721,0
DA:722,0
DA:726,0
DA:729,0
DA:731,0
DA:733,0
DA:734,0
DA:738,0
DA:746,0
DA:752,0
DA:755,0
DA:758,0
DA:761,0
DA:768,0
DA:769,0
DA:773,0
DA:776,0
DA:781,0
DA:802,0
DA:812,0
DA:815,0
DA:826,0
DA:836,0
DA:839,0
DA:859,0
DA:861,0
DA:880,0
DA:908,0
DA:910,0
DA:929,0
DA:953,0
DA:954,0
DA:955,0
DA:956,0
DA:959,0
DA:960,0
DA:961,0
DA:962,0
DA:970,0
DA:981,0
DA:982,0
DA:983,0
DA:984,0
DA:985,0
DA:988,0
DA:989,0
DA:999,0
LF:365
LH:0
BRDA:34,0,0,0
BRDA:34,0,1,0
BRDA:38,1,0,0
BRDA:38,1,1,0
BRDA:39,2,0,0
BRDA:39,2,1,0
BRDA:43,3,0,0
BRDA:43,3,1,0
BRDA:69,4,0,0
BRDA:69,4,1,0
BRDA:70,5,0,0
BRDA:70,5,1,0
BRDA:71,6,0,0
BRDA:71,6,1,0
BRDA:76,7,0,0
BRDA:76,7,1,0
BRDA:89,8,0,0
BRDA:89,8,1,0
BRDA:89,9,0,0
BRDA:89,9,1,0
BRDA:94,10,0,0
BRDA:94,10,1,0
BRDA:117,11,0,0
BRDA:117,11,1,0
BRDA:119,12,0,0
BRDA:119,12,1,0
BRDA:141,13,0,0
BRDA:141,13,1,0
BRDA:154,14,0,0
BRDA:154,14,1,0
BRDA:176,15,0,0
BRDA:176,15,1,0
BRDA:176,16,0,0
BRDA:176,16,1,0
BRDA:182,17,0,0
BRDA:182,17,1,0
BRDA:237,18,0,0
BRDA:237,18,1,0
BRDA:248,19,0,0
BRDA:248,19,1,0
BRDA:255,20,0,0
BRDA:255,20,1,0
BRDA:256,21,0,0
BRDA:256,21,1,0
BRDA:261,22,0,0
BRDA:261,22,1,0
BRDA:262,23,0,0
BRDA:262,23,1,0
BRDA:282,24,0,0
BRDA:282,24,1,0
BRDA:282,25,0,0
BRDA:282,25,1,0
BRDA:285,26,0,0
BRDA:285,26,1,0
BRDA:288,27,0,0
BRDA:288,27,1,0
BRDA:288,28,0,0
BRDA:288,28,1,0
BRDA:288,28,2,0
BRDA:288,28,3,0
BRDA:323,29,0,0
BRDA:323,29,1,0
BRDA:323,30,0,0
BRDA:323,30,1,0
BRDA:329,31,0,0
BRDA:329,31,1,0
BRDA:329,32,0,0
BRDA:329,32,1,0
BRDA:334,33,0,0
BRDA:334,33,1,0
BRDA:350,34,0,0
BRDA:350,34,1,0
BRDA:351,35,0,0
BRDA:351,35,1,0
BRDA:352,36,0,0
BRDA:352,36,1,0
BRDA:353,37,0,0
BRDA:353,37,1,0
BRDA:362,38,0,0
BRDA:362,38,1,0
BRDA:365,39,0,0
BRDA:365,39,1,0
BRDA:365,39,2,0
BRDA:369,40,0,0
BRDA:369,40,1,0
BRDA:379,41,0,0
BRDA:379,41,1,0
BRDA:391,42,0,0
BRDA:391,42,1,0
BRDA:401,43,0,0
BRDA:401,43,1,0
BRDA:411,44,0,0
BRDA:411,44,1,0
BRDA:454,45,0,0
BRDA:454,45,1,0
BRDA:472,46,0,0
BRDA:472,46,1,0
BRDA:472,47,0,0
BRDA:472,47,1,0
BRDA:472,47,2,0
BRDA:490,48,0,0
BRDA:490,48,1,0
BRDA:490,49,0,0
BRDA:490,49,1,0
BRDA:490,49,2,0
BRDA:518,50,0,0
BRDA:518,50,1,0
BRDA:526,51,0,0
BRDA:526,51,1,0
BRDA:531,52,0,0
BRDA:531,52,1,0
BRDA:531,53,0,0
BRDA:531,53,1,0
BRDA:531,53,2,0
BRDA:531,53,3,0
BRDA:531,53,4,0
BRDA:531,53,5,0
BRDA:541,54,0,0
BRDA:541,54,1,0
BRDA:541,55,0,0
BRDA:541,55,1,0
BRDA:541,55,2,0
BRDA:544,56,0,0
BRDA:544,56,1,0
BRDA:555,57,0,0
BRDA:555,57,1,0
BRDA:555,58,0,0
BRDA:555,58,1,0
BRDA:555,58,2,0
BRDA:568,59,0,0
BRDA:568,59,1,0
BRDA:568,60,0,0
BRDA:568,60,1,0
BRDA:577,61,0,0
BRDA:577,61,1,0
BRDA:577,62,0,0
BRDA:577,62,1,0
BRDA:577,62,2,0
BRDA:583,63,0,0
BRDA:583,63,1,0
BRDA:584,64,0,0
BRDA:584,64,1,0
BRDA:587,65,0,0
BRDA:587,65,1,0
BRDA:616,66,0,0
BRDA:616,66,1,0
BRDA:616,67,0,0
BRDA:616,67,1,0
BRDA:622,68,0,0
BRDA:622,68,1,0
BRDA:632,69,0,0
BRDA:632,69,1,0
BRDA:652,70,0,0
BRDA:652,70,1,0
BRDA:657,71,0,0
BRDA:667,72,0,0
BRDA:667,72,1,0
BRDA:668,73,0,0
BRDA:668,73,1,0
BRDA:670,74,0,0
BRDA:670,74,1,0
BRDA:670,75,0,0
BRDA:670,75,1,0
BRDA:670,75,2,0
BRDA:670,75,3,0
BRDA:670,75,4,0
BRDA:689,76,0,0
BRDA:689,76,1,0
BRDA:689,77,0,0
BRDA:689,77,1,0
BRDA:704,78,0,0
BRDA:704,78,1,0
BRDA:705,79,0,0
BRDA:705,79,1,0
BRDA:714,80,0,0
BRDA:714,80,1,0
BRDA:733,81,0,0
BRDA:733,81,1,0
BRDA:740,82,0,0
BRDA:740,82,1,0
BRDA:765,83,0,0
BRDA:765,83,1,0
BRDA:768,84,0,0
BRDA:768,84,1,0
BRDA:827,85,0,0
BRDA:827,85,1,0
BRDA:897,86,0,0
BRDA:897,86,1,0
BRDA:900,87,0,0
BRDA:900,87,1,0
BRDA:901,88,0,0
BRDA:901,88,1,0
BRDA:907,89,0,0
BRDA:907,89,1,0
BRDA:920,90,0,0
BRDA:920,90,1,0
BRDA:920,91,0,0
BRDA:920,91,1,0
BRDA:921,92,0,0
BRDA:921,92,1,0
BRDA:959,93,0,0
BRDA:959,93,1,0
BRDA:959,94,0,0
BRDA:959,94,1,0
BRDA:982,95,0,0
BRDA:982,95,1,0
BRDA:988,96,0,0
BRDA:988,96,1,0
BRDA:988,97,0,0
BRDA:988,97,1,0
BRDA:1025,98,0,0
BRDA:1025,98,1,0
BRDA:1028,99,0,0
BRDA:1028,99,1,0
BRDA:1037,100,0,0
BRDA:1037,100,1,0
BRF:216
BRH:0
end_of_record
TN:
SF:src\pages\BookCar.js
FN:11,(anonymous_0)
FN:35,(anonymous_1)
FN:45,(anonymous_2)
FN:81,(anonymous_3)
FN:87,(anonymous_4)
FN:99,(anonymous_5)
FNF:6
FNH:0
FNDA:0,(anonymous_0)
FNDA:0,(anonymous_1)
FNDA:0,(anonymous_2)
FNDA:0,(anonymous_3)
FNDA:0,(anonymous_4)
FNDA:0,(anonymous_5)
DA:11,0
DA:12,0
DA:13,0
DA:14,0
DA:15,0
DA:16,0
DA:18,0
DA:19,0
DA:20,0
DA:21,0
DA:22,0
DA:23,0
DA:25,0
DA:26,0
DA:35,0
DA:45,0
DA:46,0
DA:47,0
DA:48,0
DA:50,0
DA:51,0
DA:54,0
DA:58,0
DA:59,0
DA:62,0
DA:63,0
DA:65,0
DA:77,0
DA:81,0
DA:84,0
DA:87,0
DA:88,0
DA:92,0
DA:93,0
DA:99,0
DA:100,0
DA:101,0
DA:102,0
DA:105,0
DA:106,0
DA:107,0
DA:109,0
DA:110,0
DA:111,0
DA:112,0
DA:115,0
DA:119,0
DA:120,0
DA:121,0
DA:122,0
DA:124,0
LF:51
LH:0
BRDA:18,0,0,0
BRDA:18,0,1,0
BRDA:19,1,0,0
BRDA:19,1,1,0
BRDA:19,1,2,0
BRDA:20,2,0,0
BRDA:20,2,1,0
BRDA:21,3,0,0
BRDA:21,3,1,0
BRDA:22,4,0,0
BRDA:22,4,1,0
BRDA:23,5,0,0
BRDA:23,5,1,0
BRDA:25,6,0,0
BRDA:25,6,1,0
BRDA:25,7,0,0
BRDA:25,7,1,0
BRDA:25,7,2,0
BRDA:25,7,3,0
BRDA:25,7,4,0
BRDA:25,7,5,0
BRDA:50,8,0,0
BRDA:50,8,1,0
BRDA:50,9,0,0
BRDA:50,9,1,0
BRDA:93,10,0,0
BRDA:93,10,1,0
BRDA:100,11,0,0
BRDA:100,11,1,0
BRDA:101,12,0,0
BRDA:101,12,1,0
BRDA:102,13,0,0
BRDA:102,13,1,0
BRDA:109,14,0,0
BRDA:109,14,1,0
BRDA:109,15,0,0
BRDA:109,15,1,0
BRDA:111,16,0,0
BRDA:111,16,1,0
BRDA:111,17,0,0
BRDA:111,17,1,0
BRDA:197,18,0,0
BRDA:197,18,1,0
BRF:43
BRH:0
end_of_record
TN:
SF:src\pages\BookingManagement.js
FN:7,(anonymous_0)
FN:15,(anonymous_1)
FN:19,(anonymous_2)
FN:35,(anonymous_3)
FN:58,(anonymous_4)
FN:70,(anonymous_5)
FN:89,(anonymous_6)
FN:94,(anonymous_7)
FN:109,(anonymous_8)
FN:124,(anonymous_9)
FN:166,(anonymous_10)
FN:178,(anonymous_11)
FN:182,(anonymous_12)
FN:186,(anonymous_13)
FN:190,(anonymous_14)
FN:237,(anonymous_15)
FN:279,(anonymous_16)
FN:286,(anonymous_17)
FN:293,(anonymous_18)
FNF:19
FNH:0
FNDA:0,(anonymous_0)
FNDA:0,(anonymous_1)
FNDA:0,(anonymous_2)
FNDA:0,(anonymous_3)
FNDA:0,(anonymous_4)
FNDA:0,(anonymous_5)
FNDA:0,(anonymous_6)
FNDA:0,(anonymous_7)
FNDA:0,(anonymous_8)
FNDA:0,(anonymous_9)
FNDA:0,(anonymous_10)
FNDA:0,(anonymous_11)
FNDA:0,(anonymous_12)
FNDA:0,(anonymous_13)
FNDA:0,(anonymous_14)
FNDA:0,(anonymous_15)
FNDA:0,(anonymous_16)
FNDA:0,(anonymous_17)
FNDA:0,(anonymous_18)
DA:7,0
DA:8,0
DA:9,0
DA:10,0
DA:11,0
DA:13,0
DA:15,0
DA:16,0
DA:19,0
DA:20,0
DA:21,0
DA:26,0
DA:28,0
DA:29,0
DA:31,0
DA:35,0
DA:36,0
DA:37,0
DA:46,0
DA:47,0
DA:51,0
DA:52,0
DA:58,0
DA:59,0
DA:65,0
DA:66,0
DA:70,0
DA:71,0
DA:72,0
DA:77,0
DA:78,0
DA:82,0
DA:83,0
DA:89,0
DA:90,0
DA:94,0
DA:95,0
DA:97,0
DA:106,0
DA:109,0
DA:110,0
DA:112,0
DA:114,0
DA:116,0
DA:118,0
DA:120,0
DA:124,0
DA:125,0
DA:127,0
DA:129,0
DA:131,0
DA:133,0
DA:135,0
DA:139,0
DA:166,0
DA:178,0
DA:182,0
DA:186,0
DA:190,0
DA:238,0
DA:279,0
DA:286,0
DA:293,0
LF:63
LH:0
BRDA:65,0,0,0
BRDA:65,0,1,0
BRDA:90,1,0,0
BRDA:90,1,1,0
BRDA:110,2,0,0
BRDA:110,2,1,0
BRDA:110,2,2,0
BRDA:110,2,3,0
BRDA:110,2,4,0
BRDA:125,3,0,0
BRDA:125,3,1,0
BRDA:125,3,2,0
BRDA:125,3,3,0
BRDA:125,3,4,0
BRDA:152,4,0,0
BRDA:152,4,1,0
BRDA:196,5,0,0
BRDA:196,5,1,0
BRDA:203,6,0,0
BRDA:203,6,1,0
BRDA:242,7,0,0
BRDA:242,7,1,0
BRDA:245,8,0,0
BRDA:245,8,1,0
BRF:24
BRH:0
end_of_record
TN:
SF:src\pages\CarManagement.js
FN:9,(anonymous_0)
FN:31,(anonymous_1)
FN:32,(anonymous_2)
FN:35,(anonymous_3)
FN:36,(anonymous_4)
FN:39,(anonymous_5)
FN:55,(anonymous_6)
FN:71,(anonymous_7)
FN:76,(anonymous_8)
FN:77,(anonymous_9)
FN:86,(anonymous_10)
FN:96,(anonymous_11)
FN:97,(anonymous_12)
FN:117,(anonymous_13)
FN:128,(anonymous_14)
FN:150,(anonymous_15)
FN:226,(anonymous_16)
FN:238,(anonymous_17)
FN:267,(anonymous_18)
FN:283,(anonymous_19)
FN:319,(anonymous_20)
FN:320,(anonymous_21)
FN:337,(anonymous_22)
FN:338,(anonymous_23)
FN:354,(anonymous_24)
FN:355,(anonymous_25)
FN:366,(anonymous_26)
FN:389,(anonymous_27)
FN:415,(anonymous_28)
FN:418,(anonymous_29)
FN:422,(anonymous_30)
FNF:31
FNH:0
FNDA:0,(anonymous_0)
FNDA:0,(anonymous_1)
FNDA:0,(anonymous_2)
FNDA:0,(anonymous_3)
FNDA:0,(anonymous_4)
FNDA:0,(anonymous_5)
FNDA:0,(anonymous_6)
FNDA:0,(anonymous_7)
FNDA:0,(anonymous_8)
FNDA:0,(anonymous_9)
FNDA:0,(anonymous_10)
FNDA:0,(anonymous_11)
FNDA:0,(anonymous_12)
FNDA:0,(anonymous_13)
FNDA:0,(anonymous_14)
FNDA:0,(anonymous_15)
FNDA:0,(anonymous_16)
FNDA:0,(anonymous_17)
FNDA:0,(anonymous_18)
FNDA:0,(anonymous_19)
FNDA:0,(anonymous_20)
FNDA:0,(anonymous_21)
FNDA:0,(anonymous_22)
FNDA:0,(anonymous_23)
FNDA:0,(anonymous_24)
FNDA:0,(anonymous_25)
FNDA:0,(anonymous_26)
FNDA:0,(anonymous_27)
FNDA:0,(anonymous_28)
FNDA:0,(anonymous_29)
FNDA:0,(anonymous_30)
DA:9,0
DA:10,0
DA:11,0
DA:12,0
DA:13,0
DA:14,0
DA:15,0
DA:16,0
DA:17,0
DA:18,0
DA:19,0
DA:20,0
DA:21,0
DA:22,0
DA:23,0
DA:24,0
DA:25,0
DA:26,0
DA:28,0
DA:30,0
DA:31,0
DA:32,0
DA:35,0
DA:36,0
DA:37,0
DA:38,0
DA:39,0
DA:41,0
DA:42,0
DA:45,0
DA:49,0
DA:55,0
DA:56,0
DA:57,0
DA:59,0
DA:60,0
DA:61,0
DA:62,0
DA:64,0
DA:67,0
DA:71,0
DA:72,0
DA:76,0
DA:77,0
DA:78,0
DA:79,0
DA:80,0
DA:82,0
DA:83,0
DA:86,0
DA:88,0
DA:89,0
DA:92,0
DA:96,0
DA:97,0
DA:98,0
DA:99,0
DA:100,0
DA:103,0
DA:104,0
DA:107,0
DA:109,0
DA:110,0
DA:113,0
DA:117,0
DA:118,0
DA:119,0
DA:120,0
DA:121,0
DA:124,0
DA:128,0
DA:129,0
DA:130,0
DA:131,0
DA:132,0
DA:133,0
DA:135,0
DA:146,0
DA:150,0
DA:151,0
DA:152,0
DA:153,0
DA:156,0
DA:157,0
DA:158,0
DA:160,0
DA:161,0
DA:164,0
DA:168,0
DA:178,0
DA:179,0
DA:184,0
DA:188,0
DA:193,0
DA:198,0
DA:199,0
DA:203,0
DA:204,0
DA:206,0
DA:207,0
DA:211,0
DA:212,0
DA:215,0
DA:216,0
DA:218,0
DA:219,0
DA:226,0
DA:227,0
DA:233,0
DA:234,0
DA:238,0
DA:239,0
DA:240,0
DA:247,0
DA:248,0
DA:250,0
DA:251,0
DA:254,0
DA:255,0
DA:259,0
DA:260,0
DA:267,0
DA:268,0
DA:269,0
DA:270,0
DA:271,0
DA:272,0
DA:273,0
DA:274,0
DA:277,0
DA:283,0
DA:284,0
DA:285,0
DA:286,0
DA:287,0
DA:288,0
DA:289,0
DA:290,0
DA:291,0
DA:292,0
DA:294,0
DA:295,0
DA:297,0
DA:300,0
DA:319,0
DA:321,0
DA:322,0
DA:324,0
DA:325,0
DA:326,0
DA:327,0
DA:337,0
DA:339,0
DA:340,0
DA:342,0
DA:343,0
DA:354,0
DA:355,0
DA:366,0
DA:390,0
DA:391,0
DA:415,0
DA:419,0
DA:423,0
LF:164
LH:0
BRDA:59,0,0,0
BRDA:59,0,1,0
BRDA:61,1,0,0
BRDA:61,1,1,0
BRDA:61,2,0,0
BRDA:61,2,1,0
BRDA:78,3,0,0
BRDA:78,3,1,0
BRDA:98,4,0,0
BRDA:98,4,1,0
BRDA:98,5,0,0
BRDA:98,5,1,0
BRDA:119,6,0,0
BRDA:119,6,1,0
BRDA:156,7,0,0
BRDA:156,7,1,0
BRDA:178,8,0,0
BRDA:178,8,1,0
BRDA:198,9,0,0
BRDA:198,9,1,0
BRDA:203,10,0,0
BRDA:203,10,1,0
BRDA:206,11,0,0
BRDA:206,11,1,0
BRDA:211,12,0,0
BRDA:211,12,1,0
BRDA:211,13,0,0
BRDA:211,13,1,0
BRDA:233,14,0,0
BRDA:233,14,1,0
BRDA:247,15,0,0
BRDA:247,15,1,0
BRDA:250,16,0,0
BRDA:250,16,1,0
BRDA:319,17,0,0
BRDA:319,17,1,0
BRDA:321,18,0,0
BRDA:321,18,1,0
BRDA:337,19,0,0
BRDA:337,19,1,0
BRDA:339,20,0,0
BRDA:339,20,1,0
BRDA:354,21,0,0
BRDA:354,21,1,0
BRDA:355,22,0,0
BRDA:355,22,1,0
BRDA:358,23,0,0
BRDA:358,23,1,0
BRDA:380,24,0,0
BRDA:380,24,1,0
BRDA:402,25,0,0
BRDA:402,25,1,0
BRDA:404,26,0,0
BRDA:404,26,1,0
BRDA:419,27,0,0
BRDA:419,27,1,0
BRDA:419,27,2,0
BRF:57
BRH:0
end_of_record
TN:
SF:src\pages\HomePage.js
FN:9,(anonymous_0)
FN:25,(anonymous_1)
FN:47,(anonymous_2)
FN:76,(anonymous_3)
FN:77,(anonymous_4)
FN:98,(anonymous_5)
FN:166,(anonymous_6)
FN:171,(anonymous_7)
FN:180,(anonymous_8)
FN:210,(anonymous_9)
FN:213,(anonymous_10)
FN:285,(anonymous_11)
FN:299,(anonymous_12)
FN:301,(anonymous_13)
FN:317,(anonymous_14)
FN:331,(anonymous_15)
FN:333,(anonymous_16)
FN:374,(anonymous_17)
FN:400,(anonymous_18)
FN:414,(anonymous_19)
FN:460,(anonymous_20)
FN:504,(anonymous_21)
FN:507,(anonymous_22)
FNF:23
FNH:0
FNDA:0,(anonymous_0)
FNDA:0,(anonymous_1)
FNDA:0,(anonymous_2)
FNDA:0,(anonymous_3)
FNDA:0,(anonymous_4)
FNDA:0,(anonymous_5)
FNDA:0,(anonymous_6)
FNDA:0,(anonymous_7)
FNDA:0,(anonymous_8)
FNDA:0,(anonymous_9)
FNDA:0,(anonymous_10)
FNDA:0,(anonymous_11)
FNDA:0,(anonymous_12)
FNDA:0,(anonymous_13)
FNDA:0,(anonymous_14)
FNDA:0,(anonymous_15)
FNDA:0,(anonymous_16)
FNDA:0,(anonymous_17)
FNDA:0,(anonymous_18)
FNDA:0,(anonymous_19)
FNDA:0,(anonymous_20)
FNDA:0,(anonymous_21)
FNDA:0,(anonymous_22)
DA:9,0
DA:10,0
DA:11,0
DA:12,0
DA:15,0
DA:16,0
DA:17,0
DA:18,0
DA:21,0
DA:22,0
DA:23,0
DA:25,0
DA:26,0
DA:27,0
DA:28,0
DA:29,0
DA:31,0
DA:32,0
DA:33,0
DA:35,0
DA:41,0
DA:42,0
DA:43,0
DA:44,0
DA:47,0
DA:48,0
DA:49,0
DA:50,0
DA:51,0
DA:54,0
DA:58,0
DA:59,0
DA:60,0
DA:61,0
DA:64,0
DA:65,0
DA:66,0
DA:68,0
DA:69,0
DA:73,0
DA:74,0
DA:76,0
DA:77,0
DA:78,0
DA:79,0
DA:80,0
DA:86,0
DA:88,0
DA:90,0
DA:94,0
DA:98,0
DA:99,0
DA:100,0
DA:101,0
DA:102,0
DA:105,0
DA:106,0
DA:107,0
DA:108,0
DA:109,0
DA:110,0
DA:111,0
DA:112,0
DA:113,0
DA:116,0
DA:117,0
DA:118,0
DA:119,0
DA:121,0
DA:122,0
DA:123,0
DA:124,0
DA:127,0
DA:128,0
DA:132,0
DA:133,0
DA:134,0
DA:135,0
DA:136,0
DA:138,0
DA:139,0
DA:141,0
DA:144,0
DA:145,0
DA:150,0
DA:152,0
DA:153,0
DA:157,0
DA:158,0
DA:162,0
DA:166,0
DA:167,0
DA:168,0
DA:171,0
DA:173,0
DA:175,0
DA:180,0
DA:181,0
DA:182,0
DA:185,0
DA:188,0
DA:189,0
DA:190,0
DA:192,0
DA:193,0
DA:196,0
DA:199,0
DA:200,0
DA:203,0
DA:206,0
DA:210,0
DA:211,0
DA:213,0
DA:214,0
DA:215,0
DA:216,0
DA:219,0
DA:223,0
DA:227,0
DA:229,0
DA:230,0
DA:231,0
DA:234,0
DA:235,0
DA:236,0
DA:239,0
DA:242,0
DA:285,0
DA:299,0
DA:302,0
DA:317,0
DA:331,0
DA:334,0
DA:375,0
DA:400,0
DA:415,0
DA:461,0
DA:505,0
DA:508,0
LF:139
LH:0
BRDA:28,0,0,0
BRDA:28,0,1,0
BRDA:32,1,0,0
BRDA:32,1,1,0
BRDA:33,2,0,0
BRDA:33,2,1,0
BRDA:37,3,0,0
BRDA:37,3,1,0
BRDA:50,4,0,0
BRDA:50,4,1,0
BRDA:54,5,0,0
BRDA:54,5,1,0
BRDA:54,6,0,0
BRDA:54,6,1,0
BRDA:54,6,2,0
BRDA:54,6,3,0
BRDA:98,7,0,0
BRDA:106,8,0,0
BRDA:106,8,1,0
BRDA:106,9,0,0
BRDA:106,9,1,0
BRDA:106,9,2,0
BRDA:108,10,0,0
BRDA:108,10,1,0
BRDA:111,11,0,0
BRDA:111,11,1,0
BRDA:121,12,0,0
BRDA:121,12,1,0
BRDA:121,13,0,0
BRDA:121,13,1,0
BRDA:123,14,0,0
BRDA:123,14,1,0
BRDA:123,15,0,0
BRDA:123,15,1,0
BRDA:138,16,0,0
BRDA:138,16,1,0
BRDA:139,17,0,0
BRDA:139,17,1,0
BRDA:144,18,0,0
BRDA:144,18,1,0
BRDA:144,19,0,0
BRDA:144,19,1,0
BRDA:145,20,0,0
BRDA:145,20,1,0
BRDA:145,20,2,0
BRDA:150,21,0,0
BRDA:150,21,1,0
BRDA:150,22,0,0
BRDA:150,22,1,0
BRDA:152,23,0,0
BRDA:152,23,1,0
BRDA:152,24,0,0
BRDA:152,24,1,0
BRDA:152,24,2,0
BRDA:157,25,0,0
BRDA:157,25,1,0
BRDA:167,26,0,0
BRDA:167,26,1,0
BRDA:167,27,0,0
BRDA:167,27,1,0
BRDA:173,28,0,0
BRDA:173,28,1,0
BRDA:173,29,0,0
BRDA:173,29,1,0
BRDA:181,30,0,0
BRDA:181,30,1,0
BRDA:181,31,0,0
BRDA:181,31,1,0
BRDA:181,31,2,0
BRDA:181,31,3,0
BRDA:192,32,0,0
BRDA:192,32,1,0
BRDA:199,33,0,0
BRDA:199,33,1,0
BRDA:211,34,0,0
BRDA:211,34,1,0
BRDA:214,35,0,0
BRDA:214,35,1,0
BRDA:215,36,0,0
BRDA:215,36,1,0
BRDA:229,37,0,0
BRDA:229,37,1,0
BRDA:234,38,0,0
BRDA:234,38,1,0
BRDA:318,39,0,0
BRDA:318,39,1,0
BRDA:408,40,0,0
BRDA:408,40,1,0
BRF:88
BRH:0
end_of_record
TN:
SF:src\pages\NotificationDemo.js
FN:16,(anonymous_0)
FN:19,(anonymous_1)
FN:21,(anonymous_2)
FN:22,(anonymous_3)
FN:23,(anonymous_4)
FN:26,(anonymous_5)
FN:32,(anonymous_6)
FN:36,(anonymous_7)
FN:42,(anonymous_8)
FN:48,(anonymous_9)
FN:51,(anonymous_10)
FN:59,(anonymous_11)
FN:60,(anonymous_12)
FN:61,(anonymous_13)
FN:62,(anonymous_14)
FN:74,(anonymous_15)
FN:75,(anonymous_16)
FN:79,(anonymous_17)
FN:86,(anonymous_18)
FN:93,(anonymous_19)
FN:99,(anonymous_20)
FN:105,(anonymous_21)
FN:112,(anonymous_22)
FN:118,(anonymous_23)
FN:124,(anonymous_24)
FN:143,(anonymous_25)
FN:149,(anonymous_26)
FN:177,(anonymous_27)
FN:183,(anonymous_28)
FN:189,(anonymous_29)
FN:195,(anonymous_30)
FN:229,(anonymous_31)
FNF:32
FNH:1
FNDA:1,(anonymous_0)
FNDA:0,(anonymous_1)
FNDA:0,(anonymous_2)
FNDA:0,(anonymous_3)
FNDA:0,(anonymous_4)
FNDA:0,(anonymous_5)
FNDA:0,(anonymous_6)
FNDA:0,(anonymous_7)
FNDA:0,(anonymous_8)
FNDA:0,(anonymous_9)
FNDA:0,(anonymous_10)
FNDA:0,(anonymous_11)
FNDA:0,(anonymous_12)
FNDA:0,(anonymous_13)
FNDA:0,(anonymous_14)
FNDA:0,(anonymous_15)
FNDA:0,(anonymous_16)
FNDA:0,(anonymous_17)
FNDA:0,(anonymous_18)
FNDA:0,(anonymous_19)
FNDA:0,(anonymous_20)
FNDA:0,(anonymous_21)
FNDA:0,(anonymous_22)
FNDA:0,(anonymous_23)
FNDA:0,(anonymous_24)
FNDA:0,(anonymous_25)
FNDA:0,(anonymous_26)
FNDA:0,(anonymous_27)
FNDA:0,(anonymous_28)
FNDA:0,(anonymous_29)
FNDA:0,(anonymous_30)
FNDA:0,(anonymous_31)
DA:16,1
DA:17,1
DA:19,1
DA:20,0
DA:21,0
DA:22,0
DA:23,0
DA:26,1
DA:27,0
DA:32,0
DA:36,0
DA:37,0
DA:42,0
DA:48,1
DA:49,0
DA:51,0
DA:53,0
DA:59,1
DA:60,0
DA:61,0
DA:62,0
DA:63,0
DA:64,0
DA:66,0
DA:72,0
DA:74,0
DA:75,0
DA:79,1
DA:81,0
DA:86,0
DA:87,0
DA:93,0
DA:94,0
DA:99,0
DA:105,1
DA:106,0
DA:112,0
DA:113,0
DA:118,0
DA:124,1
DA:125,0
DA:132,0
DA:133,0
DA:137,0
DA:143,1
DA:144,0
DA:149,0
DA:150,0
DA:157,1
DA:177,0
DA:183,0
DA:189,0
DA:195,0
DA:229,0
LF:54
LH:11
BRDA:63,0,0,0
BRDA:63,0,1,0
BRDA:132,1,0,0
BRDA:132,1,1,0
BRF:4
BRH:0
end_of_record
TN:
SF:src\pages\ProfilePage.js
FN:9,(anonymous_0)
FN:28,(anonymous_1)
FN:29,(anonymous_2)
FN:52,(anonymous_3)
FN:78,(anonymous_4)
FN:108,(anonymous_5)
FN:114,(anonymous_6)
FN:120,(anonymous_7)
FN:147,(anonymous_8)
FN:153,(anonymous_9)
FN:162,(anonymous_10)
FN:177,(anonymous_11)
FN:192,(anonymous_12)
FN:195,(anonymous_13)
FN:197,(anonymous_14)
FN:201,(anonymous_15)
FN:205,(anonymous_16)
FN:217,(anonymous_17)
FN:226,(anonymous_18)
FN:227,(anonymous_19)
FN:280,(anonymous_20)
FN:299,(anonymous_21)
FN:312,(anonymous_22)
FN:369,(anonymous_23)
FN:386,(anonymous_24)
FN:393,(anonymous_25)
FN:405,(anonymous_26)
FN:412,(anonymous_27)
FN:457,(anonymous_28)
FN:464,(anonymous_29)
FN:467,(anonymous_30)
FN:474,(anonymous_31)
FN:477,(anonymous_32)
FN:510,(anonymous_33)
FN:553,(anonymous_34)
FNF:35
FNH:0
FNDA:0,(anonymous_0)
FNDA:0,(anonymous_1)
FNDA:0,(anonymous_2)
FNDA:0,(anonymous_3)
FNDA:0,(anonymous_4)
FNDA:0,(anonymous_5)
FNDA:0,(anonymous_6)
FNDA:0,(anonymous_7)
FNDA:0,(anonymous_8)
FNDA:0,(anonymous_9)
FNDA:0,(anonymous_10)
FNDA:0,(anonymous_11)
FNDA:0,(anonymous_12)
FNDA:0,(anonymous_13)
FNDA:0,(anonymous_14)
FNDA:0,(anonymous_15)
FNDA:0,(anonymous_16)
FNDA:0,(anonymous_17)
FNDA:0,(anonymous_18)
FNDA:0,(anonymous_19)
FNDA:0,(anonymous_20)
FNDA:0,(anonymous_21)
FNDA:0,(anonymous_22)
FNDA:0,(anonymous_23)
FNDA:0,(anonymous_24)
FNDA:0,(anonymous_25)
FNDA:0,(anonymous_26)
FNDA:0,(anonymous_27)
FNDA:0,(anonymous_28)
FNDA:0,(anonymous_29)
FNDA:0,(anonymous_30)
FNDA:0,(anonymous_31)
FNDA:0,(anonymous_32)
FNDA:0,(anonymous_33)
FNDA:0,(anonymous_34)
DA:9,0
DA:10,0
DA:11,0
DA:12,0
DA:13,0
DA:14,0
DA:15,0
DA:16,0
DA:17,0
DA:18,0
DA:19,0
DA:20,0
DA:21,0
DA:22,0
DA:23,0
DA:24,0
DA:26,0
DA:28,0
DA:29,0
DA:30,0
DA:31,0
DA:32,0
DA:33,0
DA:34,0
DA:38,0
DA:39,0
DA:40,0
DA:42,0
DA:43,0
DA:46,0
DA:48,0
DA:52,0
DA:53,0
DA:54,0
DA:55,0
DA:56,0
DA:57,0
DA:61,0
DA:63,0
DA:64,0
DA:65,0
DA:70,0
DA:74,0
DA:75,0
DA:78,0
DA:79,0
DA:80,0
DA:81,0
DA:82,0
DA:83,0
DA:89,0
DA:90,0
DA:91,0
DA:92,0
DA:93,0
DA:95,0
DA:99,0
DA:100,0
DA:104,0
DA:108,0
DA:109,0
DA:110,0
DA:111,0
DA:114,0
DA:115,0
DA:116,0
DA:117,0
DA:120,0
DA:121,0
DA:122,0
DA:123,0
DA:124,0
DA:125,0
DA:131,0
DA:134,0
DA:135,0
DA:136,0
DA:138,0
DA:139,0
DA:143,0
DA:147,0
DA:148,0
DA:149,0
DA:150,0
DA:153,0
DA:154,0
DA:155,0
DA:157,0
DA:158,0
DA:162,0
DA:163,0
DA:165,0
DA:167,0
DA:169,0
DA:171,0
DA:173,0
DA:177,0
DA:178,0
DA:180,0
DA:182,0
DA:184,0
DA:186,0
DA:188,0
DA:192,0
DA:193,0
DA:195,0
DA:197,0
DA:199,0
DA:201,0
DA:205,0
DA:206,0
DA:212,0
DA:213,0
DA:217,0
DA:218,0
DA:219,0
DA:220,0
DA:221,0
DA:226,0
DA:227,0
DA:230,0
DA:234,0
DA:235,0
DA:239,0
DA:243,0
DA:280,0
DA:299,0
DA:312,0
DA:369,0
DA:386,0
DA:393,0
DA:405,0
DA:412,0
DA:457,0
DA:464,0
DA:467,0
DA:474,0
DA:477,0
DA:511,0
DA:553,0
LF:140
LH:0
BRDA:33,0,0,0
BRDA:33,0,1,0
BRDA:56,1,0,0
BRDA:56,1,1,0
BRDA:63,2,0,0
BRDA:63,2,1,0
BRDA:64,3,0,0
BRDA:64,3,1,0
BRDA:139,4,0,0
BRDA:139,4,1,0
BRDA:163,5,0,0
BRDA:163,5,1,0
BRDA:163,5,2,0
BRDA:163,5,3,0
BRDA:163,5,4,0
BRDA:178,6,0,0
BRDA:178,6,1,0
BRDA:178,6,2,0
BRDA:178,6,3,0
BRDA:178,6,4,0
BRDA:193,7,0,0
BRDA:193,7,1,0
BRDA:193,7,2,0
BRDA:193,7,3,0
BRDA:212,8,0,0
BRDA:212,8,1,0
BRDA:230,9,0,0
BRDA:230,9,1,0
BRDA:234,10,0,0
BRDA:234,10,1,0
BRDA:235,11,0,0
BRDA:235,11,1,0
BRDA:255,12,0,0
BRDA:255,12,1,0
BRDA:260,13,0,0
BRDA:260,13,1,0
BRDA:278,14,0,0
BRDA:278,14,1,0
BRDA:289,15,0,0
BRDA:289,15,1,0
BRDA:324,16,0,0
BRDA:324,16,1,0
BRDA:352,17,0,0
BRDA:352,17,1,0
BRDA:367,18,0,0
BRDA:367,18,1,0
BRDA:378,19,0,0
BRDA:378,19,1,0
BRDA:384,20,0,0
BRDA:384,20,1,0
BRDA:395,21,0,0
BRDA:395,21,1,0
BRDA:403,22,0,0
BRDA:403,22,1,0
BRDA:414,23,0,0
BRDA:414,23,1,0
BRDA:425,24,0,0
BRDA:425,24,1,0
BRDA:450,25,0,0
BRDA:450,25,1,0
BRDA:459,26,0,0
BRDA:459,26,1,0
BRDA:469,27,0,0
BRDA:469,27,1,0
BRDA:479,28,0,0
BRDA:479,28,1,0
BRDA:488,29,0,0
BRDA:488,29,1,0
BRDA:493,30,0,0
BRDA:493,30,1,0
BRDA:497,31,0,0
BRDA:497,31,1,0
BRDA:500,32,0,0
BRDA:500,32,1,0
BRDA:502,33,0,0
BRDA:502,33,1,0
BRDA:517,34,0,0
BRDA:517,34,1,0
BRDA:521,35,0,0
BRDA:521,35,1,0
BRDA:545,36,0,0
BRDA:545,36,1,0
BRDA:558,37,0,0
BRDA:558,37,1,0
BRF:84
BRH:0
end_of_record
TN:
SF:src\pages\ReviewManagement.js
FN:9,(anonymous_0)
FN:24,(anonymous_1)
FN:28,(anonymous_2)
FN:64,(anonymous_3)
FN:96,(anonymous_4)
FN:97,(anonymous_5)
FN:101,(anonymous_6)
FN:106,(anonymous_7)
FN:116,(anonymous_8)
FN:141,(anonymous_9)
FN:222,(anonymous_10)
FN:240,(anonymous_11)
FN:258,(anonymous_12)
FN:290,(anonymous_13)
FN:336,(anonymous_14)
FN:356,(anonymous_15)
FN:356,(anonymous_16)
FN:363,(anonymous_17)
FN:363,(anonymous_18)
FNF:19
FNH:0
FNDA:0,(anonymous_0)
FNDA:0,(anonymous_1)
FNDA:0,(anonymous_2)
FNDA:0,(anonymous_3)
FNDA:0,(anonymous_4)
FNDA:0,(anonymous_5)
FNDA:0,(anonymous_6)
FNDA:0,(anonymous_7)
FNDA:0,(anonymous_8)
FNDA:0,(anonymous_9)
FNDA:0,(anonymous_10)
FNDA:0,(anonymous_11)
FNDA:0,(anonymous_12)
FNDA:0,(anonymous_13)
FNDA:0,(anonymous_14)
FNDA:0,(anonymous_15)
FNDA:0,(anonymous_16)
FNDA:0,(anonymous_17)
FNDA:0,(anonymous_18)
DA:9,1
DA:10,0
DA:11,0
DA:12,0
DA:13,0
DA:17,0
DA:18,0
DA:19,0
DA:20,0
DA:22,0
DA:24,0
DA:25,0
DA:28,0
DA:29,0
DA:30,0
DA:31,0
DA:33,0
DA:39,0
DA:40,0
DA:42,0
DA:50,0
DA:51,0
DA:52,0
DA:55,0
DA:56,0
DA:60,0
DA:64,0
DA:65,0
DA:71,0
DA:72,0
DA:75,0
DA:76,0
DA:77,0
DA:84,0
DA:87,0
DA:89,0
DA:90,0
DA:96,0
DA:97,0
DA:98,0
DA:101,0
DA:102,0
DA:103,0
DA:106,0
DA:107,0
DA:116,0
DA:117,0
DA:118,0
DA:119,0
DA:122,0
DA:141,0
DA:222,0
DA:240,0
DA:259,0
DA:291,0
DA:336,0
DA:356,0
DA:363,0
LF:58
LH:1
BRDA:39,0,0,0
BRDA:39,0,1,0
BRDA:40,1,0,0
BRDA:40,1,1,0
BRDA:71,2,0,0
BRDA:71,2,1,0
BRDA:117,3,0,0
BRDA:117,3,1,0
BRDA:118,4,0,0
BRDA:118,4,1,0
BRDA:146,5,0,0
BRDA:146,5,1,0
BRDA:157,6,0,0
BRDA:157,6,1,0
BRDA:168,7,0,0
BRDA:168,7,1,0
BRDA:179,8,0,0
BRDA:179,8,1,0
BRDA:189,9,0,0
BRDA:189,9,1,0
BRDA:197,10,0,0
BRDA:197,10,1,0
BRDA:255,11,0,0
BRDA:255,11,1,0
BRDA:272,12,0,0
BRDA:272,12,1,0
BRDA:277,13,0,0
BRDA:277,13,1,0
BRDA:277,14,0,0
BRDA:277,14,1,0
BRDA:287,15,0,0
BRDA:287,15,1,0
BRDA:299,16,0,0
BRDA:299,16,1,0
BRDA:318,17,0,0
BRDA:318,17,1,0
BRDA:318,17,2,0
BRDA:349,18,0,0
BRDA:349,18,1,0
BRF:39
BRH:0
end_of_record
TN:
SF:src\pages\UserManagement.js
FN:8,(anonymous_0)
FN:15,(anonymous_1)
FN:19,(anonymous_2)
FN:33,(anonymous_3)
FN:55,(anonymous_4)
FN:67,(anonymous_5)
FN:86,(anonymous_6)
FN:120,(anonymous_7)
FN:130,(anonymous_8)
FN:139,(anonymous_9)
FN:167,(anonymous_10)
FN:175,(anonymous_11)
FNF:12
FNH:0
FNDA:0,(anonymous_0)
FNDA:0,(anonymous_1)
FNDA:0,(anonymous_2)
FNDA:0,(anonymous_3)
FNDA:0,(anonymous_4)
FNDA:0,(anonymous_5)
FNDA:0,(anonymous_6)
FNDA:0,(anonymous_7)
FNDA:0,(anonymous_8)
FNDA:0,(anonymous_9)
FNDA:0,(anonymous_10)
FNDA:0,(anonymous_11)
DA:8,0
DA:9,0
DA:10,0
DA:11,0
DA:13,0
DA:15,0
DA:16,0
DA:19,0
DA:20,0
DA:21,0
DA:26,0
DA:28,0
DA:29,0
DA:33,0
DA:34,0
DA:35,0
DA:44,0
DA:48,0
DA:49,0
DA:55,0
DA:56,0
DA:62,0
DA:63,0
DA:67,0
DA:68,0
DA:69,0
DA:74,0
DA:75,0
DA:79,0
DA:80,0
DA:86,0
DA:87,0
DA:91,0
DA:120,0
DA:130,0
DA:140,0
DA:167,0
DA:175,0
LF:38
LH:0
BRDA:28,0,0,0
BRDA:28,0,1,0
BRDA:49,1,0,0
BRDA:49,1,1,0
BRDA:62,2,0,0
BRDA:62,2,1,0
BRDA:87,3,0,0
BRDA:87,3,1,0
BRDA:104,4,0,0
BRDA:104,4,1,0
BRDA:138,5,0,0
BRDA:138,5,1,0
BRDA:153,6,0,0
BRDA:153,6,1,0
BRDA:172,7,0,0
BRDA:172,7,1,0
BRF:16
BRH:0
end_of_record
TN:
SF:src\utils\auth.js
FN:4,(anonymous_0)
FN:7,(anonymous_1)
FN:10,(anonymous_2)
FN:13,(anonymous_3)
FN:27,(anonymous_4)
FN:36,(anonymous_5)
FNF:6
FNH:5
FNDA:7,(anonymous_0)
FNDA:3,(anonymous_1)
FNDA:1,(anonymous_2)
FNDA:2,(anonymous_3)
FNDA:1,(anonymous_4)
FNDA:0,(anonymous_5)
DA:4,7
DA:7,4
DA:10,4
DA:13,4
DA:14,2
DA:15,2
DA:17,2
DA:18,2
DA:20,0
DA:21,0
DA:22,0
DA:27,4
DA:28,1
DA:29,1
DA:31,1
DA:32,1
DA:36,4
DA:37,0
DA:38,0
DA:39,0
LF:20
LH:14
BRDA:15,0,0,0
BRDA:15,0,1,2
BRDA:29,1,0,0
BRDA:29,1,1,1
BRDA:39,2,0,0
BRDA:39,2,1,0
BRF:6
BRH:2
end_of_record
